#
# A fatal error has been detected by the Java Runtime Environment:
#
#  EXCEPTION_ACCESS_VIOLATION (0xc0000005) at pc=0x00007ffdb57a3019, pid=11072, tid=10280
#
# JRE version: OpenJDK Runtime Environment (15.0.2+7) (build 15.0.2+7-27)
# Java VM: OpenJDK 64-Bit Server VM (15.0.2+7-27, mixed mode, sharing, tiered, compressed oops, g1 gc, windows-amd64)
# Problematic frame:
# C  [ig11icd64.dll+0x593019]
#
# No core dump will be written. Minidumps are not enabled by default on client versions of Windows
#
# If you would like to submit a bug report, please visit:
#   https://bugreport.java.com/bugreport/crash.jsp
#

---------------  S U M M A R Y ------------

Command Line: -Dfile.encoding=windows-1252 -Duser.country=CH -Duser.language=de -Duser.variant ch.bbw.gameboy.impl.GameBbwoy

Host: Intel(R) Core(TM) i7-1065G7 CPU @ 1.30GHz, 8 cores, 15G,  Windows 10 , 64 bit Build 19041 (10.0.19041.804)
Time: Mon Apr 12 08:21:56 2021 Mitteleuropäische Sommerzeit elapsed time: 1.404171 seconds (0d 0h 0m 1s)

---------------  T H R E A D  ---------------

Current thread (0x00000226461665f0):  VMThread "VM Thread" [stack: 0x000000446e400000,0x000000446e500000] [id=10280]

Stack: [0x000000446e400000,0x000000446e500000],  sp=0x000000446e4fe2d0,  free space=1016k
Native frames: (J=compiled Java code, j=interpreted, Vv=VM code, C=native code)
C  [ig11icd64.dll+0x593019]


siginfo: EXCEPTION_ACCESS_VIOLATION (0xc0000005), reading address 0x00000000000352d8


Register to memory mapping:

RIP=0x00007ffdb57a3019 ig11icd64.dll
RAX=0x00000226503517c8 points into unknown readable memory: 0x000000000000004b | 4b 00 00 00 00 00 00 00
RBX=0x00000226503516c0 points into unknown readable memory: 0x000002264fbbac00 | 00 ac bb 4f 26 02 00 00
RCX=0x0 is NULL
RDX=0x0000022650351788 points into unknown readable memory: 0x0000000000000000 | 00 00 00 00 00 00 00 00
RSP=0x000000446e4fe2d0 points into unknown readable memory: 0x0000022646ea4cb0 | b0 4c ea 46 26 02 00 00
RBP=0x0000022650353db0 points into unknown readable memory: 0x000002264fbbac00 | 00 ac bb 4f 26 02 00 00
RSI=0x0000022650351bd0 points into unknown readable memory: 0x0000022650353db0 | b0 3d 35 50 26 02 00 00
RDI=0x000002264ff95ce0 points into unknown readable memory: 0x0000000000000000 | 00 00 00 00 00 00 00 00
R8 =0x0000000000000030 is an unknown value
R9 =0x0 is NULL
R10=0x0 is NULL
R11=0x0000000000000246 is an unknown value
R12=0x0 is NULL
R13=0x0 is NULL
R14=0x0 is NULL
R15=0x0 is NULL


Registers:
RAX=0x00000226503517c8, RBX=0x00000226503516c0, RCX=0x0000000000000000, RDX=0x0000022650351788
RSP=0x000000446e4fe2d0, RBP=0x0000022650353db0, RSI=0x0000022650351bd0, RDI=0x000002264ff95ce0
R8 =0x0000000000000030, R9 =0x0000000000000000, R10=0x0000000000000000, R11=0x0000000000000246
R12=0x0000000000000000, R13=0x0000000000000000, R14=0x0000000000000000, R15=0x0000000000000000
RIP=0x00007ffdb57a3019, EFLAGS=0x0000000000010202

Top of Stack: (sp=0x000000446e4fe2d0)
0x000000446e4fe2d0:   0000022646ea4cb0 000000446e4fe700
0x000000446e4fe2e0:   000000446e4fe318 0000005400000000
0x000000446e4fe2f0:   00007ffdb61536e0 000000000000004e
0x000000446e4fe300:   00000226500f6f70 0000000000000060
0x000000446e4fe310:   0000000000000000 00007ffdb5784fc4
0x000000446e4fe320:   0000022646ea4cb0 000002264ff95ce0
0x000000446e4fe330:   000000446e4fe420 0000000000000000
0x000000446e4fe340:   00000000000029cc 0000000000000000
0x000000446e4fe350:   0000000000000070 0000000000000000
0x000000446e4fe360:   0000000000000000 0000000000000000
0x000000446e4fe370:   0000000000000000 0000000000000000
0x000000446e4fe380:   0000000000000000 0000000000000000
0x000000446e4fe390:   0000000000000000 0000000000000000
0x000000446e4fe3a0:   0000000000000000 0000000000000000
0x000000446e4fe3b0:   0000000000000000 0000000000000000
0x000000446e4fe3c0:   0000b802008a0000 00000000000029cc 

Instructions: (pc=0x00007ffdb57a3019)
0x00007ffdb57a2f19:   30 44 38 24 01 75 05 e8 33 25 f9 ff 65 48 8b 04
0x00007ffdb57a2f29:   25 58 00 00 00 41 be 08 00 00 00 48 8b 04 30 4d
0x00007ffdb57a2f39:   8b 34 06 48 85 ed 0f 84 6f 03 00 00 66 66 66 0f
0x00007ffdb57a2f49:   1f 84 00 00 00 00 00 48 8b dd 48 8d b5 10 05 00
0x00007ffdb57a2f59:   00 48 8b 2e 45 84 ff 74 1d 48 8b 0b 48 8b d3 80
0x00007ffdb57a2f69:   bb 62 05 00 00 00 0f 85 f2 02 00 00 e8 06 6c fe
0x00007ffdb57a2f79:   ff e9 f4 02 00 00 8b 8f d0 01 00 00 48 8b 05 c4
0x00007ffdb57a2f89:   7d 8b 00 83 b8 54 03 00 00 02 0f 85 f4 00 00 00
0x00007ffdb57a2f99:   48 8d 93 c8 00 00 00 83 f9 10 73 04 8b c1 eb 56
0x00007ffdb57a2fa9:   44 8d 41 f0 41 8b c0 c1 e8 04 83 f8 03 73 20 0f
0x00007ffdb57a2fb9:   ae e8 41 83 e0 0f 4c 8b 8c c2 00 04 00 00 4d 85
0x00007ffdb57a2fc9:   c9 74 25 41 8b c0 48 c1 e0 06 49 03 c1 eb 2e 48
0x00007ffdb57a2fd9:   8b 82 18 04 00 00 48 85 c0 74 0d 39 08 74 29 48
0x00007ffdb57a2fe9:   8b 40 48 48 85 c0 75 f3 80 ba 20 04 00 00 00 74
0x00007ffdb57a2ff9:   1d 8b c1 83 e0 0f 48 c1 e0 06 48 03 c2 48 85 c0
0x00007ffdb57a3009:   74 0c 48 8b 48 08 eb 08 48 83 c0 08 eb ef 33 c9
0x00007ffdb57a3019:   49 3b 8e d8 52 03 00 76 6b 48 8b 87 80 02 00 00
0x00007ffdb57a3029:   48 89 06 48 89 9f 80 02 00 00 ff 87 88 02 00 00
0x00007ffdb57a3039:   48 8b 4b 08 48 8b 01 ba 01 00 00 00 48 8b 80 e0
0x00007ffdb57a3049:   02 00 00 ff 15 ae 35 58 00 0f b7 c8 48 2b c1 48
0x00007ffdb57a3059:   05 00 00 01 00 48 01 87 90 02 00 00 48 8b 4b 08
0x00007ffdb57a3069:   48 8b 01 ba 01 00 00 00 48 8b 80 e0 02 00 00 ff
0x00007ffdb57a3079:   15 82 35 58 00 48 01 87 a0 02 00 00 41 b4 01 e9
0x00007ffdb57a3089:   e6 01 00 00 44 8b 9f d0 01 00 00 48 8b 87 e8 01
0x00007ffdb57a3099:   00 00 4c 8b 10 8b 8f d0 01 00 00 48 8d 93 c8 00
0x00007ffdb57a30a9:   00 00 83 f9 10 73 04 8b c1 eb 57 44 8d 41 f0 41
0x00007ffdb57a30b9:   8b c0 c1 e8 04 83 f8 03 73 20 0f ae e8 41 83 e0
0x00007ffdb57a30c9:   0f 4c 8b 8c c2 00 04 00 00 4d 85 c9 74 26 41 8b
0x00007ffdb57a30d9:   c0 48 c1 e0 06 49 03 c1 eb 2f 48 8b 82 18 04 00
0x00007ffdb57a30e9:   00 48 85 c0 74 0e 90 39 08 74 3c 48 8b 40 48 48
0x00007ffdb57a30f9:   85 c0 75 f3 80 ba 20 04 00 00 00 74 1b 8b c1 83
0x00007ffdb57a3109:   e0 0f 48 c1 e0 06 48 03 c2 48 85 c0 74 0a 4c 39 


Stack slot to memory mapping:
stack at sp + 0 slots: 0x0000022646ea4cb0 points into unknown readable memory: 0xffffffffffffffff | ff ff ff ff ff ff ff ff
stack at sp + 1 slots: 0x000000446e4fe700 points into unknown readable memory: 0x0000000000000b10 | 10 0b 00 00 00 00 00 00
stack at sp + 2 slots: 0x000000446e4fe318 points into unknown readable memory: 0x00007ffdb5784fc4 | c4 4f 78 b5 fd 7f 00 00
stack at sp + 3 slots: 0x0000005400000000 is an unknown value
stack at sp + 4 slots: 0x00007ffdb61536e0 ig11icd64.dll
stack at sp + 5 slots: 0x000000000000004e is an unknown value
stack at sp + 6 slots: 0x00000226500f6f70 points into unknown readable memory: 0x0000000700000000 | 00 00 00 00 07 00 00 00
stack at sp + 7 slots: 0x0000000000000060 is an unknown value

VM_Operation (0x000000446deff3a0): Exit, mode: safepoint, requested by thread 0x0000022622b7fb50


---------------  P R O C E S S  ---------------

Threads class SMR info:
_java_thread_list=0x0000022654cacf50, length=17, elements={
0x0000022622b7fb50, 0x0000022646169e80, 0x000002264616ca60, 0x0000022646ab8370,
0x0000022646ab8e20, 0x0000022646aba8e0, 0x0000022646ac3ad0, 0x0000022646acb8b0,
0x0000022646ad00e0, 0x0000022646be6ef0, 0x0000022646c12f40, 0x0000022646e271c0,
0x0000022646e296a0, 0x0000022646eae8d0, 0x0000022654cda610, 0x0000022654dc9370,
0x0000022646ac9030
}

Java Threads: ( => current thread )
  0x0000022622b7fb50 JavaThread "main" [_thread_blocked, id=13568, stack(0x000000446de00000,0x000000446df00000)]
  0x0000022646169e80 JavaThread "Reference Handler" daemon [_thread_blocked, id=3784, stack(0x000000446e500000,0x000000446e600000)]
  0x000002264616ca60 JavaThread "Finalizer" daemon [_thread_blocked, id=19712, stack(0x000000446e600000,0x000000446e700000)]
  0x0000022646ab8370 JavaThread "Signal Dispatcher" daemon [_thread_blocked, id=18720, stack(0x000000446e700000,0x000000446e800000)]
  0x0000022646ab8e20 JavaThread "Attach Listener" daemon [_thread_blocked, id=6672, stack(0x000000446e800000,0x000000446e900000)]
  0x0000022646aba8e0 JavaThread "Service Thread" daemon [_thread_blocked, id=14000, stack(0x000000446e900000,0x000000446ea00000)]
  0x0000022646ac3ad0 JavaThread "C2 CompilerThread0" daemon [_thread_blocked, id=12616, stack(0x000000446ea00000,0x000000446eb00000)]
  0x0000022646acb8b0 JavaThread "C1 CompilerThread0" daemon [_thread_blocked, id=21832, stack(0x000000446eb00000,0x000000446ec00000)]
  0x0000022646ad00e0 JavaThread "Sweeper thread" daemon [_thread_blocked, id=21700, stack(0x000000446ec00000,0x000000446ed00000)]
  0x0000022646be6ef0 JavaThread "Notification Thread" daemon [_thread_blocked, id=26460, stack(0x000000446ed00000,0x000000446ee00000)]
  0x0000022646c12f40 JavaThread "Common-Cleaner" daemon [_thread_blocked, id=24316, stack(0x000000446ef00000,0x000000446f000000)]
  0x0000022646e271c0 JavaThread "Java2D Disposer" daemon [_thread_blocked, id=26980, stack(0x000000446f000000,0x000000446f100000)]
  0x0000022646e296a0 JavaThread "AWT-Shutdown" [_thread_blocked, id=26716, stack(0x000000446f100000,0x000000446f200000)]
  0x0000022646eae8d0 JavaThread "Java2D Queue Flusher" daemon [_thread_blocked, id=21748, stack(0x000000446f300000,0x000000446f400000)]
  0x0000022654cda610 JavaThread "AWT-EventQueue-0" [_thread_blocked, id=7628, stack(0x000000446f700000,0x000000446f800000)]
  0x0000022654dc9370 JavaThread "pool-1-thread-1" [_thread_blocked, id=9116, stack(0x000000446f800000,0x000000446f900000)]
  0x0000022646ac9030 JavaThread "C2 CompilerThread1" daemon [_thread_blocked, id=14408, stack(0x000000446fe00000,0x000000446ff00000)]

Other Threads:
=>0x00000226461665f0 VMThread "VM Thread" [stack: 0x000000446e400000,0x000000446e500000] [id=10280]
  0x0000022622bd0c20 GCTaskThread "GC Thread#0" [stack: 0x000000446df00000,0x000000446e000000] [id=5164]
  0x000002264ff95020 GCTaskThread "GC Thread#1" [stack: 0x000000446f900000,0x000000446fa00000] [id=25508]
  0x000002264ff936a0 GCTaskThread "GC Thread#2" [stack: 0x000000446fa00000,0x000000446fb00000] [id=244]
  0x000002264ff949c0 GCTaskThread "GC Thread#3" [stack: 0x000000446fb00000,0x000000446fc00000] [id=23572]
  0x000002264ff96340 GCTaskThread "GC Thread#4" [stack: 0x000000446fc00000,0x000000446fd00000] [id=25956]
  0x000002264ff93370 GCTaskThread "GC Thread#5" [stack: 0x000000446fd00000,0x000000446fe00000] [id=9704]
  0x0000022622be19f0 ConcurrentGCThread "G1 Main Marker" [stack: 0x000000446e000000,0x000000446e100000] [id=24704]
  0x0000022622be25e0 ConcurrentGCThread "G1 Conc#0" [stack: 0x000000446e100000,0x000000446e200000] [id=11084]
  0x0000022645fe20c0 ConcurrentGCThread "G1 Refine#0" [stack: 0x000000446e200000,0x000000446e300000] [id=2540]
  0x0000022645fe3a10 ConcurrentGCThread "G1 Young RemSet Sampling" [stack: 0x000000446e300000,0x000000446e400000] [id=25312]

Threads with active compile tasks:

VM state: at safepoint (shutting down)

VM Mutex/Monitor currently owned by a thread:  ([mutex/lock_event])
[0x0000022622b7a100] Threads_lock - owner thread: 0x00000226461665f0
[0x0000022622b7b930] Heap_lock - owner thread: 0x0000022622b7fb50

Heap address: 0x0000000703800000, size: 4040 MB, Compressed Oops mode: Zero based, Oop shift amount: 3
CDS archive(s) mapped at: [0x0000000800000000-0x0000000800b50000-0x0000000800b50000), size 11862016, SharedBaseAddress: 0x0000000800000000, ArchiveRelocationMode: 0.
Compressed class space mapped at: 0x0000000800b50000-0x0000000840b50000, size: 1073741824
Narrow klass base: 0x0000000800000000, Narrow klass shift: 3, Narrow klass range: 0x100000000

GC Precious Log:
 CPUs: 8 total, 8 available
 Memory: 16159M
 Large Page Support: Disabled
 NUMA Support: Disabled
 Compressed Oops: Enabled (Zero based)
 Heap Region Size: 2M
 Heap Min Capacity: 8M
 Heap Initial Capacity: 254M
 Heap Max Capacity: 4040M
 Pre-touch: Disabled
 Parallel Workers: 8
 Concurrent Workers: 2
 Concurrent Refinement Workers: 8
 Periodic GC: Disabled

Heap:
 garbage-first heap   total 313344K, used 70525K [0x0000000703800000, 0x0000000800000000)
  region size 2048K, 27 young (55296K), 2 survivors (4096K)
 Metaspace       used 7417K, capacity 7596K, committed 7936K, reserved 1056768K
  class space    used 823K, capacity 898K, committed 1024K, reserved 1048576K

Heap Regions: E=young(eden), S=young(survivor), O=old, HS=humongous(starts), HC=humongous(continues), CS=collection set, F=free, OA=open archive, CA=closed archive, TAMS=top-at-mark-start (previous, next)
|   0|0x0000000703800000, 0x0000000703800000, 0x0000000703a00000|  0%| F|  |TAMS 0x0000000703800000, 0x0000000703800000| Untracked 
|   1|0x0000000703a00000, 0x0000000703c00000, 0x0000000703c00000|100%|HS|  |TAMS 0x0000000703a00000, 0x0000000703a00000| Complete 
|   2|0x0000000703c00000, 0x0000000703c00000, 0x0000000703e00000|  0%| F|  |TAMS 0x0000000703c00000, 0x0000000703c00000| Untracked 
|   3|0x0000000703e00000, 0x0000000703e00000, 0x0000000704000000|  0%| F|  |TAMS 0x0000000703e00000, 0x0000000703e00000| Untracked 
|   4|0x0000000704000000, 0x0000000704000000, 0x0000000704200000|  0%| F|  |TAMS 0x0000000704000000, 0x0000000704000000| Untracked 
|   5|0x0000000704200000, 0x0000000704400000, 0x0000000704400000|100%|HS|  |TAMS 0x0000000704200000, 0x0000000704200000| Complete 
|   6|0x0000000704400000, 0x0000000704600000, 0x0000000704600000|100%|HC|  |TAMS 0x0000000704400000, 0x0000000704400000| Complete 
|   7|0x0000000704600000, 0x0000000704800000, 0x0000000704800000|100%|HC|  |TAMS 0x0000000704600000, 0x0000000704600000| Complete 
|   8|0x0000000704800000, 0x0000000704a00000, 0x0000000704a00000|100%|HC|  |TAMS 0x0000000704800000, 0x0000000704800000| Complete 
|   9|0x0000000704a00000, 0x0000000704c00000, 0x0000000704c00000|100%|HS|  |TAMS 0x0000000704a00000, 0x0000000704a00000| Complete 
|  10|0x0000000704c00000, 0x0000000704e00000, 0x0000000704e00000|100%|HC|  |TAMS 0x0000000704c00000, 0x0000000704c00000| Complete 
|  11|0x0000000704e00000, 0x0000000705000000, 0x0000000705000000|100%|HS|  |TAMS 0x0000000704e00000, 0x0000000704e00000| Complete 
|  12|0x0000000705000000, 0x0000000705200000, 0x0000000705200000|100%|HC|  |TAMS 0x0000000705000000, 0x0000000705000000| Complete 
|  13|0x0000000705200000, 0x0000000705200000, 0x0000000705400000|  0%| F|  |TAMS 0x0000000705200000, 0x0000000705200000| Untracked 
|  14|0x0000000705400000, 0x0000000705400000, 0x0000000705600000|  0%| F|  |TAMS 0x0000000705400000, 0x0000000705400000| Untracked 
|  15|0x0000000705600000, 0x0000000705600000, 0x0000000705800000|  0%| F|  |TAMS 0x0000000705600000, 0x0000000705600000| Untracked 
|  16|0x0000000705800000, 0x0000000705800000, 0x0000000705a00000|  0%| F|  |TAMS 0x0000000705800000, 0x0000000705800000| Untracked 
|  17|0x0000000705a00000, 0x0000000705a00000, 0x0000000705c00000|  0%| F|  |TAMS 0x0000000705a00000, 0x0000000705a00000| Untracked 
|  18|0x0000000705c00000, 0x0000000705c00000, 0x0000000705e00000|  0%| F|  |TAMS 0x0000000705c00000, 0x0000000705c00000| Untracked 
|  19|0x0000000705e00000, 0x0000000705e00000, 0x0000000706000000|  0%| F|  |TAMS 0x0000000705e00000, 0x0000000705e00000| Untracked 
|  20|0x0000000706000000, 0x0000000706000000, 0x0000000706200000|  0%| F|  |TAMS 0x0000000706000000, 0x0000000706000000| Untracked 
|  21|0x0000000706200000, 0x0000000706200000, 0x0000000706400000|  0%| F|  |TAMS 0x0000000706200000, 0x0000000706200000| Untracked 
|  22|0x0000000706400000, 0x0000000706400000, 0x0000000706600000|  0%| F|  |TAMS 0x0000000706400000, 0x0000000706400000| Untracked 
|  23|0x0000000706600000, 0x0000000706600000, 0x0000000706800000|  0%| F|  |TAMS 0x0000000706600000, 0x0000000706600000| Untracked 
|  24|0x0000000706800000, 0x0000000706800000, 0x0000000706a00000|  0%| F|  |TAMS 0x0000000706800000, 0x0000000706800000| Untracked 
|  25|0x0000000706a00000, 0x0000000706a00000, 0x0000000706c00000|  0%| F|  |TAMS 0x0000000706a00000, 0x0000000706a00000| Untracked 
|  26|0x0000000706c00000, 0x0000000706c00000, 0x0000000706e00000|  0%| F|  |TAMS 0x0000000706c00000, 0x0000000706c00000| Untracked 
|  27|0x0000000706e00000, 0x0000000706e00000, 0x0000000707000000|  0%| F|  |TAMS 0x0000000706e00000, 0x0000000706e00000| Untracked 
|  28|0x0000000707000000, 0x0000000707000000, 0x0000000707200000|  0%| F|  |TAMS 0x0000000707000000, 0x0000000707000000| Untracked 
|  29|0x0000000707200000, 0x0000000707200000, 0x0000000707400000|  0%| F|  |TAMS 0x0000000707200000, 0x0000000707200000| Untracked 
|  30|0x0000000707400000, 0x0000000707400000, 0x0000000707600000|  0%| F|  |TAMS 0x0000000707400000, 0x0000000707400000| Untracked 
|  31|0x0000000707600000, 0x0000000707600000, 0x0000000707800000|  0%| F|  |TAMS 0x0000000707600000, 0x0000000707600000| Untracked 
|  32|0x0000000707800000, 0x0000000707800000, 0x0000000707a00000|  0%| F|  |TAMS 0x0000000707800000, 0x0000000707800000| Untracked 
|  33|0x0000000707a00000, 0x0000000707a00000, 0x0000000707c00000|  0%| F|  |TAMS 0x0000000707a00000, 0x0000000707a00000| Untracked 
|  34|0x0000000707c00000, 0x0000000707c00000, 0x0000000707e00000|  0%| F|  |TAMS 0x0000000707c00000, 0x0000000707c00000| Untracked 
|  35|0x0000000707e00000, 0x0000000707e00000, 0x0000000708000000|  0%| F|  |TAMS 0x0000000707e00000, 0x0000000707e00000| Untracked 
|  36|0x0000000708000000, 0x0000000708000000, 0x0000000708200000|  0%| F|  |TAMS 0x0000000708000000, 0x0000000708000000| Untracked 
|  37|0x0000000708200000, 0x0000000708200000, 0x0000000708400000|  0%| F|  |TAMS 0x0000000708200000, 0x0000000708200000| Untracked 
|  38|0x0000000708400000, 0x0000000708400000, 0x0000000708600000|  0%| F|  |TAMS 0x0000000708400000, 0x0000000708400000| Untracked 
|  39|0x0000000708600000, 0x0000000708600000, 0x0000000708800000|  0%| F|  |TAMS 0x0000000708600000, 0x0000000708600000| Untracked 
|  40|0x0000000708800000, 0x0000000708800000, 0x0000000708a00000|  0%| F|  |TAMS 0x0000000708800000, 0x0000000708800000| Untracked 
|  41|0x0000000708a00000, 0x0000000708a00000, 0x0000000708c00000|  0%| F|  |TAMS 0x0000000708a00000, 0x0000000708a00000| Untracked 
|  42|0x0000000708c00000, 0x0000000708c00000, 0x0000000708e00000|  0%| F|  |TAMS 0x0000000708c00000, 0x0000000708c00000| Untracked 
|  43|0x0000000708e00000, 0x0000000708e00000, 0x0000000709000000|  0%| F|  |TAMS 0x0000000708e00000, 0x0000000708e00000| Untracked 
|  44|0x0000000709000000, 0x0000000709000000, 0x0000000709200000|  0%| F|  |TAMS 0x0000000709000000, 0x0000000709000000| Untracked 
|  45|0x0000000709200000, 0x0000000709200000, 0x0000000709400000|  0%| F|  |TAMS 0x0000000709200000, 0x0000000709200000| Untracked 
|  46|0x0000000709400000, 0x0000000709400000, 0x0000000709600000|  0%| F|  |TAMS 0x0000000709400000, 0x0000000709400000| Untracked 
|  47|0x0000000709600000, 0x0000000709600000, 0x0000000709800000|  0%| F|  |TAMS 0x0000000709600000, 0x0000000709600000| Untracked 
|  48|0x0000000709800000, 0x0000000709800000, 0x0000000709a00000|  0%| F|  |TAMS 0x0000000709800000, 0x0000000709800000| Untracked 
|  49|0x0000000709a00000, 0x0000000709adf6b0, 0x0000000709c00000| 43%| S|CS|TAMS 0x0000000709a00000, 0x0000000709a00000| Complete 
|  50|0x0000000709c00000, 0x0000000709e00000, 0x0000000709e00000|100%| S|CS|TAMS 0x0000000709c00000, 0x0000000709c00000| Complete 
|  51|0x0000000709e00000, 0x0000000709e00000, 0x000000070a000000|  0%| F|  |TAMS 0x0000000709e00000, 0x0000000709e00000| Untracked 
|  52|0x000000070a000000, 0x000000070a000000, 0x000000070a200000|  0%| F|  |TAMS 0x000000070a000000, 0x000000070a000000| Untracked 
|  53|0x000000070a200000, 0x000000070a200000, 0x000000070a400000|  0%| F|  |TAMS 0x000000070a200000, 0x000000070a200000| Untracked 
|  54|0x000000070a400000, 0x000000070a400000, 0x000000070a600000|  0%| F|  |TAMS 0x000000070a400000, 0x000000070a400000| Untracked 
|  55|0x000000070a600000, 0x000000070a600000, 0x000000070a800000|  0%| F|  |TAMS 0x000000070a600000, 0x000000070a600000| Untracked 
|  56|0x000000070a800000, 0x000000070a800000, 0x000000070aa00000|  0%| F|  |TAMS 0x000000070a800000, 0x000000070a800000| Untracked 
|  57|0x000000070aa00000, 0x000000070aa00000, 0x000000070ac00000|  0%| F|  |TAMS 0x000000070aa00000, 0x000000070aa00000| Untracked 
|  58|0x000000070ac00000, 0x000000070ac00000, 0x000000070ae00000|  0%| F|  |TAMS 0x000000070ac00000, 0x000000070ac00000| Untracked 
|  59|0x000000070ae00000, 0x000000070ae00000, 0x000000070b000000|  0%| F|  |TAMS 0x000000070ae00000, 0x000000070ae00000| Untracked 
|  60|0x000000070b000000, 0x000000070b000000, 0x000000070b200000|  0%| F|  |TAMS 0x000000070b000000, 0x000000070b000000| Untracked 
|  61|0x000000070b200000, 0x000000070b200000, 0x000000070b400000|  0%| F|  |TAMS 0x000000070b200000, 0x000000070b200000| Untracked 
|  62|0x000000070b400000, 0x000000070b400000, 0x000000070b600000|  0%| F|  |TAMS 0x000000070b400000, 0x000000070b400000| Untracked 
|  63|0x000000070b600000, 0x000000070b600000, 0x000000070b800000|  0%| F|  |TAMS 0x000000070b600000, 0x000000070b600000| Untracked 
|  64|0x000000070b800000, 0x000000070b800000, 0x000000070ba00000|  0%| F|  |TAMS 0x000000070b800000, 0x000000070b800000| Untracked 
|  65|0x000000070ba00000, 0x000000070ba00000, 0x000000070bc00000|  0%| F|  |TAMS 0x000000070ba00000, 0x000000070ba00000| Untracked 
|  66|0x000000070bc00000, 0x000000070bc00000, 0x000000070be00000|  0%| F|  |TAMS 0x000000070bc00000, 0x000000070bc00000| Untracked 
|  67|0x000000070be00000, 0x000000070be00000, 0x000000070c000000|  0%| F|  |TAMS 0x000000070be00000, 0x000000070be00000| Untracked 
|  68|0x000000070c000000, 0x000000070c000000, 0x000000070c200000|  0%| F|  |TAMS 0x000000070c000000, 0x000000070c000000| Untracked 
|  69|0x000000070c200000, 0x000000070c200000, 0x000000070c400000|  0%| F|  |TAMS 0x000000070c200000, 0x000000070c200000| Untracked 
|  70|0x000000070c400000, 0x000000070c400000, 0x000000070c600000|  0%| F|  |TAMS 0x000000070c400000, 0x000000070c400000| Untracked 
|  71|0x000000070c600000, 0x000000070c600000, 0x000000070c800000|  0%| F|  |TAMS 0x000000070c600000, 0x000000070c600000| Untracked 
|  72|0x000000070c800000, 0x000000070c800000, 0x000000070ca00000|  0%| F|  |TAMS 0x000000070c800000, 0x000000070c800000| Untracked 
|  73|0x000000070ca00000, 0x000000070ca00000, 0x000000070cc00000|  0%| F|  |TAMS 0x000000070ca00000, 0x000000070ca00000| Untracked 
|  74|0x000000070cc00000, 0x000000070cc00000, 0x000000070ce00000|  0%| F|  |TAMS 0x000000070cc00000, 0x000000070cc00000| Untracked 
|  75|0x000000070ce00000, 0x000000070ce00000, 0x000000070d000000|  0%| F|  |TAMS 0x000000070ce00000, 0x000000070ce00000| Untracked 
|  76|0x000000070d000000, 0x000000070d000000, 0x000000070d200000|  0%| F|  |TAMS 0x000000070d000000, 0x000000070d000000| Untracked 
|  77|0x000000070d200000, 0x000000070d200000, 0x000000070d400000|  0%| F|  |TAMS 0x000000070d200000, 0x000000070d200000| Untracked 
|  78|0x000000070d400000, 0x000000070d400000, 0x000000070d600000|  0%| F|  |TAMS 0x000000070d400000, 0x000000070d400000| Untracked 
|  79|0x000000070d600000, 0x000000070d600000, 0x000000070d800000|  0%| F|  |TAMS 0x000000070d600000, 0x000000070d600000| Untracked 
|  80|0x000000070d800000, 0x000000070d800000, 0x000000070da00000|  0%| F|  |TAMS 0x000000070d800000, 0x000000070d800000| Untracked 
|  81|0x000000070da00000, 0x000000070da00000, 0x000000070dc00000|  0%| F|  |TAMS 0x000000070da00000, 0x000000070da00000| Untracked 
|  82|0x000000070dc00000, 0x000000070dc00000, 0x000000070de00000|  0%| F|  |TAMS 0x000000070dc00000, 0x000000070dc00000| Untracked 
|  83|0x000000070de00000, 0x000000070de00000, 0x000000070e000000|  0%| F|  |TAMS 0x000000070de00000, 0x000000070de00000| Untracked 
|  84|0x000000070e000000, 0x000000070e000000, 0x000000070e200000|  0%| F|  |TAMS 0x000000070e000000, 0x000000070e000000| Untracked 
|  85|0x000000070e200000, 0x000000070e200000, 0x000000070e400000|  0%| F|  |TAMS 0x000000070e200000, 0x000000070e200000| Untracked 
|  86|0x000000070e400000, 0x000000070e400000, 0x000000070e600000|  0%| F|  |TAMS 0x000000070e400000, 0x000000070e400000| Untracked 
|  87|0x000000070e600000, 0x000000070e600000, 0x000000070e800000|  0%| F|  |TAMS 0x000000070e600000, 0x000000070e600000| Untracked 
|  88|0x000000070e800000, 0x000000070e800000, 0x000000070ea00000|  0%| F|  |TAMS 0x000000070e800000, 0x000000070e800000| Untracked 
|  89|0x000000070ea00000, 0x000000070ea00000, 0x000000070ec00000|  0%| F|  |TAMS 0x000000070ea00000, 0x000000070ea00000| Untracked 
|  90|0x000000070ec00000, 0x000000070ec00000, 0x000000070ee00000|  0%| F|  |TAMS 0x000000070ec00000, 0x000000070ec00000| Untracked 
|  91|0x000000070ee00000, 0x000000070ee00000, 0x000000070f000000|  0%| F|  |TAMS 0x000000070ee00000, 0x000000070ee00000| Untracked 
|  92|0x000000070f000000, 0x000000070f000000, 0x000000070f200000|  0%| F|  |TAMS 0x000000070f000000, 0x000000070f000000| Untracked 
|  93|0x000000070f200000, 0x000000070f200000, 0x000000070f400000|  0%| F|  |TAMS 0x000000070f200000, 0x000000070f200000| Untracked 
|  94|0x000000070f400000, 0x000000070f400000, 0x000000070f600000|  0%| F|  |TAMS 0x000000070f400000, 0x000000070f400000| Untracked 
|  95|0x000000070f600000, 0x000000070f600000, 0x000000070f800000|  0%| F|  |TAMS 0x000000070f600000, 0x000000070f600000| Untracked 
|  96|0x000000070f800000, 0x000000070f800000, 0x000000070fa00000|  0%| F|  |TAMS 0x000000070f800000, 0x000000070f800000| Untracked 
|  97|0x000000070fa00000, 0x000000070fa00000, 0x000000070fc00000|  0%| F|  |TAMS 0x000000070fa00000, 0x000000070fa00000| Untracked 
|  98|0x000000070fc00000, 0x000000070fc00000, 0x000000070fe00000|  0%| F|  |TAMS 0x000000070fc00000, 0x000000070fc00000| Untracked 
|  99|0x000000070fe00000, 0x000000070fe00000, 0x0000000710000000|  0%| F|  |TAMS 0x000000070fe00000, 0x000000070fe00000| Untracked 
| 100|0x0000000710000000, 0x0000000710000000, 0x0000000710200000|  0%| F|  |TAMS 0x0000000710000000, 0x0000000710000000| Untracked 
| 101|0x0000000710200000, 0x0000000710200000, 0x0000000710400000|  0%| F|  |TAMS 0x0000000710200000, 0x0000000710200000| Untracked 
| 102|0x0000000710400000, 0x0000000710400000, 0x0000000710600000|  0%| F|  |TAMS 0x0000000710400000, 0x0000000710400000| Untracked 
| 103|0x0000000710600000, 0x0000000710600000, 0x0000000710800000|  0%| F|  |TAMS 0x0000000710600000, 0x0000000710600000| Untracked 
| 104|0x0000000710800000, 0x0000000710800000, 0x0000000710a00000|  0%| F|  |TAMS 0x0000000710800000, 0x0000000710800000| Untracked 
| 105|0x0000000710a00000, 0x0000000710a00000, 0x0000000710c00000|  0%| F|  |TAMS 0x0000000710a00000, 0x0000000710a00000| Untracked 
| 106|0x0000000710c00000, 0x0000000710c00000, 0x0000000710e00000|  0%| F|  |TAMS 0x0000000710c00000, 0x0000000710c00000| Untracked 
| 107|0x0000000710e00000, 0x0000000710e00000, 0x0000000711000000|  0%| F|  |TAMS 0x0000000710e00000, 0x0000000710e00000| Untracked 
| 108|0x0000000711000000, 0x0000000711000000, 0x0000000711200000|  0%| F|  |TAMS 0x0000000711000000, 0x0000000711000000| Untracked 
| 109|0x0000000711200000, 0x0000000711200000, 0x0000000711400000|  0%| F|  |TAMS 0x0000000711200000, 0x0000000711200000| Untracked 
| 110|0x0000000711400000, 0x0000000711400000, 0x0000000711600000|  0%| F|  |TAMS 0x0000000711400000, 0x0000000711400000| Untracked 
| 111|0x0000000711600000, 0x0000000711600000, 0x0000000711800000|  0%| F|  |TAMS 0x0000000711600000, 0x0000000711600000| Untracked 
| 112|0x0000000711800000, 0x0000000711800000, 0x0000000711a00000|  0%| F|  |TAMS 0x0000000711800000, 0x0000000711800000| Untracked 
| 113|0x0000000711a00000, 0x0000000711a00000, 0x0000000711c00000|  0%| F|  |TAMS 0x0000000711a00000, 0x0000000711a00000| Untracked 
| 114|0x0000000711c00000, 0x0000000711c00000, 0x0000000711e00000|  0%| F|  |TAMS 0x0000000711c00000, 0x0000000711c00000| Untracked 
| 115|0x0000000711e00000, 0x0000000711e00000, 0x0000000712000000|  0%| F|  |TAMS 0x0000000711e00000, 0x0000000711e00000| Untracked 
| 116|0x0000000712000000, 0x0000000712000000, 0x0000000712200000|  0%| F|  |TAMS 0x0000000712000000, 0x0000000712000000| Untracked 
| 117|0x0000000712200000, 0x0000000712200000, 0x0000000712400000|  0%| F|  |TAMS 0x0000000712200000, 0x0000000712200000| Untracked 
| 118|0x0000000712400000, 0x0000000712400000, 0x0000000712600000|  0%| F|  |TAMS 0x0000000712400000, 0x0000000712400000| Untracked 
| 119|0x0000000712600000, 0x0000000712600000, 0x0000000712800000|  0%| F|  |TAMS 0x0000000712600000, 0x0000000712600000| Untracked 
| 120|0x0000000712800000, 0x0000000712800000, 0x0000000712a00000|  0%| F|  |TAMS 0x0000000712800000, 0x0000000712800000| Untracked 
| 121|0x0000000712a00000, 0x0000000712a00000, 0x0000000712c00000|  0%| F|  |TAMS 0x0000000712a00000, 0x0000000712a00000| Untracked 
| 122|0x0000000712c00000, 0x0000000712c00000, 0x0000000712e00000|  0%| F|  |TAMS 0x0000000712c00000, 0x0000000712c00000| Untracked 
| 123|0x0000000712e00000, 0x0000000712e00000, 0x0000000713000000|  0%| F|  |TAMS 0x0000000712e00000, 0x0000000712e00000| Untracked 
| 124|0x0000000713000000, 0x0000000713000000, 0x0000000713200000|  0%| F|  |TAMS 0x0000000713000000, 0x0000000713000000| Untracked 
| 125|0x0000000713200000, 0x0000000713200000, 0x0000000713400000|  0%| F|  |TAMS 0x0000000713200000, 0x0000000713200000| Untracked 
| 126|0x0000000713400000, 0x0000000713400000, 0x0000000713600000|  0%| F|  |TAMS 0x0000000713400000, 0x0000000713400000| Untracked 
| 127|0x0000000713600000, 0x0000000713600000, 0x0000000713800000|  0%| F|  |TAMS 0x0000000713600000, 0x0000000713600000| Untracked 
| 128|0x0000000713800000, 0x0000000713a00000, 0x0000000713a00000|100%| E|  |TAMS 0x0000000713800000, 0x0000000713800000| Complete 
| 129|0x0000000713a00000, 0x0000000713c00000, 0x0000000713c00000|100%| E|CS|TAMS 0x0000000713a00000, 0x0000000713a00000| Complete 
| 130|0x0000000713c00000, 0x0000000713e00000, 0x0000000713e00000|100%| E|CS|TAMS 0x0000000713c00000, 0x0000000713c00000| Complete 
| 131|0x0000000713e00000, 0x0000000714000000, 0x0000000714000000|100%| E|CS|TAMS 0x0000000713e00000, 0x0000000713e00000| Complete 
| 132|0x0000000714000000, 0x0000000714200000, 0x0000000714200000|100%| E|CS|TAMS 0x0000000714000000, 0x0000000714000000| Complete 
| 133|0x0000000714200000, 0x0000000714400000, 0x0000000714400000|100%| E|CS|TAMS 0x0000000714200000, 0x0000000714200000| Complete 
| 134|0x0000000714400000, 0x0000000714600000, 0x0000000714600000|100%| E|CS|TAMS 0x0000000714400000, 0x0000000714400000| Complete 
| 135|0x0000000714600000, 0x0000000714800000, 0x0000000714800000|100%| E|CS|TAMS 0x0000000714600000, 0x0000000714600000| Complete 
| 136|0x0000000714800000, 0x0000000714a00000, 0x0000000714a00000|100%| E|CS|TAMS 0x0000000714800000, 0x0000000714800000| Complete 
| 137|0x0000000714a00000, 0x0000000714c00000, 0x0000000714c00000|100%| E|CS|TAMS 0x0000000714a00000, 0x0000000714a00000| Complete 
| 138|0x0000000714c00000, 0x0000000714e00000, 0x0000000714e00000|100%| E|CS|TAMS 0x0000000714c00000, 0x0000000714c00000| Complete 
| 139|0x0000000714e00000, 0x0000000715000000, 0x0000000715000000|100%| E|CS|TAMS 0x0000000714e00000, 0x0000000714e00000| Complete 
| 140|0x0000000715000000, 0x0000000715200000, 0x0000000715200000|100%| E|CS|TAMS 0x0000000715000000, 0x0000000715000000| Complete 
| 141|0x0000000715200000, 0x0000000715400000, 0x0000000715400000|100%| E|CS|TAMS 0x0000000715200000, 0x0000000715200000| Complete 
| 142|0x0000000715400000, 0x0000000715600000, 0x0000000715600000|100%| E|CS|TAMS 0x0000000715400000, 0x0000000715400000| Complete 
| 143|0x0000000715600000, 0x0000000715800000, 0x0000000715800000|100%| E|CS|TAMS 0x0000000715600000, 0x0000000715600000| Complete 
| 144|0x0000000715800000, 0x0000000715a00000, 0x0000000715a00000|100%| E|CS|TAMS 0x0000000715800000, 0x0000000715800000| Complete 
| 145|0x0000000715a00000, 0x0000000715c00000, 0x0000000715c00000|100%| E|CS|TAMS 0x0000000715a00000, 0x0000000715a00000| Complete 
| 146|0x0000000715c00000, 0x0000000715e00000, 0x0000000715e00000|100%| E|CS|TAMS 0x0000000715c00000, 0x0000000715c00000| Complete 
| 147|0x0000000715e00000, 0x0000000716000000, 0x0000000716000000|100%| E|CS|TAMS 0x0000000715e00000, 0x0000000715e00000| Complete 
| 148|0x0000000716000000, 0x0000000716200000, 0x0000000716200000|100%| E|CS|TAMS 0x0000000716000000, 0x0000000716000000| Complete 
| 149|0x0000000716200000, 0x0000000716400000, 0x0000000716400000|100%| E|CS|TAMS 0x0000000716200000, 0x0000000716200000| Complete 
| 150|0x0000000716400000, 0x0000000716600000, 0x0000000716600000|100%| E|CS|TAMS 0x0000000716400000, 0x0000000716400000| Complete 
| 151|0x0000000716600000, 0x0000000716800000, 0x0000000716800000|100%| E|CS|TAMS 0x0000000716600000, 0x0000000716600000| Complete 
| 152|0x0000000716800000, 0x0000000716a00000, 0x0000000716a00000|100%| E|CS|TAMS 0x0000000716800000, 0x0000000716800000| Complete 

Card table byte_map: [0x000002263a8e0000,0x000002263b0d0000] _byte_map_base: 0x00000226370c4000

Marking Bits (Prev, Next): (CMBitMap*) 0x0000022622bd1410, (CMBitMap*) 0x0000022622bd1450
 Prev Bits: [0x000002263b8c0000, 0x000002263f7e0000)
 Next Bits: [0x000002263f7e0000, 0x0000022643700000)

Polling page: 0x0000022620b40000

Metaspace:

Usage:
  Non-class:      6.54 MB capacity,     6.44 MB ( 98%) used,    91.70 KB (  1%) free+waste,    11.75 KB ( <1%) overhead. 
      Class:    898.00 KB capacity,   823.20 KB ( 92%) used,    69.80 KB (  8%) free+waste,     5.00 KB ( <1%) overhead. 
       Both:      7.42 MB capacity,     7.24 MB ( 98%) used,   161.50 KB (  2%) free+waste,    16.75 KB ( <1%) overhead. 

Virtual space:
  Non-class space:        8.00 MB reserved,       6.75 MB ( 84%) committed 
      Class space:        1.00 GB reserved,       1.00 MB ( <1%) committed 
             Both:        1.01 GB reserved,       7.75 MB ( <1%) committed 

Chunk freelists:
   Non-Class:  22.00 KB
       Class:  0 bytes
        Both:  22.00 KB

MaxMetaspaceSize: 17179869184.00 GB
CompressedClassSpaceSize: 1.00 GB

CodeHeap 'non-profiled nmethods': size=120000Kb used=308Kb max_used=308Kb free=119692Kb
 bounds [0x0000022632890000, 0x0000022632b00000, 0x0000022639dc0000]
CodeHeap 'profiled nmethods': size=120000Kb used=1104Kb max_used=1104Kb free=118895Kb
 bounds [0x000002262b360000, 0x000002262b5d0000, 0x0000022632890000]
CodeHeap 'non-nmethods': size=5760Kb used=1285Kb max_used=1303Kb free=4474Kb
 bounds [0x000002262adc0000, 0x000002262b030000, 0x000002262b360000]
 total_blobs=1328 nmethods=766 adapters=475
 compilation: enabled
              stopped_count=0, restarted_count=0
 full_count=0

Compilation events (20 events):
Event: 1.150 Thread 0x0000022646acb8b0  752       3       java.lang.invoke.LambdaFormBuffer::indexOf (33 bytes)
Event: 1.151 Thread 0x0000022646acb8b0 nmethod 752 0x000002262b46dd90 code [0x000002262b46df60, 0x000002262b46e2f8]
Event: 1.151 Thread 0x0000022646acb8b0  754       3       java.lang.invoke.InvokerBytecodeGenerator::isStaticallyInvocable (174 bytes)
Event: 1.153 Thread 0x0000022646acb8b0 nmethod 754 0x000002262b46e410 code [0x000002262b46e8c0, 0x000002262b470cc8]
Event: 1.153 Thread 0x0000022646acb8b0  766       3       java.lang.Integer::getChars (131 bytes)
Event: 1.154 Thread 0x0000022646acb8b0 nmethod 766 0x000002262b471690 code [0x000002262b471860, 0x000002262b471c98]
Event: 1.154 Thread 0x0000022646acb8b0  765       3       sun.nio.cs.SingleByte$Encoder::encode (32 bytes)
Event: 1.154 Thread 0x0000022646acb8b0 nmethod 765 0x000002262b471f10 code [0x000002262b4720c0, 0x000002262b472278]
Event: 1.154 Thread 0x0000022646acb8b0  755       3       java.lang.invoke.MemberName::isPrivate (8 bytes)
Event: 1.154 Thread 0x0000022646acb8b0 nmethod 755 0x000002262b472390 code [0x000002262b472520, 0x000002262b4726d8]
Event: 1.154 Thread 0x0000022646acb8b0  756       3       java.lang.reflect.Modifier::isPrivate (12 bytes)
Event: 1.154 Thread 0x0000022646acb8b0 nmethod 756 0x000002262b472790 code [0x000002262b472920, 0x000002262b472a58]
Event: 1.154 Thread 0x0000022646acb8b0  757       3       java.lang.invoke.InvokerBytecodeGenerator::emitStaticInvoke (258 bytes)
Event: 1.155 Thread 0x0000022646acb8b0 nmethod 757 0x000002262b472b10 code [0x000002262b472e00, 0x000002262b473ca8]
Event: 1.155 Thread 0x0000022646acb8b0  763       1       java.lang.reflect.Method::getReturnType (5 bytes)
Event: 1.155 Thread 0x0000022646acb8b0 nmethod 763 0x00000226328dc710 code [0x00000226328dc8a0, 0x00000226328dc958]
Event: 1.155 Thread 0x0000022646acb8b0  764       1       java.lang.reflect.Method::getModifiers (5 bytes)
Event: 1.155 Thread 0x0000022646acb8b0 nmethod 764 0x00000226328dca10 code [0x00000226328dcba0, 0x00000226328dcc58]
Event: 1.155 Thread 0x0000022646acb8b0  762       1       java.util.concurrent.locks.AbstractOwnableSynchronizer::setExclusiveOwnerThread (6 bytes)
Event: 1.155 Thread 0x0000022646acb8b0 nmethod 762 0x00000226328dcd10 code [0x00000226328dcea0, 0x00000226328dcfb8]

GC Heap History (10 events):
Event: 0.414 GC heap before
{Heap before GC invocations=0 (full 0):
 garbage-first heap   total 260096K, used 26624K [0x0000000703800000, 0x0000000800000000)
  region size 2048K, 11 young (22528K), 0 survivors (0K)
 Metaspace       used 6059K, capacity 6249K, committed 6400K, reserved 1056768K
  class space    used 632K, capacity 686K, committed 768K, reserved 1048576K
}
Event: 0.417 GC heap after
{Heap after GC invocations=1 (full 0):
 garbage-first heap   total 260096K, used 6062K [0x0000000703800000, 0x0000000800000000)
  region size 2048K, 1 young (2048K), 1 survivors (2048K)
 Metaspace       used 6059K, capacity 6249K, committed 6400K, reserved 1056768K
  class space    used 632K, capacity 686K, committed 768K, reserved 1048576K
}
Event: 0.438 GC heap before
{Heap before GC invocations=1 (full 0):
 garbage-first heap   total 260096K, used 38830K [0x0000000703800000, 0x0000000800000000)
  region size 2048K, 17 young (34816K), 1 survivors (2048K)
 Metaspace       used 6059K, capacity 6249K, committed 6400K, reserved 1056768K
  class space    used 632K, capacity 686K, committed 768K, reserved 1048576K
}
Event: 0.441 GC heap after
{Heap after GC invocations=2 (full 0):
 garbage-first heap   total 260096K, used 6112K [0x0000000703800000, 0x0000000800000000)
  region size 2048K, 1 young (2048K), 1 survivors (2048K)
 Metaspace       used 6059K, capacity 6249K, committed 6400K, reserved 1056768K
  class space    used 632K, capacity 686K, committed 768K, reserved 1048576K
}
Event: 0.748 GC heap before
{Heap before GC invocations=2 (full 0):
 garbage-first heap   total 260096K, used 174048K [0x0000000703800000, 0x0000000800000000)
  region size 2048K, 76 young (155648K), 1 survivors (2048K)
 Metaspace       used 6060K, capacity 6249K, committed 6400K, reserved 1056768K
  class space    used 632K, capacity 686K, committed 768K, reserved 1048576K
}
Event: 0.751 GC heap after
{Heap after GC invocations=3 (full 0):
 garbage-first heap   total 260096K, used 19421K [0x0000000703800000, 0x0000000800000000)
  region size 2048K, 2 young (4096K), 2 survivors (4096K)
 Metaspace       used 6060K, capacity 6249K, committed 6400K, reserved 1056768K
  class space    used 632K, capacity 686K, committed 768K, reserved 1048576K
}
Event: 0.820 GC heap before
{Heap before GC invocations=3 (full 0):
 garbage-first heap   total 260096K, used 170973K [0x0000000703800000, 0x0000000800000000)
  region size 2048K, 76 young (155648K), 2 survivors (4096K)
 Metaspace       used 6060K, capacity 6249K, committed 6400K, reserved 1056768K
  class space    used 632K, capacity 686K, committed 768K, reserved 1048576K
}
Event: 0.823 GC heap after
{Heap after GC invocations=4 (full 0):
 garbage-first heap   total 260096K, used 19342K [0x0000000703800000, 0x0000000800000000)
  region size 2048K, 2 young (4096K), 2 survivors (4096K)
 Metaspace       used 6060K, capacity 6249K, committed 6400K, reserved 1056768K
  class space    used 632K, capacity 686K, committed 768K, reserved 1048576K
}
Event: 0.975 GC heap before
{Heap before GC invocations=4 (full 0):
 garbage-first heap   total 260096K, used 179086K [0x0000000703800000, 0x0000000800000000)
  region size 2048K, 76 young (155648K), 2 survivors (4096K)
 Metaspace       used 6061K, capacity 6249K, committed 6400K, reserved 1056768K
  class space    used 632K, capacity 686K, committed 768K, reserved 1048576K
}
Event: 0.978 GC heap after
{Heap after GC invocations=5 (full 0):
 garbage-first heap   total 313344K, used 21373K [0x0000000703800000, 0x0000000800000000)
  region size 2048K, 2 young (4096K), 2 survivors (4096K)
 Metaspace       used 6061K, capacity 6249K, committed 6400K, reserved 1056768K
  class space    used 632K, capacity 686K, committed 768K, reserved 1048576K
}

Deoptimization events (20 events):
Event: 1.077 Thread 0x0000022654dc9370 DEOPT PACKING pc=0x00000226328d6970 sp=0x000000446f8febd0
Event: 1.077 Thread 0x0000022654dc9370 DEOPT UNPACKING pc=0x000002262adc852f sp=0x000000446f8feb48 mode 2
Event: 1.108 Thread 0x0000022654dc9370 DEOPT PACKING pc=0x000002262b45e95a sp=0x000000446f8fec10
Event: 1.108 Thread 0x0000022654dc9370 DEOPT UNPACKING pc=0x000002262ae0f6cf sp=0x000000446f8fe0d8 mode 0
Event: 1.108 Thread 0x0000022654dc9370 DEOPT PACKING pc=0x000002262b45e95a sp=0x000000446f8fec10
Event: 1.108 Thread 0x0000022654dc9370 DEOPT UNPACKING pc=0x000002262ae0f6cf sp=0x000000446f8fe0d8 mode 0
Event: 1.108 Thread 0x0000022654dc9370 DEOPT PACKING pc=0x000002262b45e95a sp=0x000000446f8fec10
Event: 1.108 Thread 0x0000022654dc9370 DEOPT UNPACKING pc=0x000002262ae0f6cf sp=0x000000446f8fe0d8 mode 0
Event: 1.110 Thread 0x0000022654dc9370 DEOPT PACKING pc=0x000002262b462f46 sp=0x000000446f8febe0
Event: 1.110 Thread 0x0000022654dc9370 DEOPT UNPACKING pc=0x000002262ae0f6cf sp=0x000000446f8fe100 mode 0
Event: 1.143 Thread 0x0000022654dc9370 DEOPT PACKING pc=0x000002262b46163a sp=0x000000446f8fec30
Event: 1.143 Thread 0x0000022654dc9370 DEOPT UNPACKING pc=0x000002262ae0f6cf sp=0x000000446f8fe0c8 mode 0
Event: 1.143 Thread 0x0000022654dc9370 DEOPT PACKING pc=0x000002262b45e95a sp=0x000000446f8fec00
Event: 1.143 Thread 0x0000022654dc9370 DEOPT UNPACKING pc=0x000002262ae0f6cf sp=0x000000446f8fe0c8 mode 0
Event: 1.143 Thread 0x0000022654dc9370 DEOPT PACKING pc=0x000002262b45e95a sp=0x000000446f8fec00
Event: 1.143 Thread 0x0000022654dc9370 DEOPT UNPACKING pc=0x000002262ae0f6cf sp=0x000000446f8fe0c8 mode 0
Event: 1.144 Thread 0x0000022654dc9370 Uncommon trap: trap_request=0xffffff45 fr.pc=0x00000226328d8230 relative=0x0000000000000510
Event: 1.144 Thread 0x0000022654dc9370 Uncommon trap: reason=unstable_if action=reinterpret pc=0x00000226328d8230 method=ch.bbw.gameboy.impl.GameBbwoy$SwingDisplay.assertPositiveAtMost(Ljava/lang/String;II)V @ 1 c2
Event: 1.144 Thread 0x0000022654dc9370 DEOPT PACKING pc=0x00000226328d8230 sp=0x000000446f8fec10
Event: 1.144 Thread 0x0000022654dc9370 DEOPT UNPACKING pc=0x000002262adc852f sp=0x000000446f8feae8 mode 2

Classes unloaded (0 events):
No events

Classes redefined (0 events):
No events

Internal exceptions (15 events):
Event: 0.064 Thread 0x0000022622b7fb50 Exception <a 'java/lang/ClassNotFoundException'{0x000000071355e418}: sun/awt/resources/spi/awtProvider> (0x000000071355e418) 
thrown [./open/src/hotspot/share/classfile/systemDictionary.cpp, line 295]
Event: 0.076 Thread 0x0000022622b7fb50 Exception <a 'java/lang/NoSuchMethodError'{0x000000071357de80}: 'java.lang.Object java.lang.invoke.DirectMethodHandle$Holder.invokeStatic(java.lang.Object)'> (0x000000071357de80) 
thrown [./open/src/hotspot/share/interpreter/linkResolver.cpp, line 782]
Event: 0.077 Thread 0x0000022622b7fb50 Exception <a 'java/lang/NoSuchMethodError'{0x0000000713581b50}: 'java.lang.Object java.lang.invoke.DirectMethodHandle$Holder.invokeStaticInit(java.lang.Object)'> (0x0000000713581b50) 
thrown [./open/src/hotspot/share/interpreter/linkResolver.cpp, line 782]
Event: 0.078 Thread 0x0000022622b7fb50 Exception <a 'java/lang/NoSuchMethodError'{0x000000071358b910}: 'java.lang.Object java.lang.invoke.Invokers$Holder.invoke_MT(java.lang.Object, java.lang.Object, java.lang.Object)'> (0x000000071358b910) 
thrown [./open/src/hotspot/share/interpreter/linkResolver.cpp, line 782]
Event: 0.089 Thread 0x0000022622b7fb50 Exception <a 'java/io/FileNotFoundException'{0x00000007135c50b0}> (0x00000007135c50b0) 
thrown [./open/src/hotspot/share/prims/jni.cpp, line 578]
Event: 0.094 Thread 0x0000022622b7fb50 Exception <a 'java/io/FileNotFoundException'{0x00000007135f3938}> (0x00000007135f3938) 
thrown [./open/src/hotspot/share/prims/jni.cpp, line 578]
Event: 0.098 Thread 0x0000022622b7fb50 Exception <a 'java/lang/NoSuchMethodError'{0x00000007135fb250}: 'void java.lang.invoke.DirectMethodHandle$Holder.invokeSpecial(java.lang.Object, java.lang.Object, java.lang.Object)'> (0x00000007135fb250) 
thrown [./open/src/hotspot/share/interpreter/linkResolver.cpp, line 782]
Event: 0.158 Thread 0x0000022622b7fb50 Exception <a 'java/lang/NoSuchMethodError'{0x000000071326f478}: 'void java.lang.invoke.DirectMethodHandle$Holder.invokeStaticInit(java.lang.Object)'> (0x000000071326f478) 
thrown [./open/src/hotspot/share/interpreter/linkResolver.cpp, line 782]
Event: 0.164 Thread 0x0000022622b7fb50 Exception <a 'java/lang/NoSuchMethodError'{0x00000007133047f0}: 'java.lang.Object java.lang.invoke.DirectMethodHandle$Holder.newInvokeSpecial(java.lang.Object, java.lang.Object, java.lang.Object, java.lang.Object, java.lang.Object)'> (0x00000007133047f0) 
thrown [./open/src/hotspot/share/interpreter/linkResolver.cpp, line 782]
Event: 0.165 Thread 0x0000022622b7fb50 Exception <a 'java/lang/NoSuchMethodError'{0x000000071330ffd8}: 'java.lang.Object java.lang.invoke.DirectMethodHandle$Holder.invokeStatic(java.lang.Object, int, java.lang.Object, java.lang.Object, java.lang.Object, java.lang.Object)'> (0x000000071330ffd8) 
thrown [./open/src/hotspot/share/interpreter/linkResolver.cpp, line 782]
Event: 0.168 Thread 0x0000022622b7fb50 Exception <a 'java/lang/NoSuchMethodError'{0x0000000713335fd8}: 'java.lang.Object java.lang.invoke.DirectMethodHandle$Holder.invokeStatic(java.lang.Object, int, java.lang.Object)'> (0x0000000713335fd8) 
thrown [./open/src/hotspot/share/interpreter/linkResolver.cpp, line 782]
Event: 0.182 Thread 0x0000022622b7fb50 Exception <a 'java/lang/ClassNotFoundException'{0x00000007133b8f78}: com/sun/java/swing/plaf/windows/resources/spi/windowsProvider> (0x00000007133b8f78) 
thrown [./open/src/hotspot/share/classfile/systemDictionary.cpp, line 295]
Event: 0.183 Thread 0x0000022622b7fb50 Exception <a 'java/lang/ClassNotFoundException'{0x00000007133bd338}: com/sun/swing/internal/plaf/basic/resources/spi/basicProvider> (0x00000007133bd338) 
thrown [./open/src/hotspot/share/classfile/systemDictionary.cpp, line 295]
Event: 1.022 Thread 0x0000022622b7fb50 Exception <a 'java/lang/NoSuchMethodError'{0x0000000713c01400}: 'void java.lang.invoke.DirectMethodHandle$Holder.invokeStatic(java.lang.Object, java.lang.Object, java.lang.Object)'> (0x0000000713c01400) 
thrown [./open/src/hotspot/share/interpreter/linkResolver.cpp, line 782]
Event: 1.077 Thread 0x0000022654dc9370 Implicit null exception at 0x00000226328d65fa to 0x00000226328d6958

Events (20 events):
Event: 1.119 loading class sun/java2d/loops/RenderLoops
Event: 1.119 loading class sun/java2d/loops/RenderLoops done
Event: 1.119 loading class sun/java2d/loops/GraphicsPrimitiveMgr$PrimitiveSpec
Event: 1.119 loading class sun/java2d/loops/GraphicsPrimitiveMgr$PrimitiveSpec done
Event: 1.121 loading class sun/java2d/opengl/OGLSurfaceDataProxy
Event: 1.121 loading class sun/java2d/opengl/OGLSurfaceDataProxy done
Event: 1.121 loading class sun/java2d/StateTrackableDelegate$1
Event: 1.122 loading class sun/java2d/StateTrackableDelegate$1 done
Event: 1.151 loading class java/util/concurrent/ExecutionException
Event: 1.151 loading class java/util/concurrent/ExecutionException done
Event: 1.151 loading class java/lang/Throwable$WrappedPrintStream
Event: 1.151 loading class java/lang/Throwable$PrintStreamOrWriter
Event: 1.151 loading class java/lang/Throwable$PrintStreamOrWriter done
Event: 1.151 loading class java/lang/Throwable$WrappedPrintStream done
Event: 1.152 loading class java/lang/StackTraceElement$HashedModules
Event: 1.152 loading class java/lang/StackTraceElement$HashedModules done
Event: 1.152 Thread 0x0000022655022890 Thread added: 0x0000022655022890
Event: 1.172 Thread 0x0000022646e29cc0 Thread exited: 0x0000022646e29cc0
Event: 1.263 Thread 0x0000022655022890 Thread exited: 0x0000022655022890
Event: 1.263 Executing VM operation: Exit


Dynamic libraries:
0x00007ff6fbea0000 - 0x00007ff6fbead000 	C:\Users\Desirée Hilti\.jdks\openjdk-15.0.2\bin\java.exe
0x00007ffe4ac90000 - 0x00007ffe4ae85000 	C:\WINDOWS\SYSTEM32\ntdll.dll
0x00007ffe49140000 - 0x00007ffe491fd000 	C:\WINDOWS\System32\KERNEL32.DLL
0x00007ffe48970000 - 0x00007ffe48c39000 	C:\WINDOWS\System32\KERNELBASE.dll
0x00007ffe48870000 - 0x00007ffe48970000 	C:\WINDOWS\System32\ucrtbase.dll
0x00007ffe24b00000 - 0x00007ffe24b18000 	C:\Users\Desirée Hilti\.jdks\openjdk-15.0.2\bin\jli.dll
0x00007ffe24a20000 - 0x00007ffe24a39000 	C:\Users\Desirée Hilti\.jdks\openjdk-15.0.2\bin\VCRUNTIME140.dll
0x00007ffe49bd0000 - 0x00007ffe49d70000 	C:\WINDOWS\System32\USER32.dll
0x00007ffe48cc0000 - 0x00007ffe48ce2000 	C:\WINDOWS\System32\win32u.dll
0x00007ffe49d70000 - 0x00007ffe49d9a000 	C:\WINDOWS\System32\GDI32.dll
0x00007ffe31f70000 - 0x00007ffe3220a000 	C:\WINDOWS\WinSxS\amd64_microsoft.windows.common-controls_6595b64144ccf1df_6.0.19041.844_none_ca00b6081b84eb1d\COMCTL32.dll
0x00007ffe48760000 - 0x00007ffe4886b000 	C:\WINDOWS\System32\gdi32full.dll
0x00007ffe48ed0000 - 0x00007ffe48f6e000 	C:\WINDOWS\System32\msvcrt.dll
0x00007ffe48670000 - 0x00007ffe4870d000 	C:\WINDOWS\System32\msvcp_win.dll
0x00007ffe49b90000 - 0x00007ffe49bc0000 	C:\WINDOWS\System32\IMM32.DLL
0x00007ffe355b0000 - 0x00007ffe355bc000 	C:\Users\Desirée Hilti\.jdks\openjdk-15.0.2\bin\vcruntime140_1.dll
0x00007ffe01e00000 - 0x00007ffe01e91000 	C:\Users\Desirée Hilti\.jdks\openjdk-15.0.2\bin\msvcp140.dll
0x00007ffdc9c10000 - 0x00007ffdca76e000 	C:\Users\Desirée Hilti\.jdks\openjdk-15.0.2\bin\server\jvm.dll
0x00007ffe4aa70000 - 0x00007ffe4ab1c000 	C:\WINDOWS\System32\ADVAPI32.dll
0x00007ffe490a0000 - 0x00007ffe4913c000 	C:\WINDOWS\System32\sechost.dll
0x00007ffe4ab20000 - 0x00007ffe4ac4b000 	C:\WINDOWS\System32\RPCRT4.dll
0x00007ffe4aa60000 - 0x00007ffe4aa68000 	C:\WINDOWS\System32\PSAPI.DLL
0x00007ffe42750000 - 0x00007ffe42759000 	C:\WINDOWS\SYSTEM32\WSOCK32.dll
0x00007ffe2a590000 - 0x00007ffe2a5b7000 	C:\WINDOWS\SYSTEM32\WINMM.dll
0x00007ffe3df00000 - 0x00007ffe3df0a000 	C:\WINDOWS\SYSTEM32\VERSION.dll
0x00007ffe497a0000 - 0x00007ffe4980b000 	C:\WINDOWS\System32\WS2_32.dll
0x00007ffe46ca0000 - 0x00007ffe46cb2000 	C:\WINDOWS\SYSTEM32\kernel.appcore.dll
0x00007ffe34920000 - 0x00007ffe3492a000 	C:\Users\Desirée Hilti\.jdks\openjdk-15.0.2\bin\jimage.dll
0x00007ffe43010000 - 0x00007ffe431f4000 	C:\WINDOWS\SYSTEM32\DBGHELP.DLL
0x00007ffe319a0000 - 0x00007ffe319cc000 	C:\WINDOWS\SYSTEM32\dbgcore.DLL
0x00007ffe48c40000 - 0x00007ffe48cc0000 	C:\WINDOWS\System32\bcryptPrimitives.dll
0x00007ffe16ff0000 - 0x00007ffe17015000 	C:\Users\Desirée Hilti\.jdks\openjdk-15.0.2\bin\java.dll
0x00007ffe49db0000 - 0x00007ffe4a4f2000 	C:\WINDOWS\System32\SHELL32.dll
0x00007ffe464d0000 - 0x00007ffe46c60000 	C:\WINDOWS\SYSTEM32\windows.storage.dll
0x00007ffe4a590000 - 0x00007ffe4a8e5000 	C:\WINDOWS\System32\combase.dll
0x00007ffe47dd0000 - 0x00007ffe47dfc000 	C:\WINDOWS\SYSTEM32\Wldp.dll
0x00007ffe4a950000 - 0x00007ffe4a9fe000 	C:\WINDOWS\System32\SHCORE.dll
0x00007ffe4a8f0000 - 0x00007ffe4a945000 	C:\WINDOWS\System32\shlwapi.dll
0x00007ffe48310000 - 0x00007ffe4832f000 	C:\WINDOWS\SYSTEM32\profapi.dll
0x00007ffe23eb0000 - 0x00007ffe23ec9000 	C:\Users\Desirée Hilti\.jdks\openjdk-15.0.2\bin\net.dll
0x00007ffe3bd80000 - 0x00007ffe3be8c000 	C:\WINDOWS\SYSTEM32\WINHTTP.dll
0x00007ffe47ab0000 - 0x00007ffe47b1a000 	C:\WINDOWS\system32\mswsock.dll
0x00007ffe228c0000 - 0x00007ffe228d2000 	C:\Users\Desirée Hilti\.jdks\openjdk-15.0.2\bin\nio.dll
0x00007ffdf8fb0000 - 0x00007ffdf912f000 	C:\Users\Desirée Hilti\.jdks\openjdk-15.0.2\bin\awt.dll
0x00007ffe48fd0000 - 0x00007ffe4909d000 	C:\WINDOWS\System32\OLEAUT32.dll
0x00007ffe42780000 - 0x00007ffe42810000 	C:\WINDOWS\SYSTEM32\apphelp.dll
0x00007ffe429c0000 - 0x00007ffe42a5e000 	C:\WINDOWS\system32\uxtheme.dll
0x00007ffe49810000 - 0x00007ffe49925000 	C:\WINDOWS\System32\MSCTF.dll
0x00007ffe49670000 - 0x00007ffe4979a000 	C:\WINDOWS\System32\ole32.dll
0x00007ffe26520000 - 0x00007ffe26646000 	C:\WINDOWS\system32\opengl32.dll
0x00007ffe32f20000 - 0x00007ffe32f4c000 	C:\WINDOWS\SYSTEM32\GLU32.dll
0x00007ffe42c10000 - 0x00007ffe42c3f000 	C:\WINDOWS\system32\DWMAPI.DLL
0x00007ffe0cf70000 - 0x00007ffe0cff5000 	C:\Users\Desirée Hilti\.jdks\openjdk-15.0.2\bin\freetype.dll
0x00007ffe0cec0000 - 0x00007ffe0cf69000 	C:\Users\Desirée Hilti\.jdks\openjdk-15.0.2\bin\fontmanager.dll
0x00007ffe49930000 - 0x00007ffe499d9000 	C:\WINDOWS\System32\clbcatq.dll
0x00007ffdb5210000 - 0x00007ffdb621a000 	C:\WINDOWS\System32\DriverStore\FileRepository\iigd_dch.inf_amd64_27e3f997fcc85a29\ig11icd64.dll
0x00007ffe46ce0000 - 0x00007ffe46dd3000 	C:\WINDOWS\system32\dxgi.dll
0x00007ffe3b640000 - 0x00007ffe3b882000 	C:\WINDOWS\System32\DriverStore\FileRepository\iigd_dch.inf_amd64_27e3f997fcc85a29\igdgmm64.dll
0x00007ffe0e690000 - 0x00007ffe11282000 	C:\WINDOWS\System32\DriverStore\FileRepository\iigd_dch.inf_amd64_27e3f997fcc85a29\igc64.dll
0x00007ffe48240000 - 0x00007ffe4828b000 	C:\WINDOWS\SYSTEM32\powrprof.dll
0x00007ffe48220000 - 0x00007ffe48232000 	C:\WINDOWS\SYSTEM32\UMPDC.dll
0x00007ffdd06f0000 - 0x00007ffdd0afb000 	C:\WINDOWS\System32\DriverStore\FileRepository\iigd_dch.inf_amd64_27e3f997fcc85a29\igdml64.dll
0x00007ffe1b180000 - 0x00007ffe1b198000 	C:\Users\Desirée Hilti\.jdks\openjdk-15.0.2\bin\zip.dll
0x00007ffe33fe0000 - 0x00007ffe3400d000 	C:\Users\Desirée Hilti\.jdks\openjdk-15.0.2\bin\javajpeg.dll
0x00007ffe3cd20000 - 0x00007ffe3ce1b000 	C:\WINDOWS\SYSTEM32\textinputframework.dll
0x00007ffe42110000 - 0x00007ffe4246e000 	C:\WINDOWS\System32\CoreUIComponents.dll
0x00007ffe42470000 - 0x00007ffe42562000 	C:\WINDOWS\System32\CoreMessaging.dll
0x00007ffe470e0000 - 0x00007ffe47113000 	C:\WINDOWS\SYSTEM32\ntmarta.dll
0x00007ffe40db0000 - 0x00007ffe40f04000 	C:\WINDOWS\SYSTEM32\wintypes.dll
0x00007ffe362c0000 - 0x00007ffe36326000 	C:\WINDOWS\system32\Oleacc.dll

dbghelp: loaded successfully - version: 4.0.5 - missing functions: none
symbol engine: initialized successfully - sym options: 0x614 - pdb path: .;C:\Users\Desirée Hilti\.jdks\openjdk-15.0.2\bin;C:\WINDOWS\SYSTEM32;C:\WINDOWS\WinSxS\amd64_microsoft.windows.common-controls_6595b64144ccf1df_6.0.19041.844_none_ca00b6081b84eb1d;C:\Users\Desirée Hilti\.jdks\openjdk-15.0.2\bin\server;C:\WINDOWS\System32\DriverStore\FileRepository\iigd_dch.inf_amd64_27e3f997fcc85a29

VM Arguments:
jvm_args: -Dfile.encoding=windows-1252 -Duser.country=CH -Duser.language=de -Duser.variant 
java_command: ch.bbw.gameboy.impl.GameBbwoy
java_class_path (initial): C:\Users\Desirée Hilti\IdeaProjects\bbw-404-spiel-master\build\classes\java\main;C:\Users\Desirée Hilti\IdeaProjects\bbw-404-spiel-master\build\resources\main
Launcher Type: SUN_STANDARD

[Global flags]
     intx CICompilerCount                          = 4                                         {product} {ergonomic}
     uint ConcGCThreads                            = 2                                         {product} {ergonomic}
     uint G1ConcRefinementThreads                  = 8                                         {product} {ergonomic}
   size_t G1HeapRegionSize                         = 2097152                                   {product} {ergonomic}
    uintx GCDrainStackTargetSize                   = 64                                        {product} {ergonomic}
   size_t InitialHeapSize                          = 266338304                                 {product} {ergonomic}
   size_t MarkStackSize                            = 4194304                                   {product} {ergonomic}
   size_t MaxHeapSize                              = 4236247040                                {product} {ergonomic}
   size_t MaxNewSize                               = 2541748224                                {product} {ergonomic}
   size_t MinHeapDeltaBytes                        = 2097152                                   {product} {ergonomic}
   size_t MinHeapSize                              = 8388608                                   {product} {ergonomic}
    uintx NonNMethodCodeHeapSize                   = 5839372                                {pd product} {ergonomic}
    uintx NonProfiledCodeHeapSize                  = 122909434                              {pd product} {ergonomic}
    uintx ProfiledCodeHeapSize                     = 122909434                              {pd product} {ergonomic}
    uintx ReservedCodeCacheSize                    = 251658240                              {pd product} {ergonomic}
     bool SegmentedCodeCache                       = true                                      {product} {ergonomic}
   size_t SoftMaxHeapSize                          = 4236247040                             {manageable} {ergonomic}
     bool UseCompressedClassPointers               = true                                 {lp64_product} {ergonomic}
     bool UseCompressedOops                        = true                                 {lp64_product} {ergonomic}
     bool UseG1GC                                  = true                                      {product} {ergonomic}
     bool UseLargePagesIndividualAllocation        = false                                  {pd product} {ergonomic}

Logging:
Log output configuration:
 #0: stdout all=off uptime,level,tags
 #1: stderr all=off uptime,level,tags

Environment Variables:
PATH=C:\Program Files (x86)\VMware\VMware Player\bin\;C:\WINDOWS\system32;C:\WINDOWS;C:\WINDOWS\System32\Wbem;C:\WINDOWS\System32\WindowsPowerShell\v1.0\;C:\WINDOWS\System32\OpenSSH\;C:\Program Files\Docker\Docker\resources\bin;C:\ProgramData\DockerDesktop\version-bin;C:\Program Files\Git\cmd;C:\Users\Desirée Hilti\AppData\Local\Microsoft\WindowsApps;
USERNAME=Desirée Hilti
OS=Windows_NT
PROCESSOR_IDENTIFIER=Intel64 Family 6 Model 126 Stepping 5, GenuineIntel



---------------  S Y S T E M  ---------------

OS:
 Windows 10 , 64 bit Build 19041 (10.0.19041.804)
OS uptime: 13 days 15:26 hours
HyperV virtualization detected

CPU: total 8 (initial active 8) (4 cores per cpu, 2 threads per core) family 6 model 126 stepping 5 microcode 0xa0, cmov, cx8, fxsr, mmx, sse, sse2, sse3, ssse3, sse4.1, sse4.2, popcnt, vzeroupper, avx, avx2, aes, clmul, erms, 3dnowpref, lzcnt, ht, tsc, tscinvbit, bmi1, bmi2, adx, avx512f, avx512dq, avx512cd, avx512bw, avx512vl, avx512_vpopcntdq, avx512_vpclmulqdq, avx512_vbmi, avx512_vbmi2, avx512_vaes, avx512_vnni, sha, fma, clflush, clflushopt

Memory: 4k page, system-wide physical 16159M (6670M free)
TotalPageFile size 18591M (AvailPageFile size 4246M)
current process WorkingSet (physical memory assigned to process): 332M, peak: 339M
current process commit charge ("private bytes"): 457M, peak: 463M

vm_info: OpenJDK 64-Bit Server VM (15.0.2+7-27) for windows-amd64 JRE (15.0.2+7-27), built on Dec  7 2020 20:02:38 by "mach5one" with unknown MS VC++:1925

END.
