#
# A fatal error has been detected by the Java Runtime Environment:
#
#  EXCEPTION_ACCESS_VIOLATION (0xc0000005) at pc=0x00007ff985b01359, pid=14204, tid=9776
#
# JRE version: OpenJDK Runtime Environment (15.0.2+7) (build 15.0.2+7-27)
# Java VM: OpenJDK 64-Bit Server VM (15.0.2+7-27, mixed mode, sharing, tiered, compressed oops, g1 gc, windows-amd64)
# Problematic frame:
# C  [ig11icd64.dll+0x5c1359]
#
# No core dump will be written. Minidumps are not enabled by default on client versions of Windows
#
# If you would like to submit a bug report, please visit:
#   https://bugreport.java.com/bugreport/crash.jsp
#

---------------  S U M M A R Y ------------

Command Line: -Dfile.encoding=windows-1252 -Duser.country=CH -Duser.language=de -Duser.variant ch.bbw.gameboy.GameLogic

Host: Intel(R) Core(TM) i7-1065G7 CPU @ 1.30GHz, 8 cores, 15G,  Windows 10 , 64 bit Build 19041 (10.0.19041.804)
Time: Mon Apr 12 08:13:49 2021 Mitteleuropäische Sommerzeit elapsed time: 0.950638 seconds (0d 0h 0m 0s)

---------------  T H R E A D  ---------------

Current thread (0x0000017986997880):  VMThread "VM Thread" [stack: 0x0000002674300000,0x0000002674400000] [id=9776]

Stack: [0x0000002674300000,0x0000002674400000],  sp=0x00000026743fe5b0,  free space=1017k
Native frames: (J=compiled Java code, j=interpreted, Vv=VM code, C=native code)
C  [ig11icd64.dll+0x5c1359]


siginfo: EXCEPTION_ACCESS_VIOLATION (0xc0000005), reading address 0x00000000000352e8


Register to memory mapping:

RIP=0x00007ff985b01359 ig11icd64.dll
RAX=0x00000179889e12b0 points into unknown readable memory: 0x0000000000000050 | 50 00 00 00 00 00 00 00
RBX=0x00000179889e11a0 points into unknown readable memory: 0x0000017988299b00 | 00 9b 29 88 79 01 00 00
RCX=0x0 is NULL
RDX=0x00000179889e1270 points into unknown readable memory: 0x0000000000000000 | 00 00 00 00 00 00 00 00
RSP=0x00000026743fe5b0 points into unknown readable memory: 0x000001798822f280 | 80 f2 22 88 79 01 00 00
RBP=0x00000179889e0c10 points into unknown readable memory: 0x0000017988299b00 | 00 9b 29 88 79 01 00 00
RSI=0x00000179889e16b8 points into unknown readable memory: 0x00000179889e0c10 | 10 0c 9e 88 79 01 00 00
RDI=0x000001798848de50 points into unknown readable memory: 0x0000000000000000 | 00 00 00 00 00 00 00 00
R8 =0x0000000000000008 is an unknown value
R9 =0x0 is NULL
R10=0x0 is NULL
R11=0x0000000000000246 is an unknown value
R12=0x0 is NULL
R13=0x0 is NULL
R14=0x0 is NULL
R15=0x0 is NULL


Registers:
RAX=0x00000179889e12b0, RBX=0x00000179889e11a0, RCX=0x0000000000000000, RDX=0x00000179889e1270
RSP=0x00000026743fe5b0, RBP=0x00000179889e0c10, RSI=0x00000179889e16b8, RDI=0x000001798848de50
R8 =0x0000000000000008, R9 =0x0000000000000000, R10=0x0000000000000000, R11=0x0000000000000246
R12=0x0000000000000000, R13=0x0000000000000000, R14=0x0000000000000000, R15=0x0000000000000000
RIP=0x00007ff985b01359, EFLAGS=0x0000000000010202

Top of Stack: (sp=0x00000026743fe5b0)
0x00000026743fe5b0:   000001798822f280 012fc8f4007aadf4
0x00000026743fe5c0:   00000026743fe5f8 0000005400000000
0x00000026743fe5d0:   00007ff9864ddc50 0000000000000053
0x00000026743fe5e0:   0000017988797240 0000000000000060
0x00000026743fe5f0:   0000000000000000 00007ff985ae2adc
0x00000026743fe600:   000001798822f280 000001798848de50
0x00000026743fe610:   00000026743fe700 0000000000000000
0x00000026743fe620:   00000000000029fc 0000000000000000
0x00000026743fe630:   0000014200020105 0181ed7201126927
0x00000026743fe640:   ecc0000001430001 000000000000007c
0x00000026743fe650:   0000000000000000 0000000000000000
0x00000026743fe660:   0000000000000000 0000000000000000
0x00000026743fe670:   0000000000000000 0000000000000000
0x00000026743fe680:   0000000000000000 0000000000000000
0x00000026743fe690:   0000000000000000 0000000000000000
0x00000026743fe6a0:   0000000000000000 0000000000000000 

Instructions: (pc=0x00007ff985b01359)
0x00007ff985b01259:   30 44 38 24 01 75 05 e8 c3 1d f9 ff 65 48 8b 04
0x00007ff985b01269:   25 58 00 00 00 41 be 10 00 00 00 48 8b 04 30 4d
0x00007ff985b01279:   8b 34 06 48 85 ed 0f 84 6f 03 00 00 66 66 66 0f
0x00007ff985b01289:   1f 84 00 00 00 00 00 48 8b dd 48 8d b5 18 05 00
0x00007ff985b01299:   00 48 8b 2e 45 84 ff 74 1d 48 8b 0b 48 8b d3 80
0x00007ff985b012a9:   bb 6a 05 00 00 00 0f 85 f2 02 00 00 e8 c6 64 fe
0x00007ff985b012b9:   ff e9 f4 02 00 00 8b 8f d0 01 00 00 48 8b 05 54
0x00007ff985b012c9:   03 8e 00 83 b8 54 03 00 00 02 0f 85 f4 00 00 00
0x00007ff985b012d9:   48 8d 93 d0 00 00 00 83 f9 10 73 04 8b c1 eb 56
0x00007ff985b012e9:   44 8d 41 f0 41 8b c0 c1 e8 04 83 f8 03 73 20 0f
0x00007ff985b012f9:   ae e8 41 83 e0 0f 4c 8b 8c c2 00 04 00 00 4d 85
0x00007ff985b01309:   c9 74 25 41 8b c0 48 c1 e0 06 49 03 c1 eb 2e 48
0x00007ff985b01319:   8b 82 18 04 00 00 48 85 c0 74 0d 39 08 74 29 48
0x00007ff985b01329:   8b 40 48 48 85 c0 75 f3 80 ba 20 04 00 00 00 74
0x00007ff985b01339:   1d 8b c1 83 e0 0f 48 c1 e0 06 48 03 c2 48 85 c0
0x00007ff985b01349:   74 0c 48 8b 48 08 eb 08 48 83 c0 08 eb ef 33 c9
0x00007ff985b01359:   49 3b 8e e8 52 03 00 76 6b 48 8b 87 80 02 00 00
0x00007ff985b01369:   48 89 06 48 89 9f 80 02 00 00 ff 87 88 02 00 00
0x00007ff985b01379:   48 8b 4b 08 48 8b 01 ba 01 00 00 00 48 8b 80 d8
0x00007ff985b01389:   02 00 00 ff 15 5e 62 58 00 0f b7 c8 48 2b c1 48
0x00007ff985b01399:   05 00 00 01 00 48 01 87 90 02 00 00 48 8b 4b 08
0x00007ff985b013a9:   48 8b 01 ba 01 00 00 00 48 8b 80 d8 02 00 00 ff
0x00007ff985b013b9:   15 32 62 58 00 48 01 87 a0 02 00 00 41 b4 01 e9
0x00007ff985b013c9:   e6 01 00 00 44 8b 9f d0 01 00 00 48 8b 87 e8 01
0x00007ff985b013d9:   00 00 4c 8b 10 8b 8f d0 01 00 00 48 8d 93 d0 00
0x00007ff985b013e9:   00 00 83 f9 10 73 04 8b c1 eb 57 44 8d 41 f0 41
0x00007ff985b013f9:   8b c0 c1 e8 04 83 f8 03 73 20 0f ae e8 41 83 e0
0x00007ff985b01409:   0f 4c 8b 8c c2 00 04 00 00 4d 85 c9 74 26 41 8b
0x00007ff985b01419:   c0 48 c1 e0 06 49 03 c1 eb 2f 48 8b 82 18 04 00
0x00007ff985b01429:   00 48 85 c0 74 0e 90 39 08 74 3c 48 8b 40 48 48
0x00007ff985b01439:   85 c0 75 f3 80 ba 20 04 00 00 00 74 1b 8b c1 83
0x00007ff985b01449:   e0 0f 48 c1 e0 06 48 03 c2 48 85 c0 74 0a 4c 39 


Stack slot to memory mapping:
stack at sp + 0 slots: 0x000001798822f280 points into unknown readable memory: 0xffffffffffffffff | ff ff ff ff ff ff ff ff
stack at sp + 1 slots: 0x012fc8f4007aadf4 is an unknown value
stack at sp + 2 slots: 0x00000026743fe5f8 points into unknown readable memory: 0x00007ff985ae2adc | dc 2a ae 85 f9 7f 00 00
stack at sp + 3 slots: 0x0000005400000000 is an unknown value
stack at sp + 4 slots: 0x00007ff9864ddc50 ig11icd64.dll
stack at sp + 5 slots: 0x0000000000000053 is an unknown value
stack at sp + 6 slots: 0x0000017988797240 points into unknown readable memory: 0x0000000700000000 | 00 00 00 00 07 00 00 00
stack at sp + 7 slots: 0x0000000000000060 is an unknown value

VM_Operation (0x0000002673dfece0): Exit, mode: safepoint, requested by thread 0x00000179e139dbd0


---------------  P R O C E S S  ---------------

Threads class SMR info:
_java_thread_list=0x00000179888fd470, length=17, elements={
0x00000179e139dbd0, 0x000001798699b110, 0x000001798699dcf0, 0x00000179872e8660,
0x00000179872e9020, 0x00000179872e9ad0, 0x00000179872eb8c0, 0x00000179872f1d70,
0x00000179872fd790, 0x000001798744de80, 0x0000017987468520, 0x0000017987469d30,
0x0000017987469860, 0x00000179874676b0, 0x000001798d421d00, 0x0000017987466370,
0x0000017987467b80
}

Java Threads: ( => current thread )
  0x00000179e139dbd0 JavaThread "main" [_thread_blocked, id=10848, stack(0x0000002673d00000,0x0000002673e00000)]
  0x000001798699b110 JavaThread "Reference Handler" daemon [_thread_blocked, id=2128, stack(0x0000002674400000,0x0000002674500000)]
  0x000001798699dcf0 JavaThread "Finalizer" daemon [_thread_blocked, id=15604, stack(0x0000002674500000,0x0000002674600000)]
  0x00000179872e8660 JavaThread "Signal Dispatcher" daemon [_thread_blocked, id=10876, stack(0x0000002674600000,0x0000002674700000)]
  0x00000179872e9020 JavaThread "Attach Listener" daemon [_thread_blocked, id=3840, stack(0x0000002674700000,0x0000002674800000)]
  0x00000179872e9ad0 JavaThread "Service Thread" daemon [_thread_blocked, id=9744, stack(0x0000002674800000,0x0000002674900000)]
  0x00000179872eb8c0 JavaThread "C2 CompilerThread0" daemon [_thread_blocked, id=10568, stack(0x0000002674900000,0x0000002674a00000)]
  0x00000179872f1d70 JavaThread "C1 CompilerThread0" daemon [_thread_blocked, id=15564, stack(0x0000002674a00000,0x0000002674b00000)]
  0x00000179872fd790 JavaThread "Sweeper thread" daemon [_thread_blocked, id=10128, stack(0x0000002674b00000,0x0000002674c00000)]
  0x000001798744de80 JavaThread "Notification Thread" daemon [_thread_blocked, id=6740, stack(0x0000002674c00000,0x0000002674d00000)]
  0x0000017987468520 JavaThread "Common-Cleaner" daemon [_thread_blocked, id=13236, stack(0x0000002674e00000,0x0000002674f00000)]
  0x0000017987469d30 JavaThread "Java2D Disposer" daemon [_thread_blocked, id=8684, stack(0x0000002674f00000,0x0000002675000000)]
  0x0000017987469860 JavaThread "AWT-Shutdown" [_thread_blocked, id=13000, stack(0x0000002675000000,0x0000002675100000)]
  0x00000179874676b0 JavaThread "Java2D Queue Flusher" daemon [_thread_blocked, id=3968, stack(0x0000002675200000,0x0000002675300000)]
  0x000001798d421d00 JavaThread "C2 CompilerThread1" daemon [_thread_blocked, id=12416, stack(0x0000002675600000,0x0000002675700000)]
  0x0000017987466370 JavaThread "AWT-EventQueue-0" [_thread_blocked, id=12444, stack(0x0000002675700000,0x0000002675800000)]
  0x0000017987467b80 JavaThread "pool-1-thread-1" [_thread_blocked, id=12448, stack(0x0000002675800000,0x0000002675900000)]

Other Threads:
=>0x0000017986997880 VMThread "VM Thread" [stack: 0x0000002674300000,0x0000002674400000] [id=9776]
  0x00000179e13f0e20 GCTaskThread "GC Thread#0" [stack: 0x0000002673e00000,0x0000002673f00000] [id=12420]
  0x00000179e1401c30 ConcurrentGCThread "G1 Main Marker" [stack: 0x0000002673f00000,0x0000002674000000] [id=8168]
  0x00000179e1402fd0 ConcurrentGCThread "G1 Conc#0" [stack: 0x0000002674000000,0x0000002674100000] [id=15552]
  0x00000179868120c0 ConcurrentGCThread "G1 Refine#0" [stack: 0x0000002674100000,0x0000002674200000] [id=9684]
  0x0000017986812cc0 ConcurrentGCThread "G1 Young RemSet Sampling" [stack: 0x0000002674200000,0x0000002674300000] [id=9480]

Threads with active compile tasks:

VM state: at safepoint (shutting down)

VM Mutex/Monitor currently owned by a thread:  ([mutex/lock_event])
[0x00000179e13999e0] Threads_lock - owner thread: 0x0000017986997880
[0x00000179e1398d80] Heap_lock - owner thread: 0x00000179e139dbd0

Heap address: 0x0000000703400000, size: 4044 MB, Compressed Oops mode: Zero based, Oop shift amount: 3
CDS archive(s) mapped at: [0x0000000800000000-0x0000000800b50000-0x0000000800b50000), size 11862016, SharedBaseAddress: 0x0000000800000000, ArchiveRelocationMode: 0.
Compressed class space mapped at: 0x0000000800b50000-0x0000000840b50000, size: 1073741824
Narrow klass base: 0x0000000800000000, Narrow klass shift: 3, Narrow klass range: 0x100000000

GC Precious Log:
 CPUs: 8 total, 8 available
 Memory: 16172M
 Large Page Support: Disabled
 NUMA Support: Disabled
 Compressed Oops: Enabled (Zero based)
 Heap Region Size: 2M
 Heap Min Capacity: 8M
 Heap Initial Capacity: 254M
 Heap Max Capacity: 4044M
 Pre-touch: Disabled
 Parallel Workers: 8
 Concurrent Workers: 2
 Concurrent Refinement Workers: 8
 Periodic GC: Disabled

Heap:
 garbage-first heap   total 260096K, used 6144K [0x0000000703400000, 0x0000000800000000)
  region size 2048K, 4 young (8192K), 0 survivors (0K)
 Metaspace       used 7203K, capacity 7375K, committed 7552K, reserved 1056768K
  class space    used 803K, capacity 867K, committed 896K, reserved 1048576K

Heap Regions: E=young(eden), S=young(survivor), O=old, HS=humongous(starts), HC=humongous(continues), CS=collection set, F=free, OA=open archive, CA=closed archive, TAMS=top-at-mark-start (previous, next)
|   0|0x0000000703400000, 0x0000000703400000, 0x0000000703600000|  0%| F|  |TAMS 0x0000000703400000, 0x0000000703400000| Untracked 
|   1|0x0000000703600000, 0x0000000703600000, 0x0000000703800000|  0%| F|  |TAMS 0x0000000703600000, 0x0000000703600000| Untracked 
|   2|0x0000000703800000, 0x0000000703800000, 0x0000000703a00000|  0%| F|  |TAMS 0x0000000703800000, 0x0000000703800000| Untracked 
|   3|0x0000000703a00000, 0x0000000703a00000, 0x0000000703c00000|  0%| F|  |TAMS 0x0000000703a00000, 0x0000000703a00000| Untracked 
|   4|0x0000000703c00000, 0x0000000703c00000, 0x0000000703e00000|  0%| F|  |TAMS 0x0000000703c00000, 0x0000000703c00000| Untracked 
|   5|0x0000000703e00000, 0x0000000703e00000, 0x0000000704000000|  0%| F|  |TAMS 0x0000000703e00000, 0x0000000703e00000| Untracked 
|   6|0x0000000704000000, 0x0000000704000000, 0x0000000704200000|  0%| F|  |TAMS 0x0000000704000000, 0x0000000704000000| Untracked 
|   7|0x0000000704200000, 0x0000000704200000, 0x0000000704400000|  0%| F|  |TAMS 0x0000000704200000, 0x0000000704200000| Untracked 
|   8|0x0000000704400000, 0x0000000704400000, 0x0000000704600000|  0%| F|  |TAMS 0x0000000704400000, 0x0000000704400000| Untracked 
|   9|0x0000000704600000, 0x0000000704600000, 0x0000000704800000|  0%| F|  |TAMS 0x0000000704600000, 0x0000000704600000| Untracked 
|  10|0x0000000704800000, 0x0000000704800000, 0x0000000704a00000|  0%| F|  |TAMS 0x0000000704800000, 0x0000000704800000| Untracked 
|  11|0x0000000704a00000, 0x0000000704a00000, 0x0000000704c00000|  0%| F|  |TAMS 0x0000000704a00000, 0x0000000704a00000| Untracked 
|  12|0x0000000704c00000, 0x0000000704c00000, 0x0000000704e00000|  0%| F|  |TAMS 0x0000000704c00000, 0x0000000704c00000| Untracked 
|  13|0x0000000704e00000, 0x0000000704e00000, 0x0000000705000000|  0%| F|  |TAMS 0x0000000704e00000, 0x0000000704e00000| Untracked 
|  14|0x0000000705000000, 0x0000000705000000, 0x0000000705200000|  0%| F|  |TAMS 0x0000000705000000, 0x0000000705000000| Untracked 
|  15|0x0000000705200000, 0x0000000705200000, 0x0000000705400000|  0%| F|  |TAMS 0x0000000705200000, 0x0000000705200000| Untracked 
|  16|0x0000000705400000, 0x0000000705400000, 0x0000000705600000|  0%| F|  |TAMS 0x0000000705400000, 0x0000000705400000| Untracked 
|  17|0x0000000705600000, 0x0000000705600000, 0x0000000705800000|  0%| F|  |TAMS 0x0000000705600000, 0x0000000705600000| Untracked 
|  18|0x0000000705800000, 0x0000000705800000, 0x0000000705a00000|  0%| F|  |TAMS 0x0000000705800000, 0x0000000705800000| Untracked 
|  19|0x0000000705a00000, 0x0000000705a00000, 0x0000000705c00000|  0%| F|  |TAMS 0x0000000705a00000, 0x0000000705a00000| Untracked 
|  20|0x0000000705c00000, 0x0000000705c00000, 0x0000000705e00000|  0%| F|  |TAMS 0x0000000705c00000, 0x0000000705c00000| Untracked 
|  21|0x0000000705e00000, 0x0000000705e00000, 0x0000000706000000|  0%| F|  |TAMS 0x0000000705e00000, 0x0000000705e00000| Untracked 
|  22|0x0000000706000000, 0x0000000706000000, 0x0000000706200000|  0%| F|  |TAMS 0x0000000706000000, 0x0000000706000000| Untracked 
|  23|0x0000000706200000, 0x0000000706200000, 0x0000000706400000|  0%| F|  |TAMS 0x0000000706200000, 0x0000000706200000| Untracked 
|  24|0x0000000706400000, 0x0000000706400000, 0x0000000706600000|  0%| F|  |TAMS 0x0000000706400000, 0x0000000706400000| Untracked 
|  25|0x0000000706600000, 0x0000000706600000, 0x0000000706800000|  0%| F|  |TAMS 0x0000000706600000, 0x0000000706600000| Untracked 
|  26|0x0000000706800000, 0x0000000706800000, 0x0000000706a00000|  0%| F|  |TAMS 0x0000000706800000, 0x0000000706800000| Untracked 
|  27|0x0000000706a00000, 0x0000000706a00000, 0x0000000706c00000|  0%| F|  |TAMS 0x0000000706a00000, 0x0000000706a00000| Untracked 
|  28|0x0000000706c00000, 0x0000000706c00000, 0x0000000706e00000|  0%| F|  |TAMS 0x0000000706c00000, 0x0000000706c00000| Untracked 
|  29|0x0000000706e00000, 0x0000000706e00000, 0x0000000707000000|  0%| F|  |TAMS 0x0000000706e00000, 0x0000000706e00000| Untracked 
|  30|0x0000000707000000, 0x0000000707000000, 0x0000000707200000|  0%| F|  |TAMS 0x0000000707000000, 0x0000000707000000| Untracked 
|  31|0x0000000707200000, 0x0000000707200000, 0x0000000707400000|  0%| F|  |TAMS 0x0000000707200000, 0x0000000707200000| Untracked 
|  32|0x0000000707400000, 0x0000000707400000, 0x0000000707600000|  0%| F|  |TAMS 0x0000000707400000, 0x0000000707400000| Untracked 
|  33|0x0000000707600000, 0x0000000707600000, 0x0000000707800000|  0%| F|  |TAMS 0x0000000707600000, 0x0000000707600000| Untracked 
|  34|0x0000000707800000, 0x0000000707800000, 0x0000000707a00000|  0%| F|  |TAMS 0x0000000707800000, 0x0000000707800000| Untracked 
|  35|0x0000000707a00000, 0x0000000707a00000, 0x0000000707c00000|  0%| F|  |TAMS 0x0000000707a00000, 0x0000000707a00000| Untracked 
|  36|0x0000000707c00000, 0x0000000707c00000, 0x0000000707e00000|  0%| F|  |TAMS 0x0000000707c00000, 0x0000000707c00000| Untracked 
|  37|0x0000000707e00000, 0x0000000707e00000, 0x0000000708000000|  0%| F|  |TAMS 0x0000000707e00000, 0x0000000707e00000| Untracked 
|  38|0x0000000708000000, 0x0000000708000000, 0x0000000708200000|  0%| F|  |TAMS 0x0000000708000000, 0x0000000708000000| Untracked 
|  39|0x0000000708200000, 0x0000000708200000, 0x0000000708400000|  0%| F|  |TAMS 0x0000000708200000, 0x0000000708200000| Untracked 
|  40|0x0000000708400000, 0x0000000708400000, 0x0000000708600000|  0%| F|  |TAMS 0x0000000708400000, 0x0000000708400000| Untracked 
|  41|0x0000000708600000, 0x0000000708600000, 0x0000000708800000|  0%| F|  |TAMS 0x0000000708600000, 0x0000000708600000| Untracked 
|  42|0x0000000708800000, 0x0000000708800000, 0x0000000708a00000|  0%| F|  |TAMS 0x0000000708800000, 0x0000000708800000| Untracked 
|  43|0x0000000708a00000, 0x0000000708a00000, 0x0000000708c00000|  0%| F|  |TAMS 0x0000000708a00000, 0x0000000708a00000| Untracked 
|  44|0x0000000708c00000, 0x0000000708c00000, 0x0000000708e00000|  0%| F|  |TAMS 0x0000000708c00000, 0x0000000708c00000| Untracked 
|  45|0x0000000708e00000, 0x0000000708e00000, 0x0000000709000000|  0%| F|  |TAMS 0x0000000708e00000, 0x0000000708e00000| Untracked 
|  46|0x0000000709000000, 0x0000000709000000, 0x0000000709200000|  0%| F|  |TAMS 0x0000000709000000, 0x0000000709000000| Untracked 
|  47|0x0000000709200000, 0x0000000709200000, 0x0000000709400000|  0%| F|  |TAMS 0x0000000709200000, 0x0000000709200000| Untracked 
|  48|0x0000000709400000, 0x0000000709400000, 0x0000000709600000|  0%| F|  |TAMS 0x0000000709400000, 0x0000000709400000| Untracked 
|  49|0x0000000709600000, 0x0000000709600000, 0x0000000709800000|  0%| F|  |TAMS 0x0000000709600000, 0x0000000709600000| Untracked 
|  50|0x0000000709800000, 0x0000000709800000, 0x0000000709a00000|  0%| F|  |TAMS 0x0000000709800000, 0x0000000709800000| Untracked 
|  51|0x0000000709a00000, 0x0000000709a00000, 0x0000000709c00000|  0%| F|  |TAMS 0x0000000709a00000, 0x0000000709a00000| Untracked 
|  52|0x0000000709c00000, 0x0000000709c00000, 0x0000000709e00000|  0%| F|  |TAMS 0x0000000709c00000, 0x0000000709c00000| Untracked 
|  53|0x0000000709e00000, 0x0000000709e00000, 0x000000070a000000|  0%| F|  |TAMS 0x0000000709e00000, 0x0000000709e00000| Untracked 
|  54|0x000000070a000000, 0x000000070a000000, 0x000000070a200000|  0%| F|  |TAMS 0x000000070a000000, 0x000000070a000000| Untracked 
|  55|0x000000070a200000, 0x000000070a200000, 0x000000070a400000|  0%| F|  |TAMS 0x000000070a200000, 0x000000070a200000| Untracked 
|  56|0x000000070a400000, 0x000000070a400000, 0x000000070a600000|  0%| F|  |TAMS 0x000000070a400000, 0x000000070a400000| Untracked 
|  57|0x000000070a600000, 0x000000070a600000, 0x000000070a800000|  0%| F|  |TAMS 0x000000070a600000, 0x000000070a600000| Untracked 
|  58|0x000000070a800000, 0x000000070a800000, 0x000000070aa00000|  0%| F|  |TAMS 0x000000070a800000, 0x000000070a800000| Untracked 
|  59|0x000000070aa00000, 0x000000070aa00000, 0x000000070ac00000|  0%| F|  |TAMS 0x000000070aa00000, 0x000000070aa00000| Untracked 
|  60|0x000000070ac00000, 0x000000070ac00000, 0x000000070ae00000|  0%| F|  |TAMS 0x000000070ac00000, 0x000000070ac00000| Untracked 
|  61|0x000000070ae00000, 0x000000070ae00000, 0x000000070b000000|  0%| F|  |TAMS 0x000000070ae00000, 0x000000070ae00000| Untracked 
|  62|0x000000070b000000, 0x000000070b000000, 0x000000070b200000|  0%| F|  |TAMS 0x000000070b000000, 0x000000070b000000| Untracked 
|  63|0x000000070b200000, 0x000000070b200000, 0x000000070b400000|  0%| F|  |TAMS 0x000000070b200000, 0x000000070b200000| Untracked 
|  64|0x000000070b400000, 0x000000070b400000, 0x000000070b600000|  0%| F|  |TAMS 0x000000070b400000, 0x000000070b400000| Untracked 
|  65|0x000000070b600000, 0x000000070b600000, 0x000000070b800000|  0%| F|  |TAMS 0x000000070b600000, 0x000000070b600000| Untracked 
|  66|0x000000070b800000, 0x000000070b800000, 0x000000070ba00000|  0%| F|  |TAMS 0x000000070b800000, 0x000000070b800000| Untracked 
|  67|0x000000070ba00000, 0x000000070ba00000, 0x000000070bc00000|  0%| F|  |TAMS 0x000000070ba00000, 0x000000070ba00000| Untracked 
|  68|0x000000070bc00000, 0x000000070bc00000, 0x000000070be00000|  0%| F|  |TAMS 0x000000070bc00000, 0x000000070bc00000| Untracked 
|  69|0x000000070be00000, 0x000000070be00000, 0x000000070c000000|  0%| F|  |TAMS 0x000000070be00000, 0x000000070be00000| Untracked 
|  70|0x000000070c000000, 0x000000070c000000, 0x000000070c200000|  0%| F|  |TAMS 0x000000070c000000, 0x000000070c000000| Untracked 
|  71|0x000000070c200000, 0x000000070c200000, 0x000000070c400000|  0%| F|  |TAMS 0x000000070c200000, 0x000000070c200000| Untracked 
|  72|0x000000070c400000, 0x000000070c400000, 0x000000070c600000|  0%| F|  |TAMS 0x000000070c400000, 0x000000070c400000| Untracked 
|  73|0x000000070c600000, 0x000000070c600000, 0x000000070c800000|  0%| F|  |TAMS 0x000000070c600000, 0x000000070c600000| Untracked 
|  74|0x000000070c800000, 0x000000070c800000, 0x000000070ca00000|  0%| F|  |TAMS 0x000000070c800000, 0x000000070c800000| Untracked 
|  75|0x000000070ca00000, 0x000000070ca00000, 0x000000070cc00000|  0%| F|  |TAMS 0x000000070ca00000, 0x000000070ca00000| Untracked 
|  76|0x000000070cc00000, 0x000000070cc00000, 0x000000070ce00000|  0%| F|  |TAMS 0x000000070cc00000, 0x000000070cc00000| Untracked 
|  77|0x000000070ce00000, 0x000000070ce00000, 0x000000070d000000|  0%| F|  |TAMS 0x000000070ce00000, 0x000000070ce00000| Untracked 
|  78|0x000000070d000000, 0x000000070d000000, 0x000000070d200000|  0%| F|  |TAMS 0x000000070d000000, 0x000000070d000000| Untracked 
|  79|0x000000070d200000, 0x000000070d200000, 0x000000070d400000|  0%| F|  |TAMS 0x000000070d200000, 0x000000070d200000| Untracked 
|  80|0x000000070d400000, 0x000000070d400000, 0x000000070d600000|  0%| F|  |TAMS 0x000000070d400000, 0x000000070d400000| Untracked 
|  81|0x000000070d600000, 0x000000070d600000, 0x000000070d800000|  0%| F|  |TAMS 0x000000070d600000, 0x000000070d600000| Untracked 
|  82|0x000000070d800000, 0x000000070d800000, 0x000000070da00000|  0%| F|  |TAMS 0x000000070d800000, 0x000000070d800000| Untracked 
|  83|0x000000070da00000, 0x000000070da00000, 0x000000070dc00000|  0%| F|  |TAMS 0x000000070da00000, 0x000000070da00000| Untracked 
|  84|0x000000070dc00000, 0x000000070dc00000, 0x000000070de00000|  0%| F|  |TAMS 0x000000070dc00000, 0x000000070dc00000| Untracked 
|  85|0x000000070de00000, 0x000000070de00000, 0x000000070e000000|  0%| F|  |TAMS 0x000000070de00000, 0x000000070de00000| Untracked 
|  86|0x000000070e000000, 0x000000070e000000, 0x000000070e200000|  0%| F|  |TAMS 0x000000070e000000, 0x000000070e000000| Untracked 
|  87|0x000000070e200000, 0x000000070e200000, 0x000000070e400000|  0%| F|  |TAMS 0x000000070e200000, 0x000000070e200000| Untracked 
|  88|0x000000070e400000, 0x000000070e400000, 0x000000070e600000|  0%| F|  |TAMS 0x000000070e400000, 0x000000070e400000| Untracked 
|  89|0x000000070e600000, 0x000000070e600000, 0x000000070e800000|  0%| F|  |TAMS 0x000000070e600000, 0x000000070e600000| Untracked 
|  90|0x000000070e800000, 0x000000070e800000, 0x000000070ea00000|  0%| F|  |TAMS 0x000000070e800000, 0x000000070e800000| Untracked 
|  91|0x000000070ea00000, 0x000000070ea00000, 0x000000070ec00000|  0%| F|  |TAMS 0x000000070ea00000, 0x000000070ea00000| Untracked 
|  92|0x000000070ec00000, 0x000000070ec00000, 0x000000070ee00000|  0%| F|  |TAMS 0x000000070ec00000, 0x000000070ec00000| Untracked 
|  93|0x000000070ee00000, 0x000000070ee00000, 0x000000070f000000|  0%| F|  |TAMS 0x000000070ee00000, 0x000000070ee00000| Untracked 
|  94|0x000000070f000000, 0x000000070f000000, 0x000000070f200000|  0%| F|  |TAMS 0x000000070f000000, 0x000000070f000000| Untracked 
|  95|0x000000070f200000, 0x000000070f200000, 0x000000070f400000|  0%| F|  |TAMS 0x000000070f200000, 0x000000070f200000| Untracked 
|  96|0x000000070f400000, 0x000000070f400000, 0x000000070f600000|  0%| F|  |TAMS 0x000000070f400000, 0x000000070f400000| Untracked 
|  97|0x000000070f600000, 0x000000070f600000, 0x000000070f800000|  0%| F|  |TAMS 0x000000070f600000, 0x000000070f600000| Untracked 
|  98|0x000000070f800000, 0x000000070f800000, 0x000000070fa00000|  0%| F|  |TAMS 0x000000070f800000, 0x000000070f800000| Untracked 
|  99|0x000000070fa00000, 0x000000070fa00000, 0x000000070fc00000|  0%| F|  |TAMS 0x000000070fa00000, 0x000000070fa00000| Untracked 
| 100|0x000000070fc00000, 0x000000070fc00000, 0x000000070fe00000|  0%| F|  |TAMS 0x000000070fc00000, 0x000000070fc00000| Untracked 
| 101|0x000000070fe00000, 0x000000070fe00000, 0x0000000710000000|  0%| F|  |TAMS 0x000000070fe00000, 0x000000070fe00000| Untracked 
| 102|0x0000000710000000, 0x0000000710000000, 0x0000000710200000|  0%| F|  |TAMS 0x0000000710000000, 0x0000000710000000| Untracked 
| 103|0x0000000710200000, 0x0000000710200000, 0x0000000710400000|  0%| F|  |TAMS 0x0000000710200000, 0x0000000710200000| Untracked 
| 104|0x0000000710400000, 0x0000000710400000, 0x0000000710600000|  0%| F|  |TAMS 0x0000000710400000, 0x0000000710400000| Untracked 
| 105|0x0000000710600000, 0x0000000710600000, 0x0000000710800000|  0%| F|  |TAMS 0x0000000710600000, 0x0000000710600000| Untracked 
| 106|0x0000000710800000, 0x0000000710800000, 0x0000000710a00000|  0%| F|  |TAMS 0x0000000710800000, 0x0000000710800000| Untracked 
| 107|0x0000000710a00000, 0x0000000710a00000, 0x0000000710c00000|  0%| F|  |TAMS 0x0000000710a00000, 0x0000000710a00000| Untracked 
| 108|0x0000000710c00000, 0x0000000710c00000, 0x0000000710e00000|  0%| F|  |TAMS 0x0000000710c00000, 0x0000000710c00000| Untracked 
| 109|0x0000000710e00000, 0x0000000710e00000, 0x0000000711000000|  0%| F|  |TAMS 0x0000000710e00000, 0x0000000710e00000| Untracked 
| 110|0x0000000711000000, 0x0000000711000000, 0x0000000711200000|  0%| F|  |TAMS 0x0000000711000000, 0x0000000711000000| Untracked 
| 111|0x0000000711200000, 0x0000000711200000, 0x0000000711400000|  0%| F|  |TAMS 0x0000000711200000, 0x0000000711200000| Untracked 
| 112|0x0000000711400000, 0x0000000711400000, 0x0000000711600000|  0%| F|  |TAMS 0x0000000711400000, 0x0000000711400000| Untracked 
| 113|0x0000000711600000, 0x0000000711600000, 0x0000000711800000|  0%| F|  |TAMS 0x0000000711600000, 0x0000000711600000| Untracked 
| 114|0x0000000711800000, 0x0000000711800000, 0x0000000711a00000|  0%| F|  |TAMS 0x0000000711800000, 0x0000000711800000| Untracked 
| 115|0x0000000711a00000, 0x0000000711a00000, 0x0000000711c00000|  0%| F|  |TAMS 0x0000000711a00000, 0x0000000711a00000| Untracked 
| 116|0x0000000711c00000, 0x0000000711c00000, 0x0000000711e00000|  0%| F|  |TAMS 0x0000000711c00000, 0x0000000711c00000| Untracked 
| 117|0x0000000711e00000, 0x0000000711e00000, 0x0000000712000000|  0%| F|  |TAMS 0x0000000711e00000, 0x0000000711e00000| Untracked 
| 118|0x0000000712000000, 0x0000000712000000, 0x0000000712200000|  0%| F|  |TAMS 0x0000000712000000, 0x0000000712000000| Untracked 
| 119|0x0000000712200000, 0x0000000712200000, 0x0000000712400000|  0%| F|  |TAMS 0x0000000712200000, 0x0000000712200000| Untracked 
| 120|0x0000000712400000, 0x0000000712400000, 0x0000000712600000|  0%| F|  |TAMS 0x0000000712400000, 0x0000000712400000| Untracked 
| 121|0x0000000712600000, 0x0000000712600000, 0x0000000712800000|  0%| F|  |TAMS 0x0000000712600000, 0x0000000712600000| Untracked 
| 122|0x0000000712800000, 0x0000000712800000, 0x0000000712a00000|  0%| F|  |TAMS 0x0000000712800000, 0x0000000712800000| Untracked 
| 123|0x0000000712a00000, 0x0000000712bc31f0, 0x0000000712c00000| 88%| E|  |TAMS 0x0000000712a00000, 0x0000000712a00000| Complete 
| 124|0x0000000712c00000, 0x0000000712e00000, 0x0000000712e00000|100%| E|CS|TAMS 0x0000000712c00000, 0x0000000712c00000| Complete 
| 125|0x0000000712e00000, 0x0000000713000000, 0x0000000713000000|100%| E|CS|TAMS 0x0000000712e00000, 0x0000000712e00000| Complete 
| 126|0x0000000713000000, 0x0000000713200000, 0x0000000713200000|100%| E|CS|TAMS 0x0000000713000000, 0x0000000713000000| Complete 

Card table byte_map: [0x00000179fb020000,0x00000179fb810000] _byte_map_base: 0x00000179f7806000

Marking Bits (Prev, Next): (CMBitMap*) 0x00000179e13f1610, (CMBitMap*) 0x00000179e13f1650
 Prev Bits: [0x00000179fc000000, 0x00000179fff30000)
 Next Bits: [0x0000017980000000, 0x0000017983f30000)

Polling page: 0x00000179e1250000

Metaspace:

Usage:
  Non-class:      6.36 MB capacity,     6.25 MB ( 98%) used,    96.41 KB (  1%) free+waste,    11.50 KB ( <1%) overhead. 
      Class:    867.00 KB capacity,   803.90 KB ( 93%) used,    58.16 KB (  7%) free+waste,     4.94 KB ( <1%) overhead. 
       Both:      7.20 MB capacity,     7.04 MB ( 98%) used,   154.58 KB (  2%) free+waste,    16.44 KB ( <1%) overhead. 

Virtual space:
  Non-class space:        8.00 MB reserved,       6.50 MB ( 81%) committed 
      Class space:        1.00 GB reserved,     896.00 KB ( <1%) committed 
             Both:        1.01 GB reserved,       7.38 MB ( <1%) committed 

Chunk freelists:
   Non-Class:  20.00 KB
       Class:  0 bytes
        Both:  20.00 KB

MaxMetaspaceSize: 17179869184.00 GB
CompressedClassSpaceSize: 1.00 GB

CodeHeap 'non-profiled nmethods': size=120000Kb used=205Kb max_used=205Kb free=119794Kb
 bounds [0x00000179f28a0000, 0x00000179f2b10000, 0x00000179f9dd0000]
CodeHeap 'profiled nmethods': size=120000Kb used=1016Kb max_used=1016Kb free=118984Kb
 bounds [0x00000179eb370000, 0x00000179eb5e0000, 0x00000179f28a0000]
CodeHeap 'non-nmethods': size=5760Kb used=1274Kb max_used=1293Kb free=4485Kb
 bounds [0x00000179eadd0000, 0x00000179eb040000, 0x00000179eb370000]
 total_blobs=1253 nmethods=705 adapters=461
 compilation: enabled
              stopped_count=0, restarted_count=0
 full_count=0

Compilation events (20 events):
Event: 0.631 Thread 0x00000179872f1d70  694       3       java.lang.invoke.InvokerBytecodeGenerator::emitReferenceCast (188 bytes)
Event: 0.632 Thread 0x00000179872f1d70 nmethod 694 0x00000179eb468310 code [0x00000179eb468620, 0x00000179eb4695c8]
Event: 0.632 Thread 0x00000179872f1d70  695       3       java.lang.invoke.LambdaForm$NamedFunction::member (26 bytes)
Event: 0.632 Thread 0x00000179872f1d70 nmethod 695 0x00000179eb469a90 code [0x00000179eb469c20, 0x00000179eb469d38]
Event: 0.632 Thread 0x00000179872f1d70  696       3       java.lang.invoke.InvokerBytecodeGenerator::isStaticallyInvocable (174 bytes)
Event: 0.633 Thread 0x00000179872eb8c0 nmethod 690 0x00000179f28d1f90 code [0x00000179f28d2120, 0x00000179f28d2378]
Event: 0.633 Thread 0x00000179872eb8c0  697       4       java.util.ImmutableCollections$ListN::size (6 bytes)
Event: 0.634 Thread 0x00000179872eb8c0 nmethod 697 0x00000179f28d2490 code [0x00000179f28d2600, 0x00000179f28d2678]
Event: 0.634 Thread 0x000001798d421d00 nmethod 689 0x00000179f28d2790 code [0x00000179f28d2920, 0x00000179f28d2cd8]
Event: 0.637 Thread 0x00000179872f1d70 nmethod 696 0x00000179eb469e10 code [0x00000179eb46a2c0, 0x00000179eb46c6c8]
Event: 0.637 Thread 0x00000179872f1d70  705       3       sun.nio.cs.SingleByte$Encoder::encode (32 bytes)
Event: 0.637 Thread 0x00000179872f1d70 nmethod 705 0x00000179eb46d090 code [0x00000179eb46d240, 0x00000179eb46d3f8]
Event: 0.637 Thread 0x00000179872f1d70  684       3       jdk.internal.org.objectweb.asm.MethodWriter::visitCode (1 bytes)
Event: 0.637 Thread 0x00000179872f1d70 nmethod 684 0x00000179eb46d510 code [0x00000179eb46d6a0, 0x00000179eb46d798]
Event: 0.637 Thread 0x00000179872f1d70  700       3       jdk.internal.org.objectweb.asm.MethodWriter::visitTypeInsn (116 bytes)
Event: 0.638 Thread 0x00000179872f1d70 nmethod 700 0x00000179eb46d810 code [0x00000179eb46da00, 0x00000179eb46de08]
Event: 0.638 Thread 0x00000179872f1d70  704       1       java.lang.reflect.Method::getModifiers (5 bytes)
Event: 0.638 Thread 0x00000179872f1d70 nmethod 704 0x00000179f28d2e90 code [0x00000179f28d3020, 0x00000179f28d30d8]
Event: 0.638 Thread 0x00000179872f1d70  703       1       java.lang.reflect.Method::getReturnType (5 bytes)
Event: 0.638 Thread 0x00000179872f1d70 nmethod 703 0x00000179f28d3190 code [0x00000179f28d3320, 0x00000179f28d33d8]

GC Heap History (0 events):
No events

Deoptimization events (20 events):
Event: 0.546 Thread 0x0000017987467b80 Uncommon trap: trap_request=0xffffff45 fr.pc=0x00000179f28cbb70 relative=0x00000000000003b0
Event: 0.546 Thread 0x0000017987467b80 Uncommon trap: reason=unstable_if action=reinterpret pc=0x00000179f28cbb70 method=java.awt.image.DirectColorModel.getDataElements(ILjava/lang/Object;)Ljava/lang/Object; @ 11 c2
Event: 0.546 Thread 0x0000017987467b80 DEOPT PACKING pc=0x00000179f28cbb70 sp=0x00000026758feec0
Event: 0.546 Thread 0x0000017987467b80 DEOPT UNPACKING pc=0x00000179eadd852f sp=0x00000026758fee38 mode 2
Event: 0.576 Thread 0x0000017987467b80 DEOPT PACKING pc=0x00000179eb44d35a sp=0x00000026758fef00
Event: 0.576 Thread 0x0000017987467b80 DEOPT UNPACKING pc=0x00000179eae1f6cf sp=0x00000026758fe3c8 mode 0
Event: 0.576 Thread 0x0000017987467b80 DEOPT PACKING pc=0x00000179eb44d35a sp=0x00000026758fef00
Event: 0.576 Thread 0x0000017987467b80 DEOPT UNPACKING pc=0x00000179eae1f6cf sp=0x00000026758fe3c8 mode 0
Event: 0.576 Thread 0x0000017987467b80 DEOPT PACKING pc=0x00000179eb44d35a sp=0x00000026758fef00
Event: 0.576 Thread 0x0000017987467b80 DEOPT UNPACKING pc=0x00000179eae1f6cf sp=0x00000026758fe3c8 mode 0
Event: 0.621 Thread 0x0000017987467b80 DEOPT PACKING pc=0x00000179eb45bdba sp=0x00000026758fef20
Event: 0.621 Thread 0x0000017987467b80 DEOPT UNPACKING pc=0x00000179eae1f6cf sp=0x00000026758fe3b8 mode 0
Event: 0.621 Thread 0x0000017987467b80 DEOPT PACKING pc=0x00000179eb44d35a sp=0x00000026758feef0
Event: 0.621 Thread 0x0000017987467b80 DEOPT UNPACKING pc=0x00000179eae1f6cf sp=0x00000026758fe3b8 mode 0
Event: 0.621 Thread 0x0000017987467b80 DEOPT PACKING pc=0x00000179eb44d35a sp=0x00000026758feef0
Event: 0.621 Thread 0x0000017987467b80 DEOPT UNPACKING pc=0x00000179eae1f6cf sp=0x00000026758fe3b8 mode 0
Event: 0.623 Thread 0x0000017987467b80 Uncommon trap: trap_request=0xffffff45 fr.pc=0x00000179f28cc9a0 relative=0x0000000000000100
Event: 0.623 Thread 0x0000017987467b80 Uncommon trap: reason=unstable_if action=reinterpret pc=0x00000179f28cc9a0 method=ch.bbw.gameboy.impl.GameBbwoy$SwingDisplay.assertPositiveAtMost(Ljava/lang/String;II)V @ 1 c2
Event: 0.623 Thread 0x0000017987467b80 DEOPT PACKING pc=0x00000179f28cc9a0 sp=0x00000026758fee90
Event: 0.623 Thread 0x0000017987467b80 DEOPT UNPACKING pc=0x00000179eadd852f sp=0x00000026758fedd0 mode 2

Classes unloaded (0 events):
No events

Classes redefined (0 events):
No events

Internal exceptions (14 events):
Event: 0.091 Thread 0x00000179e139dbd0 Exception <a 'java/lang/ClassNotFoundException'{0x0000000713160db0}: sun/awt/resources/spi/awtProvider> (0x0000000713160db0) 
thrown [./open/src/hotspot/share/classfile/systemDictionary.cpp, line 295]
Event: 0.110 Thread 0x00000179e139dbd0 Exception <a 'java/io/FileNotFoundException'{0x00000007131b0870}> (0x00000007131b0870) 
thrown [./open/src/hotspot/share/prims/jni.cpp, line 578]
Event: 0.116 Thread 0x00000179e139dbd0 Exception <a 'java/io/FileNotFoundException'{0x00000007131df320}> (0x00000007131df320) 
thrown [./open/src/hotspot/share/prims/jni.cpp, line 578]
Event: 0.117 Thread 0x00000179e139dbd0 Exception <a 'java/lang/NoSuchMethodError'{0x00000007131e0660}: 'java.lang.Object java.lang.invoke.DirectMethodHandle$Holder.invokeStatic(java.lang.Object)'> (0x00000007131e0660) 
thrown [./open/src/hotspot/share/interpreter/linkResolver.cpp, line 782]
Event: 0.124 Thread 0x00000179e139dbd0 Exception <a 'java/lang/NoSuchMethodError'{0x00000007131ee6d8}: 'void java.lang.invoke.DirectMethodHandle$Holder.invokeSpecial(java.lang.Object, java.lang.Object, java.lang.Object)'> (0x00000007131ee6d8) 
thrown [./open/src/hotspot/share/interpreter/linkResolver.cpp, line 782]
Event: 0.147 Thread 0x00000179e139dbd0 Exception <a 'java/lang/NoSuchMethodError'{0x0000000712e25a10}: 'java.lang.Object java.lang.invoke.DirectMethodHandle$Holder.invokeStaticInit(java.lang.Object)'> (0x0000000712e25a10) 
thrown [./open/src/hotspot/share/interpreter/linkResolver.cpp, line 782]
Event: 0.179 Thread 0x00000179e139dbd0 Exception <a 'java/lang/NoSuchMethodError'{0x0000000712e65a38}: 'void java.lang.invoke.DirectMethodHandle$Holder.invokeStaticInit(java.lang.Object)'> (0x0000000712e65a38) 
thrown [./open/src/hotspot/share/interpreter/linkResolver.cpp, line 782]
Event: 0.191 Thread 0x00000179e139dbd0 Exception <a 'java/lang/NoSuchMethodError'{0x0000000712efade8}: 'java.lang.Object java.lang.invoke.DirectMethodHandle$Holder.newInvokeSpecial(java.lang.Object, java.lang.Object, java.lang.Object, java.lang.Object, java.lang.Object)'> (0x0000000712efade8) 
thrown [./open/src/hotspot/share/interpreter/linkResolver.cpp, line 782]
Event: 0.193 Thread 0x00000179e139dbd0 Exception <a 'java/lang/NoSuchMethodError'{0x0000000712f065d0}: 'java.lang.Object java.lang.invoke.DirectMethodHandle$Holder.invokeStatic(java.lang.Object, int, java.lang.Object, java.lang.Object, java.lang.Object, java.lang.Object)'> (0x0000000712f065d0) 
thrown [./open/src/hotspot/share/interpreter/linkResolver.cpp, line 782]
Event: 0.198 Thread 0x00000179e139dbd0 Exception <a 'java/lang/NoSuchMethodError'{0x0000000712f2c5d0}: 'java.lang.Object java.lang.invoke.DirectMethodHandle$Holder.invokeStatic(java.lang.Object, int, java.lang.Object)'> (0x0000000712f2c5d0) 
thrown [./open/src/hotspot/share/interpreter/linkResolver.cpp, line 782]
Event: 0.233 Thread 0x00000179e139dbd0 Exception <a 'java/lang/ClassNotFoundException'{0x0000000712faf3f0}: com/sun/java/swing/plaf/windows/resources/spi/windowsProvider> (0x0000000712faf3f0) 
thrown [./open/src/hotspot/share/classfile/systemDictionary.cpp, line 295]
Event: 0.235 Thread 0x00000179e139dbd0 Exception <a 'java/lang/ClassNotFoundException'{0x0000000712fb37b0}: com/sun/swing/internal/plaf/basic/resources/spi/basicProvider> (0x0000000712fb37b0) 
thrown [./open/src/hotspot/share/classfile/systemDictionary.cpp, line 295]
Event: 0.500 Thread 0x00000179e139dbd0 Exception <a 'java/lang/NoSuchMethodError'{0x0000000712a0ebb0}: 'void java.lang.invoke.DirectMethodHandle$Holder.invokeStatic(java.lang.Object, java.lang.Object, java.lang.Object)'> (0x0000000712a0ebb0) 
thrown [./open/src/hotspot/share/interpreter/linkResolver.cpp, line 782]
Event: 0.546 Thread 0x0000017987467b80 Implicit null exception at 0x00000179f28cb7fa to 0x00000179f28cbb58

Events (20 events):
Event: 0.603 loading class sun/java2d/loops/RenderLoops
Event: 0.603 loading class sun/java2d/loops/RenderLoops done
Event: 0.603 loading class sun/java2d/loops/GraphicsPrimitiveMgr$PrimitiveSpec
Event: 0.603 loading class sun/java2d/loops/GraphicsPrimitiveMgr$PrimitiveSpec done
Event: 0.604 loading class sun/java2d/opengl/OGLSurfaceDataProxy
Event: 0.605 loading class sun/java2d/opengl/OGLSurfaceDataProxy done
Event: 0.605 loading class sun/java2d/StateTrackableDelegate$1
Event: 0.605 loading class sun/java2d/StateTrackableDelegate$1 done
Event: 0.632 loading class java/util/concurrent/ExecutionException
Event: 0.632 loading class java/util/concurrent/ExecutionException done
Event: 0.633 loading class java/lang/Throwable$WrappedPrintStream
Event: 0.633 loading class java/lang/Throwable$PrintStreamOrWriter
Event: 0.633 loading class java/lang/Throwable$PrintStreamOrWriter done
Event: 0.633 loading class java/lang/Throwable$WrappedPrintStream done
Event: 0.633 loading class java/lang/StackTraceElement$HashedModules
Event: 0.634 loading class java/lang/StackTraceElement$HashedModules done
Event: 0.636 Thread 0x0000017987466840 Thread added: 0x0000017987466840
Event: 0.664 Thread 0x0000017987466d10 Thread exited: 0x0000017987466d10
Event: 0.751 Thread 0x0000017987466840 Thread exited: 0x0000017987466840
Event: 0.751 Executing VM operation: Exit


Dynamic libraries:
0x00007ff750610000 - 0x00007ff75061d000 	C:\Users\nilsh\.jdks\openjdk-15.0.2\bin\java.exe
0x00007ff9ffa30000 - 0x00007ff9ffc25000 	C:\WINDOWS\SYSTEM32\ntdll.dll
0x00007ff9fdea0000 - 0x00007ff9fdf5d000 	C:\WINDOWS\System32\KERNEL32.DLL
0x00007ff9fd640000 - 0x00007ff9fd909000 	C:\WINDOWS\System32\KERNELBASE.dll
0x00007ff9fd910000 - 0x00007ff9fda10000 	C:\WINDOWS\System32\ucrtbase.dll
0x00007ff9f48f0000 - 0x00007ff9f4908000 	C:\Users\nilsh\.jdks\openjdk-15.0.2\bin\jli.dll
0x00007ff9f4910000 - 0x00007ff9f4929000 	C:\Users\nilsh\.jdks\openjdk-15.0.2\bin\VCRUNTIME140.dll
0x00007ff9fe040000 - 0x00007ff9fe1e0000 	C:\WINDOWS\System32\USER32.dll
0x00007ff9fd570000 - 0x00007ff9fd592000 	C:\WINDOWS\System32\win32u.dll
0x00007ff9fc670000 - 0x00007ff9fc90a000 	C:\WINDOWS\WinSxS\amd64_microsoft.windows.common-controls_6595b64144ccf1df_6.0.19041.844_none_ca00b6081b84eb1d\COMCTL32.dll
0x00007ff9fe280000 - 0x00007ff9fe2aa000 	C:\WINDOWS\System32\GDI32.dll
0x00007ff9fe1e0000 - 0x00007ff9fe27e000 	C:\WINDOWS\System32\msvcrt.dll
0x00007ff9fd170000 - 0x00007ff9fd27b000 	C:\WINDOWS\System32\gdi32full.dll
0x00007ff9fd5a0000 - 0x00007ff9fd63d000 	C:\WINDOWS\System32\msvcp_win.dll
0x00007ff9fe870000 - 0x00007ff9fe8a0000 	C:\WINDOWS\System32\IMM32.DLL
0x00007ff9f33f0000 - 0x00007ff9f33fc000 	C:\Users\nilsh\.jdks\openjdk-15.0.2\bin\vcruntime140_1.dll
0x00007ff9e59f0000 - 0x00007ff9e5a81000 	C:\Users\nilsh\.jdks\openjdk-15.0.2\bin\msvcp140.dll
0x00007ff987940000 - 0x00007ff98849e000 	C:\Users\nilsh\.jdks\openjdk-15.0.2\bin\server\jvm.dll
0x00007ff9fec80000 - 0x00007ff9fed2c000 	C:\WINDOWS\System32\ADVAPI32.dll
0x00007ff9ff950000 - 0x00007ff9ff9ec000 	C:\WINDOWS\System32\sechost.dll
0x00007ff9fe670000 - 0x00007ff9fe79b000 	C:\WINDOWS\System32\RPCRT4.dll
0x00007ff9fe390000 - 0x00007ff9fe398000 	C:\WINDOWS\System32\PSAPI.DLL
0x00007ff9e9540000 - 0x00007ff9e9549000 	C:\WINDOWS\SYSTEM32\WSOCK32.dll
0x00007ff9faa70000 - 0x00007ff9faa7a000 	C:\WINDOWS\SYSTEM32\VERSION.dll
0x00007ff9e3dc0000 - 0x00007ff9e3de7000 	C:\WINDOWS\SYSTEM32\WINMM.dll
0x00007ff9fe800000 - 0x00007ff9fe86b000 	C:\WINDOWS\System32\WS2_32.dll
0x00007ff9fad40000 - 0x00007ff9fad52000 	C:\WINDOWS\SYSTEM32\kernel.appcore.dll
0x00007ff9f33e0000 - 0x00007ff9f33ea000 	C:\Users\nilsh\.jdks\openjdk-15.0.2\bin\jimage.dll
0x00007ff9fcb80000 - 0x00007ff9fcd64000 	C:\WINDOWS\SYSTEM32\DBGHELP.DLL
0x00007ff9fcad0000 - 0x00007ff9fcafc000 	C:\WINDOWS\SYSTEM32\dbgcore.DLL
0x00007ff9fda10000 - 0x00007ff9fda90000 	C:\WINDOWS\System32\bcryptPrimitives.dll
0x00007ff9e5d30000 - 0x00007ff9e5d55000 	C:\Users\nilsh\.jdks\openjdk-15.0.2\bin\java.dll
0x00007ff9ff200000 - 0x00007ff9ff942000 	C:\WINDOWS\System32\SHELL32.dll
0x00007ff9fa2d0000 - 0x00007ff9faa60000 	C:\WINDOWS\SYSTEM32\windows.storage.dll
0x00007ff9fdb40000 - 0x00007ff9fde95000 	C:\WINDOWS\System32\combase.dll
0x00007ff9fc4f0000 - 0x00007ff9fc51c000 	C:\WINDOWS\SYSTEM32\Wldp.dll
0x00007ff9febd0000 - 0x00007ff9fec7e000 	C:\WINDOWS\System32\SHCORE.dll
0x00007ff9fe7a0000 - 0x00007ff9fe7f5000 	C:\WINDOWS\System32\shlwapi.dll
0x00007ff9fd0b0000 - 0x00007ff9fd0cf000 	C:\WINDOWS\SYSTEM32\profapi.dll
0x00007ff9bc3d0000 - 0x00007ff9bc54f000 	C:\Users\nilsh\.jdks\openjdk-15.0.2\bin\awt.dll
0x00007ff9fdf60000 - 0x00007ff9fe02d000 	C:\WINDOWS\System32\OLEAUT32.dll
0x00007ff9f9b20000 - 0x00007ff9f9bb0000 	C:\WINDOWS\SYSTEM32\apphelp.dll
0x00007ff9f9cf0000 - 0x00007ff9f9d8e000 	C:\WINDOWS\system32\uxtheme.dll
0x00007ff9fe3a0000 - 0x00007ff9fe4b5000 	C:\WINDOWS\System32\MSCTF.dll
0x00007ff9fea10000 - 0x00007ff9feb3a000 	C:\WINDOWS\System32\ole32.dll
0x00007ff9c8d00000 - 0x00007ff9c8e26000 	C:\WINDOWS\system32\opengl32.dll
0x00007ff9c8c90000 - 0x00007ff9c8cbc000 	C:\WINDOWS\SYSTEM32\GLU32.dll
0x00007ff9f9dd0000 - 0x00007ff9f9dff000 	C:\WINDOWS\system32\DWMAPI.DLL
0x00007ff9d7040000 - 0x00007ff9d70c5000 	C:\Users\nilsh\.jdks\openjdk-15.0.2\bin\freetype.dll
0x00007ff9d6f90000 - 0x00007ff9d7039000 	C:\Users\nilsh\.jdks\openjdk-15.0.2\bin\fontmanager.dll
0x00007ff9e5d10000 - 0x00007ff9e5d29000 	C:\Users\nilsh\.jdks\openjdk-15.0.2\bin\net.dll
0x00007ff9f31d0000 - 0x00007ff9f32dc000 	C:\WINDOWS\SYSTEM32\WINHTTP.dll
0x00007ff9fc3a0000 - 0x00007ff9fc40a000 	C:\WINDOWS\system32\mswsock.dll
0x00007ff9dd400000 - 0x00007ff9dd412000 	C:\Users\nilsh\.jdks\openjdk-15.0.2\bin\nio.dll
0x00007ff9fda90000 - 0x00007ff9fdb39000 	C:\WINDOWS\System32\clbcatq.dll
0x00007ff985540000 - 0x00007ff9865a9000 	C:\WINDOWS\System32\DriverStore\FileRepository\iigd_dch.inf_amd64_d56593f46e53a9ee\ig11icd64.dll
0x00007ff9fadb0000 - 0x00007ff9faea3000 	C:\WINDOWS\system32\dxgi.dll
0x00007ff985140000 - 0x00007ff985534000 	C:\WINDOWS\System32\DriverStore\FileRepository\iigd_dch.inf_amd64_d56593f46e53a9ee\igdml64.dll
0x00007ff9ed650000 - 0x00007ff9ed8d2000 	C:\WINDOWS\System32\DriverStore\FileRepository\iigd_dch.inf_amd64_d56593f46e53a9ee\igdgmm64.dll
0x00007ff9eab10000 - 0x00007ff9ed641000 	C:\WINDOWS\System32\DriverStore\FileRepository\iigd_dch.inf_amd64_d56593f46e53a9ee\igc64.dll
0x00007ff9fcf30000 - 0x00007ff9fcf7b000 	C:\WINDOWS\SYSTEM32\powrprof.dll
0x00007ff9fcee0000 - 0x00007ff9fcef2000 	C:\WINDOWS\SYSTEM32\UMPDC.dll
0x00007ff9dd3e0000 - 0x00007ff9dd3f8000 	C:\Users\nilsh\.jdks\openjdk-15.0.2\bin\zip.dll
0x00007ff9e91d0000 - 0x00007ff9e92cb000 	C:\WINDOWS\SYSTEM32\textinputframework.dll
0x00007ff9f9810000 - 0x00007ff9f9902000 	C:\WINDOWS\System32\CoreMessaging.dll
0x00007ff9f9130000 - 0x00007ff9f948e000 	C:\WINDOWS\System32\CoreUIComponents.dll
0x00007ff9fce50000 - 0x00007ff9fce83000 	C:\WINDOWS\SYSTEM32\ntmarta.dll
0x00007ff9f8010000 - 0x00007ff9f8164000 	C:\WINDOWS\SYSTEM32\wintypes.dll
0x00007ff9cf5a0000 - 0x00007ff9cf606000 	C:\WINDOWS\system32\Oleacc.dll

dbghelp: loaded successfully - version: 4.0.5 - missing functions: none
symbol engine: initialized successfully - sym options: 0x614 - pdb path: .;C:\Users\nilsh\.jdks\openjdk-15.0.2\bin;C:\WINDOWS\SYSTEM32;C:\WINDOWS\WinSxS\amd64_microsoft.windows.common-controls_6595b64144ccf1df_6.0.19041.844_none_ca00b6081b84eb1d;C:\Users\nilsh\.jdks\openjdk-15.0.2\bin\server;C:\WINDOWS\System32\DriverStore\FileRepository\iigd_dch.inf_amd64_d56593f46e53a9ee

VM Arguments:
jvm_args: -Dfile.encoding=windows-1252 -Duser.country=CH -Duser.language=de -Duser.variant 
java_command: ch.bbw.gameboy.GameLogic
java_class_path (initial): C:\Users\nilsh\IdeaProjects\_bbw\404\bbw-404-spiel\build\classes\java\main;C:\Users\nilsh\IdeaProjects\_bbw\404\bbw-404-spiel\build\resources\main
Launcher Type: SUN_STANDARD

[Global flags]
     intx CICompilerCount                          = 4                                         {product} {ergonomic}
     uint ConcGCThreads                            = 2                                         {product} {ergonomic}
     uint G1ConcRefinementThreads                  = 8                                         {product} {ergonomic}
   size_t G1HeapRegionSize                         = 2097152                                   {product} {ergonomic}
    uintx GCDrainStackTargetSize                   = 64                                        {product} {ergonomic}
   size_t InitialHeapSize                          = 266338304                                 {product} {ergonomic}
   size_t MarkStackSize                            = 4194304                                   {product} {ergonomic}
   size_t MaxHeapSize                              = 4240441344                                {product} {ergonomic}
   size_t MaxNewSize                               = 2543845376                                {product} {ergonomic}
   size_t MinHeapDeltaBytes                        = 2097152                                   {product} {ergonomic}
   size_t MinHeapSize                              = 8388608                                   {product} {ergonomic}
    uintx NonNMethodCodeHeapSize                   = 5839372                                {pd product} {ergonomic}
    uintx NonProfiledCodeHeapSize                  = 122909434                              {pd product} {ergonomic}
    uintx ProfiledCodeHeapSize                     = 122909434                              {pd product} {ergonomic}
    uintx ReservedCodeCacheSize                    = 251658240                              {pd product} {ergonomic}
     bool SegmentedCodeCache                       = true                                      {product} {ergonomic}
   size_t SoftMaxHeapSize                          = 4240441344                             {manageable} {ergonomic}
     bool UseCompressedClassPointers               = true                                 {lp64_product} {ergonomic}
     bool UseCompressedOops                        = true                                 {lp64_product} {ergonomic}
     bool UseG1GC                                  = true                                      {product} {ergonomic}
     bool UseLargePagesIndividualAllocation        = false                                  {pd product} {ergonomic}

Logging:
Log output configuration:
 #0: stdout all=off uptime,level,tags
 #1: stderr all=off uptime,level,tags

Environment Variables:
PATH=C:\WINDOWS\system32;C:\WINDOWS;C:\WINDOWS\System32\Wbem;C:\WINDOWS\System32\WindowsPowerShell\v1.0\;C:\WINDOWS\System32\OpenSSH\;C:\Program Files\dotnet\;C:\Program Files\Git\cmd;C:\Program Files (x86)\010 Editor v3;;C:\Program Files\Docker\Docker\resources\bin;C:\ProgramData\DockerDesktop\version-bin;C:\Users\nilsh\AppData\Roaming\local\bin;C:\Users\nilsh\.cargo\bin;C:\Users\nilsh\AppData\Local\Microsoft\WindowsApps;C:\Users\nilsh\.dotnet\tools;C:\Program Files\CMake\bin;;C:\Users\nilsh\AppData\Local\Programs\Microsoft VS Code\bin
USERNAME=nilsh
OS=Windows_NT
PROCESSOR_IDENTIFIER=Intel64 Family 6 Model 126 Stepping 5, GenuineIntel



---------------  S Y S T E M  ---------------

OS:
 Windows 10 , 64 bit Build 19041 (10.0.19041.804)
OS uptime: 0 days 0:40 hours
HyperV virtualization detected

CPU: total 8 (initial active 8) (4 cores per cpu, 2 threads per core) family 6 model 126 stepping 5 microcode 0xa0, cmov, cx8, fxsr, mmx, sse, sse2, sse3, ssse3, sse4.1, sse4.2, popcnt, vzeroupper, avx, avx2, aes, clmul, erms, 3dnowpref, lzcnt, ht, tsc, tscinvbit, bmi1, bmi2, adx, avx512f, avx512dq, avx512cd, avx512bw, avx512vl, avx512_vpopcntdq, avx512_vpclmulqdq, avx512_vbmi, avx512_vbmi2, avx512_vaes, avx512_vnni, sha, fma, clflush, clflushopt

Memory: 4k page, system-wide physical 16172M (7790M free)
TotalPageFile size 18604M (AvailPageFile size 8815M)
current process WorkingSet (physical memory assigned to process): 113M, peak: 123M
current process commit charge ("private bytes"): 396M, peak: 407M

vm_info: OpenJDK 64-Bit Server VM (15.0.2+7-27) for windows-amd64 JRE (15.0.2+7-27), built on Dec  7 2020 20:02:38 by "mach5one" with unknown MS VC++:1925

END.
