#
# A fatal error has been detected by the Java Runtime Environment:
#
#  EXCEPTION_ACCESS_VIOLATION (0xc0000005) at pc=0x00007ff985b01359, pid=8608, tid=9768
#
# JRE version: OpenJDK Runtime Environment (15.0.2+7) (build 15.0.2+7-27)
# Java VM: OpenJDK 64-Bit Server VM (15.0.2+7-27, mixed mode, sharing, tiered, compressed oops, g1 gc, windows-amd64)
# Problematic frame:
# C  [ig11icd64.dll+0x5c1359]
#
# No core dump will be written. Minidumps are not enabled by default on client versions of Windows
#
# If you would like to submit a bug report, please visit:
#   https://bugreport.java.com/bugreport/crash.jsp
#

---------------  S U M M A R Y ------------

Command Line: -Dfile.encoding=windows-1252 -Duser.country=CH -Duser.language=de -Duser.variant ch.bbw.gameboy.GameLogic

Host: Intel(R) Core(TM) i7-1065G7 CPU @ 1.30GHz, 8 cores, 15G,  Windows 10 , 64 bit Build 19041 (10.0.19041.804)
Time: Mon Apr 12 08:32:20 2021 Mitteleuropäische Sommerzeit elapsed time: 1.039796 seconds (0d 0h 0m 1s)

---------------  T H R E A D  ---------------

Current thread (0x000001f37d92fcf0):  VMThread "VM Thread" [stack: 0x000000571e300000,0x000000571e400000] [id=9768]

Stack: [0x000000571e300000,0x000000571e400000],  sp=0x000000571e3fdf90,  free space=1015k
Native frames: (J=compiled Java code, j=interpreted, Vv=VM code, C=native code)
C  [ig11icd64.dll+0x5c1359]


siginfo: EXCEPTION_ACCESS_VIOLATION (0xc0000005), reading address 0x00000000000352e8


Register to memory mapping:

RIP=0x00007ff985b01359 ig11icd64.dll
RAX=0x000001f3045fb070 points into unknown readable memory: 0x0000000000000050 | 50 00 00 00 00 00 00 00
RBX=0x000001f3045faf60 points into unknown readable memory: 0x000001f37ea51dc0 | c0 1d a5 7e f3 01 00 00
RCX=0x0 is NULL
RDX=0x000001f3045fb030 points into unknown readable memory: 0x0000000000000000 | 00 00 00 00 00 00 00 00
RSP=0x000000571e3fdf90 points into unknown readable memory: 0x000001f37ea01240 | 40 12 a0 7e f3 01 00 00
RBP=0x000001f3045f9920 points into unknown readable memory: 0x000001f37ea51dc0 | c0 1d a5 7e f3 01 00 00
RSI=0x000001f3045fb478 points into unknown readable memory: 0x000001f3045f9920 | 20 99 5f 04 f3 01 00 00
RDI=0x000001f37ed6ff30 points into unknown readable memory: 0x0000000000000000 | 00 00 00 00 00 00 00 00
R8 =0x0000000000000008 is an unknown value
R9 =0x0 is NULL
R10=0x0 is NULL
R11=0x0000000000000246 is an unknown value
R12=0x0 is NULL
R13=0x0 is NULL
R14=0x0 is NULL
R15=0x0 is NULL


Registers:
RAX=0x000001f3045fb070, RBX=0x000001f3045faf60, RCX=0x0000000000000000, RDX=0x000001f3045fb030
RSP=0x000000571e3fdf90, RBP=0x000001f3045f9920, RSI=0x000001f3045fb478, RDI=0x000001f37ed6ff30
R8 =0x0000000000000008, R9 =0x0000000000000000, R10=0x0000000000000000, R11=0x0000000000000246
R12=0x0000000000000000, R13=0x0000000000000000, R14=0x0000000000000000, R15=0x0000000000000000
RIP=0x00007ff985b01359, EFLAGS=0x0000000000010202

Top of Stack: (sp=0x000000571e3fdf90)
0x000000571e3fdf90:   000001f37ea01240 013b9be7012bb9e6
0x000000571e3fdfa0:   000000571e3fdfd8 0000005400000000
0x000000571e3fdfb0:   00007ff9864ddc50 0000000000000053
0x000000571e3fdfc0:   000001f37ef4b180 0000000000000060
0x000000571e3fdfd0:   0000000000000000 00007ff985ae2adc
0x000000571e3fdfe0:   000001f37ea01240 000001f37ed6ff30
0x000000571e3fdff0:   000000571e3fe0e0 0000000000000000
0x000000571e3fe000:   00000000000029fc 0000000000000000
0x000000571e3fe010:   00f4d82d00f81202 011d695d00b4114b
0x000000571e3fe020:   00902c6800ae4160 0085838a00d1a87b
0x000000571e3fe030:   00ff279f00e3fa8a 011d95a600cfada5
0x000000571e3fe040:   012864f300d777c7 5906000001410004
0x000000571e3fe050:   5d3a0122b72a016c 00020105adcd00e3
0x000000571e3fe060:   0112692700000142 014300010181ed72
0x000000571e3fe070:   0000007cecc00000 000001f30800040c
0x000000571e3fe080:   000001f3578a89c0 00007ff9ffa4e249 

Instructions: (pc=0x00007ff985b01359)
0x00007ff985b01259:   30 44 38 24 01 75 05 e8 c3 1d f9 ff 65 48 8b 04
0x00007ff985b01269:   25 58 00 00 00 41 be 10 00 00 00 48 8b 04 30 4d
0x00007ff985b01279:   8b 34 06 48 85 ed 0f 84 6f 03 00 00 66 66 66 0f
0x00007ff985b01289:   1f 84 00 00 00 00 00 48 8b dd 48 8d b5 18 05 00
0x00007ff985b01299:   00 48 8b 2e 45 84 ff 74 1d 48 8b 0b 48 8b d3 80
0x00007ff985b012a9:   bb 6a 05 00 00 00 0f 85 f2 02 00 00 e8 c6 64 fe
0x00007ff985b012b9:   ff e9 f4 02 00 00 8b 8f d0 01 00 00 48 8b 05 54
0x00007ff985b012c9:   03 8e 00 83 b8 54 03 00 00 02 0f 85 f4 00 00 00
0x00007ff985b012d9:   48 8d 93 d0 00 00 00 83 f9 10 73 04 8b c1 eb 56
0x00007ff985b012e9:   44 8d 41 f0 41 8b c0 c1 e8 04 83 f8 03 73 20 0f
0x00007ff985b012f9:   ae e8 41 83 e0 0f 4c 8b 8c c2 00 04 00 00 4d 85
0x00007ff985b01309:   c9 74 25 41 8b c0 48 c1 e0 06 49 03 c1 eb 2e 48
0x00007ff985b01319:   8b 82 18 04 00 00 48 85 c0 74 0d 39 08 74 29 48
0x00007ff985b01329:   8b 40 48 48 85 c0 75 f3 80 ba 20 04 00 00 00 74
0x00007ff985b01339:   1d 8b c1 83 e0 0f 48 c1 e0 06 48 03 c2 48 85 c0
0x00007ff985b01349:   74 0c 48 8b 48 08 eb 08 48 83 c0 08 eb ef 33 c9
0x00007ff985b01359:   49 3b 8e e8 52 03 00 76 6b 48 8b 87 80 02 00 00
0x00007ff985b01369:   48 89 06 48 89 9f 80 02 00 00 ff 87 88 02 00 00
0x00007ff985b01379:   48 8b 4b 08 48 8b 01 ba 01 00 00 00 48 8b 80 d8
0x00007ff985b01389:   02 00 00 ff 15 5e 62 58 00 0f b7 c8 48 2b c1 48
0x00007ff985b01399:   05 00 00 01 00 48 01 87 90 02 00 00 48 8b 4b 08
0x00007ff985b013a9:   48 8b 01 ba 01 00 00 00 48 8b 80 d8 02 00 00 ff
0x00007ff985b013b9:   15 32 62 58 00 48 01 87 a0 02 00 00 41 b4 01 e9
0x00007ff985b013c9:   e6 01 00 00 44 8b 9f d0 01 00 00 48 8b 87 e8 01
0x00007ff985b013d9:   00 00 4c 8b 10 8b 8f d0 01 00 00 48 8d 93 d0 00
0x00007ff985b013e9:   00 00 83 f9 10 73 04 8b c1 eb 57 44 8d 41 f0 41
0x00007ff985b013f9:   8b c0 c1 e8 04 83 f8 03 73 20 0f ae e8 41 83 e0
0x00007ff985b01409:   0f 4c 8b 8c c2 00 04 00 00 4d 85 c9 74 26 41 8b
0x00007ff985b01419:   c0 48 c1 e0 06 49 03 c1 eb 2f 48 8b 82 18 04 00
0x00007ff985b01429:   00 48 85 c0 74 0e 90 39 08 74 3c 48 8b 40 48 48
0x00007ff985b01439:   85 c0 75 f3 80 ba 20 04 00 00 00 74 1b 8b c1 83
0x00007ff985b01449:   e0 0f 48 c1 e0 06 48 03 c2 48 85 c0 74 0a 4c 39 


Stack slot to memory mapping:
stack at sp + 0 slots: 0x000001f37ea01240 points into unknown readable memory: 0xffffffffffffffff | ff ff ff ff ff ff ff ff
stack at sp + 1 slots: 0x013b9be7012bb9e6 is an unknown value
stack at sp + 2 slots: 0x000000571e3fdfd8 points into unknown readable memory: 0x00007ff985ae2adc | dc 2a ae 85 f9 7f 00 00
stack at sp + 3 slots: 0x0000005400000000 is an unknown value
stack at sp + 4 slots: 0x00007ff9864ddc50 ig11icd64.dll
stack at sp + 5 slots: 0x0000000000000053 is an unknown value
stack at sp + 6 slots: 0x000001f37ef4b180 points into unknown readable memory: 0x0000000700000000 | 00 00 00 00 07 00 00 00
stack at sp + 7 slots: 0x0000000000000060 is an unknown value

VM_Operation (0x000000571ddff1e0): Exit, mode: safepoint, requested by thread 0x000001f357b50220


---------------  P R O C E S S  ---------------

Threads class SMR info:
_java_thread_list=0x000001f3049c0290, length=18, elements={
0x000001f357b50220, 0x000001f37d9353a0, 0x000001f37d937e90, 0x000001f37d950980,
0x000001f37d951340, 0x000001f37d952110, 0x000001f37d955e20, 0x000001f37d9630e0,
0x000001f37d99c9d0, 0x000001f37daa3030, 0x000001f37daae050, 0x000001f37dcd52e0,
0x000001f37dce01c0, 0x000001f37e9e0740, 0x000001f37f1576a0, 0x000001f37daf92a0,
0x000001f37daf9bc0, 0x000001f37f09d5c0
}

Java Threads: ( => current thread )
  0x000001f357b50220 JavaThread "main" [_thread_blocked, id=11544, stack(0x000000571dd00000,0x000000571de00000)]
  0x000001f37d9353a0 JavaThread "Reference Handler" daemon [_thread_blocked, id=16064, stack(0x000000571e400000,0x000000571e500000)]
  0x000001f37d937e90 JavaThread "Finalizer" daemon [_thread_blocked, id=16036, stack(0x000000571e500000,0x000000571e600000)]
  0x000001f37d950980 JavaThread "Signal Dispatcher" daemon [_thread_blocked, id=15832, stack(0x000000571e600000,0x000000571e700000)]
  0x000001f37d951340 JavaThread "Attach Listener" daemon [_thread_blocked, id=6776, stack(0x000000571e700000,0x000000571e800000)]
  0x000001f37d952110 JavaThread "Service Thread" daemon [_thread_blocked, id=11888, stack(0x000000571e800000,0x000000571e900000)]
  0x000001f37d955e20 JavaThread "C2 CompilerThread0" daemon [_thread_blocked, id=14900, stack(0x000000571e900000,0x000000571ea00000)]
  0x000001f37d9630e0 JavaThread "C1 CompilerThread0" daemon [_thread_blocked, id=9600, stack(0x000000571ea00000,0x000000571eb00000)]
  0x000001f37d99c9d0 JavaThread "Sweeper thread" daemon [_thread_blocked, id=14724, stack(0x000000571eb00000,0x000000571ec00000)]
  0x000001f37daa3030 JavaThread "Notification Thread" daemon [_thread_blocked, id=8068, stack(0x000000571ec00000,0x000000571ed00000)]
  0x000001f37daae050 JavaThread "Common-Cleaner" daemon [_thread_blocked, id=5348, stack(0x000000571ee00000,0x000000571ef00000)]
  0x000001f37dcd52e0 JavaThread "Java2D Disposer" daemon [_thread_blocked, id=11764, stack(0x000000571ef00000,0x000000571f000000)]
  0x000001f37dce01c0 JavaThread "AWT-Shutdown" [_thread_blocked, id=1808, stack(0x000000571f000000,0x000000571f100000)]
  0x000001f37e9e0740 JavaThread "Java2D Queue Flusher" daemon [_thread_blocked, id=6188, stack(0x000000571f200000,0x000000571f300000)]
  0x000001f37f1576a0 JavaThread "C2 CompilerThread1" daemon [_thread_blocked, id=3956, stack(0x000000571f600000,0x000000571f700000)]
  0x000001f37daf92a0 JavaThread "C2 CompilerThread2" daemon [_thread_blocked, id=15052, stack(0x000000571f700000,0x000000571f800000)]
  0x000001f37daf9bc0 JavaThread "AWT-EventQueue-0" [_thread_blocked, id=10736, stack(0x000000571f800000,0x000000571f900000)]
  0x000001f37f09d5c0 JavaThread "pool-1-thread-1" [_thread_blocked, id=1268, stack(0x000000571f900000,0x000000571fa00000)]

Other Threads:
=>0x000001f37d92fcf0 VMThread "VM Thread" [stack: 0x000000571e300000,0x000000571e400000] [id=9768]
  0x000001f357ba1d30 GCTaskThread "GC Thread#0" [stack: 0x000000571de00000,0x000000571df00000] [id=8088]
  0x000001f357bb2a50 ConcurrentGCThread "G1 Main Marker" [stack: 0x000000571df00000,0x000000571e000000] [id=5476]
  0x000001f357bb3cf0 ConcurrentGCThread "G1 Conc#0" [stack: 0x000000571e000000,0x000000571e100000] [id=9352]
  0x000001f357c2d1c0 ConcurrentGCThread "G1 Refine#0" [stack: 0x000000571e100000,0x000000571e200000] [id=10236]
  0x000001f357c2dcd0 ConcurrentGCThread "G1 Young RemSet Sampling" [stack: 0x000000571e200000,0x000000571e300000] [id=2220]

Threads with active compile tasks:

VM state: at safepoint (shutting down)

VM Mutex/Monitor currently owned by a thread:  ([mutex/lock_event])
[0x000001f357b49a90] Threads_lock - owner thread: 0x000001f37d92fcf0
[0x000001f357b4a9c0] Heap_lock - owner thread: 0x000001f357b50220

Heap address: 0x0000000703400000, size: 4044 MB, Compressed Oops mode: Zero based, Oop shift amount: 3
CDS archive(s) mapped at: [0x0000000800000000-0x0000000800b50000-0x0000000800b50000), size 11862016, SharedBaseAddress: 0x0000000800000000, ArchiveRelocationMode: 0.
Compressed class space mapped at: 0x0000000800b50000-0x0000000840b50000, size: 1073741824
Narrow klass base: 0x0000000800000000, Narrow klass shift: 3, Narrow klass range: 0x100000000

GC Precious Log:
 CPUs: 8 total, 8 available
 Memory: 16172M
 Large Page Support: Disabled
 NUMA Support: Disabled
 Compressed Oops: Enabled (Zero based)
 Heap Region Size: 2M
 Heap Min Capacity: 8M
 Heap Initial Capacity: 254M
 Heap Max Capacity: 4044M
 Pre-touch: Disabled
 Parallel Workers: 8
 Concurrent Workers: 2
 Concurrent Refinement Workers: 8
 Periodic GC: Disabled

Heap:
 garbage-first heap   total 260096K, used 8192K [0x0000000703400000, 0x0000000800000000)
  region size 2048K, 5 young (10240K), 0 survivors (0K)
 Metaspace       used 7311K, capacity 7499K, committed 7552K, reserved 1056768K
  class space    used 808K, capacity 867K, committed 896K, reserved 1048576K

Heap Regions: E=young(eden), S=young(survivor), O=old, HS=humongous(starts), HC=humongous(continues), CS=collection set, F=free, OA=open archive, CA=closed archive, TAMS=top-at-mark-start (previous, next)
|   0|0x0000000703400000, 0x0000000703400000, 0x0000000703600000|  0%| F|  |TAMS 0x0000000703400000, 0x0000000703400000| Untracked 
|   1|0x0000000703600000, 0x0000000703600000, 0x0000000703800000|  0%| F|  |TAMS 0x0000000703600000, 0x0000000703600000| Untracked 
|   2|0x0000000703800000, 0x0000000703800000, 0x0000000703a00000|  0%| F|  |TAMS 0x0000000703800000, 0x0000000703800000| Untracked 
|   3|0x0000000703a00000, 0x0000000703a00000, 0x0000000703c00000|  0%| F|  |TAMS 0x0000000703a00000, 0x0000000703a00000| Untracked 
|   4|0x0000000703c00000, 0x0000000703c00000, 0x0000000703e00000|  0%| F|  |TAMS 0x0000000703c00000, 0x0000000703c00000| Untracked 
|   5|0x0000000703e00000, 0x0000000703e00000, 0x0000000704000000|  0%| F|  |TAMS 0x0000000703e00000, 0x0000000703e00000| Untracked 
|   6|0x0000000704000000, 0x0000000704000000, 0x0000000704200000|  0%| F|  |TAMS 0x0000000704000000, 0x0000000704000000| Untracked 
|   7|0x0000000704200000, 0x0000000704200000, 0x0000000704400000|  0%| F|  |TAMS 0x0000000704200000, 0x0000000704200000| Untracked 
|   8|0x0000000704400000, 0x0000000704400000, 0x0000000704600000|  0%| F|  |TAMS 0x0000000704400000, 0x0000000704400000| Untracked 
|   9|0x0000000704600000, 0x0000000704600000, 0x0000000704800000|  0%| F|  |TAMS 0x0000000704600000, 0x0000000704600000| Untracked 
|  10|0x0000000704800000, 0x0000000704800000, 0x0000000704a00000|  0%| F|  |TAMS 0x0000000704800000, 0x0000000704800000| Untracked 
|  11|0x0000000704a00000, 0x0000000704a00000, 0x0000000704c00000|  0%| F|  |TAMS 0x0000000704a00000, 0x0000000704a00000| Untracked 
|  12|0x0000000704c00000, 0x0000000704c00000, 0x0000000704e00000|  0%| F|  |TAMS 0x0000000704c00000, 0x0000000704c00000| Untracked 
|  13|0x0000000704e00000, 0x0000000704e00000, 0x0000000705000000|  0%| F|  |TAMS 0x0000000704e00000, 0x0000000704e00000| Untracked 
|  14|0x0000000705000000, 0x0000000705000000, 0x0000000705200000|  0%| F|  |TAMS 0x0000000705000000, 0x0000000705000000| Untracked 
|  15|0x0000000705200000, 0x0000000705200000, 0x0000000705400000|  0%| F|  |TAMS 0x0000000705200000, 0x0000000705200000| Untracked 
|  16|0x0000000705400000, 0x0000000705400000, 0x0000000705600000|  0%| F|  |TAMS 0x0000000705400000, 0x0000000705400000| Untracked 
|  17|0x0000000705600000, 0x0000000705600000, 0x0000000705800000|  0%| F|  |TAMS 0x0000000705600000, 0x0000000705600000| Untracked 
|  18|0x0000000705800000, 0x0000000705800000, 0x0000000705a00000|  0%| F|  |TAMS 0x0000000705800000, 0x0000000705800000| Untracked 
|  19|0x0000000705a00000, 0x0000000705a00000, 0x0000000705c00000|  0%| F|  |TAMS 0x0000000705a00000, 0x0000000705a00000| Untracked 
|  20|0x0000000705c00000, 0x0000000705c00000, 0x0000000705e00000|  0%| F|  |TAMS 0x0000000705c00000, 0x0000000705c00000| Untracked 
|  21|0x0000000705e00000, 0x0000000705e00000, 0x0000000706000000|  0%| F|  |TAMS 0x0000000705e00000, 0x0000000705e00000| Untracked 
|  22|0x0000000706000000, 0x0000000706000000, 0x0000000706200000|  0%| F|  |TAMS 0x0000000706000000, 0x0000000706000000| Untracked 
|  23|0x0000000706200000, 0x0000000706200000, 0x0000000706400000|  0%| F|  |TAMS 0x0000000706200000, 0x0000000706200000| Untracked 
|  24|0x0000000706400000, 0x0000000706400000, 0x0000000706600000|  0%| F|  |TAMS 0x0000000706400000, 0x0000000706400000| Untracked 
|  25|0x0000000706600000, 0x0000000706600000, 0x0000000706800000|  0%| F|  |TAMS 0x0000000706600000, 0x0000000706600000| Untracked 
|  26|0x0000000706800000, 0x0000000706800000, 0x0000000706a00000|  0%| F|  |TAMS 0x0000000706800000, 0x0000000706800000| Untracked 
|  27|0x0000000706a00000, 0x0000000706a00000, 0x0000000706c00000|  0%| F|  |TAMS 0x0000000706a00000, 0x0000000706a00000| Untracked 
|  28|0x0000000706c00000, 0x0000000706c00000, 0x0000000706e00000|  0%| F|  |TAMS 0x0000000706c00000, 0x0000000706c00000| Untracked 
|  29|0x0000000706e00000, 0x0000000706e00000, 0x0000000707000000|  0%| F|  |TAMS 0x0000000706e00000, 0x0000000706e00000| Untracked 
|  30|0x0000000707000000, 0x0000000707000000, 0x0000000707200000|  0%| F|  |TAMS 0x0000000707000000, 0x0000000707000000| Untracked 
|  31|0x0000000707200000, 0x0000000707200000, 0x0000000707400000|  0%| F|  |TAMS 0x0000000707200000, 0x0000000707200000| Untracked 
|  32|0x0000000707400000, 0x0000000707400000, 0x0000000707600000|  0%| F|  |TAMS 0x0000000707400000, 0x0000000707400000| Untracked 
|  33|0x0000000707600000, 0x0000000707600000, 0x0000000707800000|  0%| F|  |TAMS 0x0000000707600000, 0x0000000707600000| Untracked 
|  34|0x0000000707800000, 0x0000000707800000, 0x0000000707a00000|  0%| F|  |TAMS 0x0000000707800000, 0x0000000707800000| Untracked 
|  35|0x0000000707a00000, 0x0000000707a00000, 0x0000000707c00000|  0%| F|  |TAMS 0x0000000707a00000, 0x0000000707a00000| Untracked 
|  36|0x0000000707c00000, 0x0000000707c00000, 0x0000000707e00000|  0%| F|  |TAMS 0x0000000707c00000, 0x0000000707c00000| Untracked 
|  37|0x0000000707e00000, 0x0000000707e00000, 0x0000000708000000|  0%| F|  |TAMS 0x0000000707e00000, 0x0000000707e00000| Untracked 
|  38|0x0000000708000000, 0x0000000708000000, 0x0000000708200000|  0%| F|  |TAMS 0x0000000708000000, 0x0000000708000000| Untracked 
|  39|0x0000000708200000, 0x0000000708200000, 0x0000000708400000|  0%| F|  |TAMS 0x0000000708200000, 0x0000000708200000| Untracked 
|  40|0x0000000708400000, 0x0000000708400000, 0x0000000708600000|  0%| F|  |TAMS 0x0000000708400000, 0x0000000708400000| Untracked 
|  41|0x0000000708600000, 0x0000000708600000, 0x0000000708800000|  0%| F|  |TAMS 0x0000000708600000, 0x0000000708600000| Untracked 
|  42|0x0000000708800000, 0x0000000708800000, 0x0000000708a00000|  0%| F|  |TAMS 0x0000000708800000, 0x0000000708800000| Untracked 
|  43|0x0000000708a00000, 0x0000000708a00000, 0x0000000708c00000|  0%| F|  |TAMS 0x0000000708a00000, 0x0000000708a00000| Untracked 
|  44|0x0000000708c00000, 0x0000000708c00000, 0x0000000708e00000|  0%| F|  |TAMS 0x0000000708c00000, 0x0000000708c00000| Untracked 
|  45|0x0000000708e00000, 0x0000000708e00000, 0x0000000709000000|  0%| F|  |TAMS 0x0000000708e00000, 0x0000000708e00000| Untracked 
|  46|0x0000000709000000, 0x0000000709000000, 0x0000000709200000|  0%| F|  |TAMS 0x0000000709000000, 0x0000000709000000| Untracked 
|  47|0x0000000709200000, 0x0000000709200000, 0x0000000709400000|  0%| F|  |TAMS 0x0000000709200000, 0x0000000709200000| Untracked 
|  48|0x0000000709400000, 0x0000000709400000, 0x0000000709600000|  0%| F|  |TAMS 0x0000000709400000, 0x0000000709400000| Untracked 
|  49|0x0000000709600000, 0x0000000709600000, 0x0000000709800000|  0%| F|  |TAMS 0x0000000709600000, 0x0000000709600000| Untracked 
|  50|0x0000000709800000, 0x0000000709800000, 0x0000000709a00000|  0%| F|  |TAMS 0x0000000709800000, 0x0000000709800000| Untracked 
|  51|0x0000000709a00000, 0x0000000709a00000, 0x0000000709c00000|  0%| F|  |TAMS 0x0000000709a00000, 0x0000000709a00000| Untracked 
|  52|0x0000000709c00000, 0x0000000709c00000, 0x0000000709e00000|  0%| F|  |TAMS 0x0000000709c00000, 0x0000000709c00000| Untracked 
|  53|0x0000000709e00000, 0x0000000709e00000, 0x000000070a000000|  0%| F|  |TAMS 0x0000000709e00000, 0x0000000709e00000| Untracked 
|  54|0x000000070a000000, 0x000000070a000000, 0x000000070a200000|  0%| F|  |TAMS 0x000000070a000000, 0x000000070a000000| Untracked 
|  55|0x000000070a200000, 0x000000070a200000, 0x000000070a400000|  0%| F|  |TAMS 0x000000070a200000, 0x000000070a200000| Untracked 
|  56|0x000000070a400000, 0x000000070a400000, 0x000000070a600000|  0%| F|  |TAMS 0x000000070a400000, 0x000000070a400000| Untracked 
|  57|0x000000070a600000, 0x000000070a600000, 0x000000070a800000|  0%| F|  |TAMS 0x000000070a600000, 0x000000070a600000| Untracked 
|  58|0x000000070a800000, 0x000000070a800000, 0x000000070aa00000|  0%| F|  |TAMS 0x000000070a800000, 0x000000070a800000| Untracked 
|  59|0x000000070aa00000, 0x000000070aa00000, 0x000000070ac00000|  0%| F|  |TAMS 0x000000070aa00000, 0x000000070aa00000| Untracked 
|  60|0x000000070ac00000, 0x000000070ac00000, 0x000000070ae00000|  0%| F|  |TAMS 0x000000070ac00000, 0x000000070ac00000| Untracked 
|  61|0x000000070ae00000, 0x000000070ae00000, 0x000000070b000000|  0%| F|  |TAMS 0x000000070ae00000, 0x000000070ae00000| Untracked 
|  62|0x000000070b000000, 0x000000070b000000, 0x000000070b200000|  0%| F|  |TAMS 0x000000070b000000, 0x000000070b000000| Untracked 
|  63|0x000000070b200000, 0x000000070b200000, 0x000000070b400000|  0%| F|  |TAMS 0x000000070b200000, 0x000000070b200000| Untracked 
|  64|0x000000070b400000, 0x000000070b400000, 0x000000070b600000|  0%| F|  |TAMS 0x000000070b400000, 0x000000070b400000| Untracked 
|  65|0x000000070b600000, 0x000000070b600000, 0x000000070b800000|  0%| F|  |TAMS 0x000000070b600000, 0x000000070b600000| Untracked 
|  66|0x000000070b800000, 0x000000070b800000, 0x000000070ba00000|  0%| F|  |TAMS 0x000000070b800000, 0x000000070b800000| Untracked 
|  67|0x000000070ba00000, 0x000000070ba00000, 0x000000070bc00000|  0%| F|  |TAMS 0x000000070ba00000, 0x000000070ba00000| Untracked 
|  68|0x000000070bc00000, 0x000000070bc00000, 0x000000070be00000|  0%| F|  |TAMS 0x000000070bc00000, 0x000000070bc00000| Untracked 
|  69|0x000000070be00000, 0x000000070be00000, 0x000000070c000000|  0%| F|  |TAMS 0x000000070be00000, 0x000000070be00000| Untracked 
|  70|0x000000070c000000, 0x000000070c000000, 0x000000070c200000|  0%| F|  |TAMS 0x000000070c000000, 0x000000070c000000| Untracked 
|  71|0x000000070c200000, 0x000000070c200000, 0x000000070c400000|  0%| F|  |TAMS 0x000000070c200000, 0x000000070c200000| Untracked 
|  72|0x000000070c400000, 0x000000070c400000, 0x000000070c600000|  0%| F|  |TAMS 0x000000070c400000, 0x000000070c400000| Untracked 
|  73|0x000000070c600000, 0x000000070c600000, 0x000000070c800000|  0%| F|  |TAMS 0x000000070c600000, 0x000000070c600000| Untracked 
|  74|0x000000070c800000, 0x000000070c800000, 0x000000070ca00000|  0%| F|  |TAMS 0x000000070c800000, 0x000000070c800000| Untracked 
|  75|0x000000070ca00000, 0x000000070ca00000, 0x000000070cc00000|  0%| F|  |TAMS 0x000000070ca00000, 0x000000070ca00000| Untracked 
|  76|0x000000070cc00000, 0x000000070cc00000, 0x000000070ce00000|  0%| F|  |TAMS 0x000000070cc00000, 0x000000070cc00000| Untracked 
|  77|0x000000070ce00000, 0x000000070ce00000, 0x000000070d000000|  0%| F|  |TAMS 0x000000070ce00000, 0x000000070ce00000| Untracked 
|  78|0x000000070d000000, 0x000000070d000000, 0x000000070d200000|  0%| F|  |TAMS 0x000000070d000000, 0x000000070d000000| Untracked 
|  79|0x000000070d200000, 0x000000070d200000, 0x000000070d400000|  0%| F|  |TAMS 0x000000070d200000, 0x000000070d200000| Untracked 
|  80|0x000000070d400000, 0x000000070d400000, 0x000000070d600000|  0%| F|  |TAMS 0x000000070d400000, 0x000000070d400000| Untracked 
|  81|0x000000070d600000, 0x000000070d600000, 0x000000070d800000|  0%| F|  |TAMS 0x000000070d600000, 0x000000070d600000| Untracked 
|  82|0x000000070d800000, 0x000000070d800000, 0x000000070da00000|  0%| F|  |TAMS 0x000000070d800000, 0x000000070d800000| Untracked 
|  83|0x000000070da00000, 0x000000070da00000, 0x000000070dc00000|  0%| F|  |TAMS 0x000000070da00000, 0x000000070da00000| Untracked 
|  84|0x000000070dc00000, 0x000000070dc00000, 0x000000070de00000|  0%| F|  |TAMS 0x000000070dc00000, 0x000000070dc00000| Untracked 
|  85|0x000000070de00000, 0x000000070de00000, 0x000000070e000000|  0%| F|  |TAMS 0x000000070de00000, 0x000000070de00000| Untracked 
|  86|0x000000070e000000, 0x000000070e000000, 0x000000070e200000|  0%| F|  |TAMS 0x000000070e000000, 0x000000070e000000| Untracked 
|  87|0x000000070e200000, 0x000000070e200000, 0x000000070e400000|  0%| F|  |TAMS 0x000000070e200000, 0x000000070e200000| Untracked 
|  88|0x000000070e400000, 0x000000070e400000, 0x000000070e600000|  0%| F|  |TAMS 0x000000070e400000, 0x000000070e400000| Untracked 
|  89|0x000000070e600000, 0x000000070e600000, 0x000000070e800000|  0%| F|  |TAMS 0x000000070e600000, 0x000000070e600000| Untracked 
|  90|0x000000070e800000, 0x000000070e800000, 0x000000070ea00000|  0%| F|  |TAMS 0x000000070e800000, 0x000000070e800000| Untracked 
|  91|0x000000070ea00000, 0x000000070ea00000, 0x000000070ec00000|  0%| F|  |TAMS 0x000000070ea00000, 0x000000070ea00000| Untracked 
|  92|0x000000070ec00000, 0x000000070ec00000, 0x000000070ee00000|  0%| F|  |TAMS 0x000000070ec00000, 0x000000070ec00000| Untracked 
|  93|0x000000070ee00000, 0x000000070ee00000, 0x000000070f000000|  0%| F|  |TAMS 0x000000070ee00000, 0x000000070ee00000| Untracked 
|  94|0x000000070f000000, 0x000000070f000000, 0x000000070f200000|  0%| F|  |TAMS 0x000000070f000000, 0x000000070f000000| Untracked 
|  95|0x000000070f200000, 0x000000070f200000, 0x000000070f400000|  0%| F|  |TAMS 0x000000070f200000, 0x000000070f200000| Untracked 
|  96|0x000000070f400000, 0x000000070f400000, 0x000000070f600000|  0%| F|  |TAMS 0x000000070f400000, 0x000000070f400000| Untracked 
|  97|0x000000070f600000, 0x000000070f600000, 0x000000070f800000|  0%| F|  |TAMS 0x000000070f600000, 0x000000070f600000| Untracked 
|  98|0x000000070f800000, 0x000000070f800000, 0x000000070fa00000|  0%| F|  |TAMS 0x000000070f800000, 0x000000070f800000| Untracked 
|  99|0x000000070fa00000, 0x000000070fa00000, 0x000000070fc00000|  0%| F|  |TAMS 0x000000070fa00000, 0x000000070fa00000| Untracked 
| 100|0x000000070fc00000, 0x000000070fc00000, 0x000000070fe00000|  0%| F|  |TAMS 0x000000070fc00000, 0x000000070fc00000| Untracked 
| 101|0x000000070fe00000, 0x000000070fe00000, 0x0000000710000000|  0%| F|  |TAMS 0x000000070fe00000, 0x000000070fe00000| Untracked 
| 102|0x0000000710000000, 0x0000000710000000, 0x0000000710200000|  0%| F|  |TAMS 0x0000000710000000, 0x0000000710000000| Untracked 
| 103|0x0000000710200000, 0x0000000710200000, 0x0000000710400000|  0%| F|  |TAMS 0x0000000710200000, 0x0000000710200000| Untracked 
| 104|0x0000000710400000, 0x0000000710400000, 0x0000000710600000|  0%| F|  |TAMS 0x0000000710400000, 0x0000000710400000| Untracked 
| 105|0x0000000710600000, 0x0000000710600000, 0x0000000710800000|  0%| F|  |TAMS 0x0000000710600000, 0x0000000710600000| Untracked 
| 106|0x0000000710800000, 0x0000000710800000, 0x0000000710a00000|  0%| F|  |TAMS 0x0000000710800000, 0x0000000710800000| Untracked 
| 107|0x0000000710a00000, 0x0000000710a00000, 0x0000000710c00000|  0%| F|  |TAMS 0x0000000710a00000, 0x0000000710a00000| Untracked 
| 108|0x0000000710c00000, 0x0000000710c00000, 0x0000000710e00000|  0%| F|  |TAMS 0x0000000710c00000, 0x0000000710c00000| Untracked 
| 109|0x0000000710e00000, 0x0000000710e00000, 0x0000000711000000|  0%| F|  |TAMS 0x0000000710e00000, 0x0000000710e00000| Untracked 
| 110|0x0000000711000000, 0x0000000711000000, 0x0000000711200000|  0%| F|  |TAMS 0x0000000711000000, 0x0000000711000000| Untracked 
| 111|0x0000000711200000, 0x0000000711200000, 0x0000000711400000|  0%| F|  |TAMS 0x0000000711200000, 0x0000000711200000| Untracked 
| 112|0x0000000711400000, 0x0000000711400000, 0x0000000711600000|  0%| F|  |TAMS 0x0000000711400000, 0x0000000711400000| Untracked 
| 113|0x0000000711600000, 0x0000000711600000, 0x0000000711800000|  0%| F|  |TAMS 0x0000000711600000, 0x0000000711600000| Untracked 
| 114|0x0000000711800000, 0x0000000711800000, 0x0000000711a00000|  0%| F|  |TAMS 0x0000000711800000, 0x0000000711800000| Untracked 
| 115|0x0000000711a00000, 0x0000000711a00000, 0x0000000711c00000|  0%| F|  |TAMS 0x0000000711a00000, 0x0000000711a00000| Untracked 
| 116|0x0000000711c00000, 0x0000000711c00000, 0x0000000711e00000|  0%| F|  |TAMS 0x0000000711c00000, 0x0000000711c00000| Untracked 
| 117|0x0000000711e00000, 0x0000000711e00000, 0x0000000712000000|  0%| F|  |TAMS 0x0000000711e00000, 0x0000000711e00000| Untracked 
| 118|0x0000000712000000, 0x0000000712000000, 0x0000000712200000|  0%| F|  |TAMS 0x0000000712000000, 0x0000000712000000| Untracked 
| 119|0x0000000712200000, 0x0000000712200000, 0x0000000712400000|  0%| F|  |TAMS 0x0000000712200000, 0x0000000712200000| Untracked 
| 120|0x0000000712400000, 0x0000000712400000, 0x0000000712600000|  0%| F|  |TAMS 0x0000000712400000, 0x0000000712400000| Untracked 
| 121|0x0000000712600000, 0x0000000712600000, 0x0000000712800000|  0%| F|  |TAMS 0x0000000712600000, 0x0000000712600000| Untracked 
| 122|0x0000000712800000, 0x0000000712952748, 0x0000000712a00000| 66%| E|  |TAMS 0x0000000712800000, 0x0000000712800000| Complete 
| 123|0x0000000712a00000, 0x0000000712c00000, 0x0000000712c00000|100%| E|CS|TAMS 0x0000000712a00000, 0x0000000712a00000| Complete 
| 124|0x0000000712c00000, 0x0000000712e00000, 0x0000000712e00000|100%| E|CS|TAMS 0x0000000712c00000, 0x0000000712c00000| Complete 
| 125|0x0000000712e00000, 0x0000000713000000, 0x0000000713000000|100%| E|CS|TAMS 0x0000000712e00000, 0x0000000712e00000| Complete 
| 126|0x0000000713000000, 0x0000000713200000, 0x0000000713200000|100%| E|CS|TAMS 0x0000000713000000, 0x0000000713000000| Complete 

Card table byte_map: [0x000001f3717d0000,0x000001f371fc0000] _byte_map_base: 0x000001f36dfb6000

Marking Bits (Prev, Next): (CMBitMap*) 0x000001f357ba2430, (CMBitMap*) 0x000001f357ba2470
 Prev Bits: [0x000001f3727b0000, 0x000001f3766e0000)
 Next Bits: [0x000001f3766e0000, 0x000001f37a610000)

Polling page: 0x000001f357c30000

Metaspace:

Usage:
  Non-class:      6.48 MB capacity,     6.35 MB ( 98%) used,   118.18 KB (  2%) free+waste,    11.56 KB ( <1%) overhead. 
      Class:    867.00 KB capacity,   808.87 KB ( 93%) used,    53.20 KB (  6%) free+waste,     4.94 KB ( <1%) overhead. 
       Both:      7.32 MB capacity,     7.14 MB ( 97%) used,   171.38 KB (  2%) free+waste,    16.50 KB ( <1%) overhead. 

Virtual space:
  Non-class space:        8.00 MB reserved,       6.50 MB ( 81%) committed 
      Class space:        1.00 GB reserved,     896.00 KB ( <1%) committed 
             Both:        1.01 GB reserved,       7.38 MB ( <1%) committed 

Chunk freelists:
   Non-Class:  24.00 KB
       Class:  0 bytes
        Both:  24.00 KB

MaxMetaspaceSize: 17179869184.00 GB
CompressedClassSpaceSize: 1.00 GB

CodeHeap 'non-profiled nmethods': size=120000Kb used=240Kb max_used=240Kb free=119760Kb
 bounds [0x000001f369050000, 0x000001f3692c0000, 0x000001f370580000]
CodeHeap 'profiled nmethods': size=120000Kb used=1045Kb max_used=1045Kb free=118955Kb
 bounds [0x000001f361b20000, 0x000001f361d90000, 0x000001f369050000]
CodeHeap 'non-nmethods': size=5760Kb used=1274Kb max_used=1310Kb free=4485Kb
 bounds [0x000001f361580000, 0x000001f3617f0000, 0x000001f361b20000]
 total_blobs=1279 nmethods=729 adapters=463
 compilation: enabled
              stopped_count=0, restarted_count=0
 full_count=0

Compilation events (20 events):
Event: 0.680 Thread 0x000001f37daf92a0 nmethod 718 0x000001f369089e10 code [0x000001f369089f80, 0x000001f369089ff8]
Event: 0.681 Thread 0x000001f37f1576a0 nmethod 707 0x000001f36908a410 code [0x000001f36908a5a0, 0x000001f36908a8b8]
Event: 0.683 Thread 0x000001f37d9630e0 nmethod 715 0x000001f361c20390 code [0x000001f361c20840, 0x000001f361c22c48]
Event: 0.683 Thread 0x000001f37d9630e0  716       3       java.lang.invoke.MemberName::isPrivate (8 bytes)
Event: 0.684 Thread 0x000001f37d9630e0 nmethod 716 0x000001f361c23610 code [0x000001f361c237a0, 0x000001f361c23958]
Event: 0.684 Thread 0x000001f37d9630e0  728       3       java.util.concurrent.ConcurrentHashMap::setTabAt (20 bytes)
Event: 0.684 Thread 0x000001f37d9630e0 nmethod 728 0x000001f361c23a10 code [0x000001f361c23bc0, 0x000001f361c23de8]
Event: 0.684 Thread 0x000001f37d9630e0  717       3       java.lang.reflect.Modifier::isPrivate (12 bytes)
Event: 0.684 Thread 0x000001f37d9630e0 nmethod 717 0x000001f361c23e90 code [0x000001f361c24020, 0x000001f361c24158]
Event: 0.684 Thread 0x000001f37d9630e0  729       3       sun.nio.cs.SingleByte$Encoder::encode (32 bytes)
Event: 0.685 Thread 0x000001f37d9630e0 nmethod 729 0x000001f361c24210 code [0x000001f361c243c0, 0x000001f361c24578]
Event: 0.685 Thread 0x000001f37d9630e0  723       3       jdk.internal.org.objectweb.asm.MethodWriter::visitTypeInsn (116 bytes)
Event: 0.686 Thread 0x000001f37d9630e0 nmethod 723 0x000001f361c24690 code [0x000001f361c24880, 0x000001f361c24c88]
Event: 0.686 Thread 0x000001f37d9630e0  720       3       java.lang.invoke.InvokerBytecodeGenerator::emitStoreInsn (21 bytes)
Event: 0.686 Thread 0x000001f37d9630e0 nmethod 720 0x000001f361c24e90 code [0x000001f361c25040, 0x000001f361c25298]
Event: 0.686 Thread 0x000001f37d9630e0  727       1       java.lang.reflect.Method::getModifiers (5 bytes)
Event: 0.686 Thread 0x000001f37d9630e0 nmethod 727 0x000001f36908b090 code [0x000001f36908b220, 0x000001f36908b2d8]
Event: 0.686 Thread 0x000001f37d9630e0  726       1       java.lang.reflect.Method::getReturnType (5 bytes)
Event: 0.686 Thread 0x000001f37d9630e0 nmethod 726 0x000001f36908b390 code [0x000001f36908b520, 0x000001f36908b5d8]
Event: 0.691 Thread 0x000001f37d955e20 nmethod 702 0x000001f36908b690 code [0x000001f36908b840, 0x000001f36908bd08]

GC Heap History (0 events):
No events

Deoptimization events (20 events):
Event: 0.584 Thread 0x000001f357b50220 Uncommon trap: trap_request=0xffffff45 fr.pc=0x000001f369079ed4 relative=0x00000000000003b4
Event: 0.584 Thread 0x000001f357b50220 Uncommon trap: reason=unstable_if action=reinterpret pc=0x000001f369079ed4 method=java.lang.Integer.getChars(II[B)I @ 4 c2
Event: 0.584 Thread 0x000001f357b50220 DEOPT PACKING pc=0x000001f369079ed4 sp=0x000000571ddfdc80
Event: 0.584 Thread 0x000001f357b50220 DEOPT UNPACKING pc=0x000001f36158852f sp=0x000000571ddfdc10 mode 2
Event: 0.590 Thread 0x000001f37f09d5c0 Uncommon trap: trap_request=0xffffff45 fr.pc=0x000001f36907c460 relative=0x0000000000000440
Event: 0.590 Thread 0x000001f37f09d5c0 Uncommon trap: reason=unstable_if action=reinterpret pc=0x000001f36907c460 method=java.lang.StringLatin1.newString([BII)Ljava/lang/String; @ 1 c2
Event: 0.590 Thread 0x000001f37f09d5c0 DEOPT PACKING pc=0x000001f36907c460 sp=0x000000571f9fc2c0
Event: 0.590 Thread 0x000001f37f09d5c0 DEOPT UNPACKING pc=0x000001f36158852f sp=0x000000571f9fc220 mode 2
Event: 0.626 Thread 0x000001f37f09d5c0 Uncommon trap: trap_request=0xffffff45 fr.pc=0x000001f3690846f0 relative=0x00000000000003b0
Event: 0.626 Thread 0x000001f37f09d5c0 Uncommon trap: reason=unstable_if action=reinterpret pc=0x000001f3690846f0 method=java.awt.image.DirectColorModel.getDataElements(ILjava/lang/Object;)Ljava/lang/Object; @ 11 c2
Event: 0.626 Thread 0x000001f37f09d5c0 DEOPT PACKING pc=0x000001f3690846f0 sp=0x000000571f9fef60
Event: 0.626 Thread 0x000001f37f09d5c0 DEOPT UNPACKING pc=0x000001f36158852f sp=0x000000571f9feed8 mode 2
Event: 0.671 Thread 0x000001f37f09d5c0 DEOPT PACKING pc=0x000001f361c111da sp=0x000000571f9fef90
Event: 0.671 Thread 0x000001f37f09d5c0 DEOPT UNPACKING pc=0x000001f3615cf6cf sp=0x000000571f9fe458 mode 0
Event: 0.671 Thread 0x000001f37f09d5c0 DEOPT PACKING pc=0x000001f361c111da sp=0x000000571f9fef90
Event: 0.671 Thread 0x000001f37f09d5c0 DEOPT UNPACKING pc=0x000001f3615cf6cf sp=0x000000571f9fe458 mode 0
Event: 0.672 Thread 0x000001f37f09d5c0 Uncommon trap: trap_request=0xffffff45 fr.pc=0x000001f369083c20 relative=0x0000000000000100
Event: 0.672 Thread 0x000001f37f09d5c0 Uncommon trap: reason=unstable_if action=reinterpret pc=0x000001f369083c20 method=ch.bbw.gameboy.impl.GameBbwoy$SwingDisplay.assertPositiveAtMost(Ljava/lang/String;II)V @ 1 c2
Event: 0.672 Thread 0x000001f37f09d5c0 DEOPT PACKING pc=0x000001f369083c20 sp=0x000000571f9fef20
Event: 0.672 Thread 0x000001f37f09d5c0 DEOPT UNPACKING pc=0x000001f36158852f sp=0x000000571f9fee60 mode 2

Classes unloaded (0 events):
No events

Classes redefined (0 events):
No events

Internal exceptions (14 events):
Event: 0.136 Thread 0x000001f357b50220 Exception <a 'java/lang/ClassNotFoundException'{0x0000000713162cc0}: sun/awt/resources/spi/awtProvider> (0x0000000713162cc0) 
thrown [./open/src/hotspot/share/classfile/systemDictionary.cpp, line 295]
Event: 0.187 Thread 0x000001f357b50220 Exception <a 'java/io/FileNotFoundException'{0x00000007131b2780}> (0x00000007131b2780) 
thrown [./open/src/hotspot/share/prims/jni.cpp, line 578]
Event: 0.202 Thread 0x000001f357b50220 Exception <a 'java/io/FileNotFoundException'{0x00000007131e1240}> (0x00000007131e1240) 
thrown [./open/src/hotspot/share/prims/jni.cpp, line 578]
Event: 0.203 Thread 0x000001f357b50220 Exception <a 'java/lang/NoSuchMethodError'{0x00000007131e2580}: 'java.lang.Object java.lang.invoke.DirectMethodHandle$Holder.invokeStatic(java.lang.Object)'> (0x00000007131e2580) 
thrown [./open/src/hotspot/share/interpreter/linkResolver.cpp, line 782]
Event: 0.212 Thread 0x000001f357b50220 Exception <a 'java/lang/NoSuchMethodError'{0x00000007131f05f8}: 'void java.lang.invoke.DirectMethodHandle$Holder.invokeSpecial(java.lang.Object, java.lang.Object, java.lang.Object)'> (0x00000007131f05f8) 
thrown [./open/src/hotspot/share/interpreter/linkResolver.cpp, line 782]
Event: 0.263 Thread 0x000001f357b50220 Exception <a 'java/lang/NoSuchMethodError'{0x0000000712e27930}: 'java.lang.Object java.lang.invoke.DirectMethodHandle$Holder.invokeStaticInit(java.lang.Object)'> (0x0000000712e27930) 
thrown [./open/src/hotspot/share/interpreter/linkResolver.cpp, line 782]
Event: 0.331 Thread 0x000001f357b50220 Exception <a 'java/lang/NoSuchMethodError'{0x0000000712e67ab0}: 'void java.lang.invoke.DirectMethodHandle$Holder.invokeStaticInit(java.lang.Object)'> (0x0000000712e67ab0) 
thrown [./open/src/hotspot/share/interpreter/linkResolver.cpp, line 782]
Event: 0.341 Thread 0x000001f357b50220 Exception <a 'java/lang/NoSuchMethodError'{0x0000000712efce10}: 'java.lang.Object java.lang.invoke.DirectMethodHandle$Holder.newInvokeSpecial(java.lang.Object, java.lang.Object, java.lang.Object, java.lang.Object, java.lang.Object)'> (0x0000000712efce10) 
thrown [./open/src/hotspot/share/interpreter/linkResolver.cpp, line 782]
Event: 0.344 Thread 0x000001f357b50220 Exception <a 'java/lang/NoSuchMethodError'{0x0000000712f085f8}: 'java.lang.Object java.lang.invoke.DirectMethodHandle$Holder.invokeStatic(java.lang.Object, int, java.lang.Object, java.lang.Object, java.lang.Object, java.lang.Object)'> (0x0000000712f085f8) 
thrown [./open/src/hotspot/share/interpreter/linkResolver.cpp, line 782]
Event: 0.350 Thread 0x000001f357b50220 Exception <a 'java/lang/NoSuchMethodError'{0x0000000712f2e5f8}: 'java.lang.Object java.lang.invoke.DirectMethodHandle$Holder.invokeStatic(java.lang.Object, int, java.lang.Object)'> (0x0000000712f2e5f8) 
thrown [./open/src/hotspot/share/interpreter/linkResolver.cpp, line 782]
Event: 0.370 Thread 0x000001f357b50220 Exception <a 'java/lang/ClassNotFoundException'{0x0000000712fb14c0}: com/sun/java/swing/plaf/windows/resources/spi/windowsProvider> (0x0000000712fb14c0) 
thrown [./open/src/hotspot/share/classfile/systemDictionary.cpp, line 295]
Event: 0.371 Thread 0x000001f357b50220 Exception <a 'java/lang/ClassNotFoundException'{0x0000000712fb5880}: com/sun/swing/internal/plaf/basic/resources/spi/basicProvider> (0x0000000712fb5880) 
thrown [./open/src/hotspot/share/classfile/systemDictionary.cpp, line 295]
Event: 0.584 Thread 0x000001f357b50220 Exception <a 'java/lang/NoSuchMethodError'{0x0000000712bc95b0}: 'void java.lang.invoke.DirectMethodHandle$Holder.invokeStatic(java.lang.Object, java.lang.Object, java.lang.Object)'> (0x0000000712bc95b0) 
thrown [./open/src/hotspot/share/interpreter/linkResolver.cpp, line 782]
Event: 0.626 Thread 0x000001f37f09d5c0 Implicit null exception at 0x000001f36908437a to 0x000001f3690846d8

Events (20 events):
Event: 0.662 loading class sun/java2d/loops/RenderLoops
Event: 0.662 loading class sun/java2d/loops/RenderLoops done
Event: 0.662 loading class sun/java2d/loops/GraphicsPrimitiveMgr$PrimitiveSpec
Event: 0.663 loading class sun/java2d/loops/GraphicsPrimitiveMgr$PrimitiveSpec done
Event: 0.664 loading class sun/java2d/opengl/OGLSurfaceDataProxy
Event: 0.664 loading class sun/java2d/opengl/OGLSurfaceDataProxy done
Event: 0.664 loading class sun/java2d/StateTrackableDelegate$1
Event: 0.664 loading class sun/java2d/StateTrackableDelegate$1 done
Event: 0.682 loading class java/util/concurrent/ExecutionException
Event: 0.682 loading class java/util/concurrent/ExecutionException done
Event: 0.682 loading class java/lang/Throwable$WrappedPrintStream
Event: 0.682 loading class java/lang/Throwable$PrintStreamOrWriter
Event: 0.682 loading class java/lang/Throwable$PrintStreamOrWriter done
Event: 0.682 loading class java/lang/Throwable$WrappedPrintStream done
Event: 0.683 loading class java/lang/StackTraceElement$HashedModules
Event: 0.683 loading class java/lang/StackTraceElement$HashedModules done
Event: 0.685 Thread 0x000001f3048b9b00 Thread added: 0x000001f3048b9b00
Event: 0.700 Thread 0x000001f37dce0690 Thread exited: 0x000001f37dce0690
Event: 0.794 Thread 0x000001f3048b9b00 Thread exited: 0x000001f3048b9b00
Event: 0.794 Executing VM operation: Exit


Dynamic libraries:
0x00007ff750610000 - 0x00007ff75061d000 	C:\Users\nilsh\.jdks\openjdk-15.0.2\bin\java.exe
0x00007ff9ffa30000 - 0x00007ff9ffc25000 	C:\WINDOWS\SYSTEM32\ntdll.dll
0x00007ff9fdea0000 - 0x00007ff9fdf5d000 	C:\WINDOWS\System32\KERNEL32.DLL
0x00007ff9fd640000 - 0x00007ff9fd909000 	C:\WINDOWS\System32\KERNELBASE.dll
0x00007ff9fd910000 - 0x00007ff9fda10000 	C:\WINDOWS\System32\ucrtbase.dll
0x00007ff9f48f0000 - 0x00007ff9f4908000 	C:\Users\nilsh\.jdks\openjdk-15.0.2\bin\jli.dll
0x00007ff9f4910000 - 0x00007ff9f4929000 	C:\Users\nilsh\.jdks\openjdk-15.0.2\bin\VCRUNTIME140.dll
0x00007ff9fe040000 - 0x00007ff9fe1e0000 	C:\WINDOWS\System32\USER32.dll
0x00007ff9fd570000 - 0x00007ff9fd592000 	C:\WINDOWS\System32\win32u.dll
0x00007ff9fc670000 - 0x00007ff9fc90a000 	C:\WINDOWS\WinSxS\amd64_microsoft.windows.common-controls_6595b64144ccf1df_6.0.19041.844_none_ca00b6081b84eb1d\COMCTL32.dll
0x00007ff9fe280000 - 0x00007ff9fe2aa000 	C:\WINDOWS\System32\GDI32.dll
0x00007ff9fe1e0000 - 0x00007ff9fe27e000 	C:\WINDOWS\System32\msvcrt.dll
0x00007ff9fd170000 - 0x00007ff9fd27b000 	C:\WINDOWS\System32\gdi32full.dll
0x00007ff9fd5a0000 - 0x00007ff9fd63d000 	C:\WINDOWS\System32\msvcp_win.dll
0x00007ff9fe870000 - 0x00007ff9fe8a0000 	C:\WINDOWS\System32\IMM32.DLL
0x00007ff9f33f0000 - 0x00007ff9f33fc000 	C:\Users\nilsh\.jdks\openjdk-15.0.2\bin\vcruntime140_1.dll
0x00007ff9e59f0000 - 0x00007ff9e5a81000 	C:\Users\nilsh\.jdks\openjdk-15.0.2\bin\msvcp140.dll
0x00007ff987940000 - 0x00007ff98849e000 	C:\Users\nilsh\.jdks\openjdk-15.0.2\bin\server\jvm.dll
0x00007ff9fec80000 - 0x00007ff9fed2c000 	C:\WINDOWS\System32\ADVAPI32.dll
0x00007ff9ff950000 - 0x00007ff9ff9ec000 	C:\WINDOWS\System32\sechost.dll
0x00007ff9fe670000 - 0x00007ff9fe79b000 	C:\WINDOWS\System32\RPCRT4.dll
0x00007ff9fe390000 - 0x00007ff9fe398000 	C:\WINDOWS\System32\PSAPI.DLL
0x00007ff9e3dc0000 - 0x00007ff9e3de7000 	C:\WINDOWS\SYSTEM32\WINMM.dll
0x00007ff9faa70000 - 0x00007ff9faa7a000 	C:\WINDOWS\SYSTEM32\VERSION.dll
0x00007ff9e9540000 - 0x00007ff9e9549000 	C:\WINDOWS\SYSTEM32\WSOCK32.dll
0x00007ff9fe800000 - 0x00007ff9fe86b000 	C:\WINDOWS\System32\WS2_32.dll
0x00007ff9fad40000 - 0x00007ff9fad52000 	C:\WINDOWS\SYSTEM32\kernel.appcore.dll
0x00007ff9f33e0000 - 0x00007ff9f33ea000 	C:\Users\nilsh\.jdks\openjdk-15.0.2\bin\jimage.dll
0x00007ff9fcb80000 - 0x00007ff9fcd64000 	C:\WINDOWS\SYSTEM32\DBGHELP.DLL
0x00007ff9fcad0000 - 0x00007ff9fcafc000 	C:\WINDOWS\SYSTEM32\dbgcore.DLL
0x00007ff9fda10000 - 0x00007ff9fda90000 	C:\WINDOWS\System32\bcryptPrimitives.dll
0x00007ff9e5d30000 - 0x00007ff9e5d55000 	C:\Users\nilsh\.jdks\openjdk-15.0.2\bin\java.dll
0x00007ff9ff200000 - 0x00007ff9ff942000 	C:\WINDOWS\System32\SHELL32.dll
0x00007ff9fa2d0000 - 0x00007ff9faa60000 	C:\WINDOWS\SYSTEM32\windows.storage.dll
0x00007ff9fdb40000 - 0x00007ff9fde95000 	C:\WINDOWS\System32\combase.dll
0x00007ff9fc4f0000 - 0x00007ff9fc51c000 	C:\WINDOWS\SYSTEM32\Wldp.dll
0x00007ff9febd0000 - 0x00007ff9fec7e000 	C:\WINDOWS\System32\SHCORE.dll
0x00007ff9fe7a0000 - 0x00007ff9fe7f5000 	C:\WINDOWS\System32\shlwapi.dll
0x00007ff9fd0b0000 - 0x00007ff9fd0cf000 	C:\WINDOWS\SYSTEM32\profapi.dll
0x00007ff9d47e0000 - 0x00007ff9d495f000 	C:\Users\nilsh\.jdks\openjdk-15.0.2\bin\awt.dll
0x00007ff9fdf60000 - 0x00007ff9fe02d000 	C:\WINDOWS\System32\OLEAUT32.dll
0x00007ff9f9b20000 - 0x00007ff9f9bb0000 	C:\WINDOWS\SYSTEM32\apphelp.dll
0x00007ff9f9cf0000 - 0x00007ff9f9d8e000 	C:\WINDOWS\system32\uxtheme.dll
0x00007ff9fe3a0000 - 0x00007ff9fe4b5000 	C:\WINDOWS\System32\MSCTF.dll
0x00007ff9fea10000 - 0x00007ff9feb3a000 	C:\WINDOWS\System32\ole32.dll
0x00007ff9c8d00000 - 0x00007ff9c8e26000 	C:\WINDOWS\system32\opengl32.dll
0x00007ff9c8c90000 - 0x00007ff9c8cbc000 	C:\WINDOWS\SYSTEM32\GLU32.dll
0x00007ff9f9dd0000 - 0x00007ff9f9dff000 	C:\WINDOWS\system32\DWMAPI.DLL
0x00007ff9d7040000 - 0x00007ff9d70c5000 	C:\Users\nilsh\.jdks\openjdk-15.0.2\bin\freetype.dll
0x00007ff9d6f90000 - 0x00007ff9d7039000 	C:\Users\nilsh\.jdks\openjdk-15.0.2\bin\fontmanager.dll
0x00007ff9e5d10000 - 0x00007ff9e5d29000 	C:\Users\nilsh\.jdks\openjdk-15.0.2\bin\net.dll
0x00007ff9f31d0000 - 0x00007ff9f32dc000 	C:\WINDOWS\SYSTEM32\WINHTTP.dll
0x00007ff9fc3a0000 - 0x00007ff9fc40a000 	C:\WINDOWS\system32\mswsock.dll
0x00007ff9dd400000 - 0x00007ff9dd412000 	C:\Users\nilsh\.jdks\openjdk-15.0.2\bin\nio.dll
0x00007ff9fda90000 - 0x00007ff9fdb39000 	C:\WINDOWS\System32\clbcatq.dll
0x00007ff985540000 - 0x00007ff9865a9000 	C:\WINDOWS\System32\DriverStore\FileRepository\iigd_dch.inf_amd64_d56593f46e53a9ee\ig11icd64.dll
0x00007ff9fadb0000 - 0x00007ff9faea3000 	C:\WINDOWS\system32\dxgi.dll
0x00007ff9bc340000 - 0x00007ff9bc734000 	C:\WINDOWS\System32\DriverStore\FileRepository\iigd_dch.inf_amd64_d56593f46e53a9ee\igdml64.dll
0x00007ff9ed650000 - 0x00007ff9ed8d2000 	C:\WINDOWS\System32\DriverStore\FileRepository\iigd_dch.inf_amd64_d56593f46e53a9ee\igdgmm64.dll
0x00007ff9eab10000 - 0x00007ff9ed641000 	C:\WINDOWS\System32\DriverStore\FileRepository\iigd_dch.inf_amd64_d56593f46e53a9ee\igc64.dll
0x00007ff9fcf30000 - 0x00007ff9fcf7b000 	C:\WINDOWS\SYSTEM32\powrprof.dll
0x00007ff9fcee0000 - 0x00007ff9fcef2000 	C:\WINDOWS\SYSTEM32\UMPDC.dll
0x00007ff9dd3e0000 - 0x00007ff9dd3f8000 	C:\Users\nilsh\.jdks\openjdk-15.0.2\bin\zip.dll
0x00007ff9dc500000 - 0x00007ff9dc52d000 	C:\Users\nilsh\.jdks\openjdk-15.0.2\bin\javajpeg.dll
0x00007ff9e91d0000 - 0x00007ff9e92cb000 	C:\WINDOWS\SYSTEM32\textinputframework.dll
0x00007ff9f9810000 - 0x00007ff9f9902000 	C:\WINDOWS\System32\CoreMessaging.dll
0x00007ff9f9130000 - 0x00007ff9f948e000 	C:\WINDOWS\System32\CoreUIComponents.dll
0x00007ff9fce50000 - 0x00007ff9fce83000 	C:\WINDOWS\SYSTEM32\ntmarta.dll
0x00007ff9f8010000 - 0x00007ff9f8164000 	C:\WINDOWS\SYSTEM32\wintypes.dll
0x00007ff9cf5a0000 - 0x00007ff9cf606000 	C:\WINDOWS\system32\Oleacc.dll

dbghelp: loaded successfully - version: 4.0.5 - missing functions: none
symbol engine: initialized successfully - sym options: 0x614 - pdb path: .;C:\Users\nilsh\.jdks\openjdk-15.0.2\bin;C:\WINDOWS\SYSTEM32;C:\WINDOWS\WinSxS\amd64_microsoft.windows.common-controls_6595b64144ccf1df_6.0.19041.844_none_ca00b6081b84eb1d;C:\Users\nilsh\.jdks\openjdk-15.0.2\bin\server;C:\WINDOWS\System32\DriverStore\FileRepository\iigd_dch.inf_amd64_d56593f46e53a9ee

VM Arguments:
jvm_args: -Dfile.encoding=windows-1252 -Duser.country=CH -Duser.language=de -Duser.variant 
java_command: ch.bbw.gameboy.GameLogic
java_class_path (initial): C:\Users\nilsh\IdeaProjects\_bbw\404\bbw-404-spiel\build\classes\java\main;C:\Users\nilsh\IdeaProjects\_bbw\404\bbw-404-spiel\build\resources\main
Launcher Type: SUN_STANDARD

[Global flags]
     intx CICompilerCount                          = 4                                         {product} {ergonomic}
     uint ConcGCThreads                            = 2                                         {product} {ergonomic}
     uint G1ConcRefinementThreads                  = 8                                         {product} {ergonomic}
   size_t G1HeapRegionSize                         = 2097152                                   {product} {ergonomic}
    uintx GCDrainStackTargetSize                   = 64                                        {product} {ergonomic}
   size_t InitialHeapSize                          = 266338304                                 {product} {ergonomic}
   size_t MarkStackSize                            = 4194304                                   {product} {ergonomic}
   size_t MaxHeapSize                              = 4240441344                                {product} {ergonomic}
   size_t MaxNewSize                               = 2543845376                                {product} {ergonomic}
   size_t MinHeapDeltaBytes                        = 2097152                                   {product} {ergonomic}
   size_t MinHeapSize                              = 8388608                                   {product} {ergonomic}
    uintx NonNMethodCodeHeapSize                   = 5839372                                {pd product} {ergonomic}
    uintx NonProfiledCodeHeapSize                  = 122909434                              {pd product} {ergonomic}
    uintx ProfiledCodeHeapSize                     = 122909434                              {pd product} {ergonomic}
    uintx ReservedCodeCacheSize                    = 251658240                              {pd product} {ergonomic}
     bool SegmentedCodeCache                       = true                                      {product} {ergonomic}
   size_t SoftMaxHeapSize                          = 4240441344                             {manageable} {ergonomic}
     bool UseCompressedClassPointers               = true                                 {lp64_product} {ergonomic}
     bool UseCompressedOops                        = true                                 {lp64_product} {ergonomic}
     bool UseG1GC                                  = true                                      {product} {ergonomic}
     bool UseLargePagesIndividualAllocation        = false                                  {pd product} {ergonomic}

Logging:
Log output configuration:
 #0: stdout all=off uptime,level,tags
 #1: stderr all=off uptime,level,tags

Environment Variables:
PATH=C:\WINDOWS\system32;C:\WINDOWS;C:\WINDOWS\System32\Wbem;C:\WINDOWS\System32\WindowsPowerShell\v1.0\;C:\WINDOWS\System32\OpenSSH\;C:\Program Files\dotnet\;C:\Program Files\Git\cmd;C:\Program Files (x86)\010 Editor v3;;C:\Program Files\Docker\Docker\resources\bin;C:\ProgramData\DockerDesktop\version-bin;C:\Users\nilsh\AppData\Roaming\local\bin;C:\Users\nilsh\.cargo\bin;C:\Users\nilsh\AppData\Local\Microsoft\WindowsApps;C:\Users\nilsh\.dotnet\tools;C:\Program Files\CMake\bin;;C:\Users\nilsh\AppData\Local\Programs\Microsoft VS Code\bin
USERNAME=nilsh
OS=Windows_NT
PROCESSOR_IDENTIFIER=Intel64 Family 6 Model 126 Stepping 5, GenuineIntel



---------------  S Y S T E M  ---------------

OS:
 Windows 10 , 64 bit Build 19041 (10.0.19041.804)
OS uptime: 0 days 0:58 hours
HyperV virtualization detected

CPU: total 8 (initial active 8) (4 cores per cpu, 2 threads per core) family 6 model 126 stepping 5 microcode 0xa0, cmov, cx8, fxsr, mmx, sse, sse2, sse3, ssse3, sse4.1, sse4.2, popcnt, vzeroupper, avx, avx2, aes, clmul, erms, 3dnowpref, lzcnt, ht, tsc, tscinvbit, bmi1, bmi2, adx, avx512f, avx512dq, avx512cd, avx512bw, avx512vl, avx512_vpopcntdq, avx512_vpclmulqdq, avx512_vbmi, avx512_vbmi2, avx512_vaes, avx512_vnni, sha, fma, clflush, clflushopt

Memory: 4k page, system-wide physical 16172M (8252M free)
TotalPageFile size 18604M (AvailPageFile size 9011M)
current process WorkingSet (physical memory assigned to process): 119M, peak: 128M
current process commit charge ("private bytes"): 402M, peak: 410M

vm_info: OpenJDK 64-Bit Server VM (15.0.2+7-27) for windows-amd64 JRE (15.0.2+7-27), built on Dec  7 2020 20:02:38 by "mach5one" with unknown MS VC++:1925

END.
